2013-02-27 14:25:00|   0.1|  0.1|INFORM|Feature Manipulation Engine 2012 SP2 (20120417 - Build 12238 - WIN64)
2013-02-27 14:25:00|   0.1|  0.0|INFORM|FME_HOME is 'C:\Program Files\FME\'
2013-02-27 14:25:00|   0.1|  0.0|INFORM|FME ESRI Edition (node locked-crc)
2013-02-27 14:25:00|   0.1|  0.0|INFORM|Serial Number: SAF000971
2013-02-27 14:25:00|   0.1|  0.0|INFORM|Permanent License.
2013-02-27 14:25:00|   0.1|  0.0|INFORM|Machine host name is: VTCW0105
2013-02-27 14:25:00|   0.1|  0.0|INFORM|START - ProcessID: 6536, peak process memory usage: 31408 kB, current process memory usage: 31324 kB
2013-02-27 14:25:00|   0.1|  0.0|INFORM|FME Configuration: Command line arguments are `C:\Program Files\FME\fme.exe' `C:\AndrewRoss\Work\AR_Whistler\FME\wb-xlate-1362003899685_8696' `LOG_STANDARDOUT' `YES' `LogCount' `C:\Users\aross\AppData\Local\Temp\wb-xlate-counts-1362003899690_8696'
2013-02-27 14:25:00|   0.1|  0.0|INFORM|Shared directories for formats are : C:\Program Files\FME\datasources;G:\BusinessIntelligence\Data\Resource\FME\Formats;C:\AndrewRoss\FME\Formats
2013-02-27 14:25:00|   0.1|  0.0|INFORM|Shared directories for transformers are : F:\My Documents\FME\Transformers;C:\Program Files\FME\transformers;G:\BusinessIntelligence\Data\Resource\FME\Transformers;C:\AndrewRoss\FME\Transformers;C:\Users\aross\AppData\Roaming\Safe Software\FME\FME Store\Transformers
2013-02-27 14:25:00|   0.1|  0.0|INFORM|Shared directories for coordinate systems are : G:\BusinessIntelligence\Data\Resource\FME\CoordinateSystems;C:\AndrewRoss\FME\CoordinateSystems
2013-02-27 14:25:00|   0.1|  0.0|INFORM|Shared directories for coordinate system exceptions are : G:\BusinessIntelligence\Data\Resource\FME\CoordinateSystemExceptions;C:\AndrewRoss\FME\CoordinateSystemExceptions
2013-02-27 14:25:00|   0.1|  0.0|INFORM|Shared directories for transformer categories are : G:\BusinessIntelligence\Data\Resource\FME\TransformerCategories;C:\AndrewRoss\FME\TransformerCategories
2013-02-27 14:25:00|   0.1|  0.0|INFORM|FME Configuration: Reader Keyword is `SHAPE_1'
2013-02-27 14:25:00|   0.1|  0.0|INFORM|FME Configuration: Writer Keyword is `SHAPE_2'
2013-02-27 14:25:00|   0.1|  0.0|INFORM|FME Configuration: Writer Group Definition Keyword is `SHAPE_2_DEF'
2013-02-27 14:25:00|   0.1|  0.0|INFORM|FME Configuration: Reader type is `SHAPE'
2013-02-27 14:25:00|   0.1|  0.0|INFORM|FME Configuration: Writer type is `SHAPE'
2013-02-27 14:25:00|   0.1|  0.0|INFORM|FME Configuration: No destination coordinate system set
2013-02-27 14:25:00|   0.1|  0.0|INFORM|FME Configuration: Geometry Handling Mode is `Enhanced' 
2013-02-27 14:25:00|   0.1|  0.0|INFORM|FME Configuration: Current working directory is `C:\AndrewRoss\Work\AR_Whistler\FME'
2013-02-27 14:25:00|   0.1|  0.0|INFORM|FME Configuration: Temporary directory is `C:\Users\aross\AppData\Local\Temp'
2013-02-27 14:25:00|   0.1|  0.0|INFORM|FME Configuration: FME_HOME is `C:\Program Files\FME\'
2013-02-27 14:25:00|   0.1|  0.0|INFORM|FME Configuration: FME_BASE is 'no'
2013-02-27 14:25:00|   0.1|  0.0|INFORM|FME Configuration: FME_MF_DIR is 'C:\AndrewRoss\Work\AR_Whistler\FME/'
2013-02-27 14:25:00|   0.1|  0.0|INFORM|FME Configuration: FME_MF_NAME is 'checkAPCopenclose.fmw'
2013-02-27 14:25:00|   0.1|  0.0|INFORM|FME Configuration: FME_PRODUCT_NAME is 'FME(R) 2012 SP2'
2013-02-27 14:25:00|   0.1|  0.0|INFORM|System Status: 80386MB of disk space available in the FME temporary directory (C:\Users\aross\AppData\Local\Temp\)
2013-02-27 14:25:00|   0.1|  0.0|INFORM|System Status: 8388429MB of virtual memory available
2013-02-27 14:25:00|   0.1|  0.0|INFORM|Operating System: Microsoft Windows 7 x64 Service Pack 1 (Build 7601)
2013-02-27 14:25:00|   0.1|  0.0|INFORM|FME Platform: WIN64
2013-02-27 14:25:00|   0.1|  0.0|INFORM|Locale: en_CA
2013-02-27 14:25:00|   0.1|  0.0|INFORM|Code Page: 1252  (ANSI - Latin I)
2013-02-27 14:25:00|   0.1|  0.0|INFORM|FME Configuration: Process limit is 8150 MB (out of 8150 MB physical memory and 8388607 MB address space)
2013-02-27 14:25:00|   0.1|  0.0|INFORM|FME Configuration: Start freeing memory when process usage exceeds 4890 MB of memory or 8388007 MB of address space
2013-02-27 14:25:00|   0.1|  0.0|INFORM|FME Configuration: Stop freeing memory when process usage is below 3667 MB of memory and 6291005 MB of address space
2013-02-27 14:25:00|   0.1|  0.0|INFORM|FME Configuration: Autodetermining optimal maximum number of objects in memory
2013-02-27 14:25:00|   0.1|  0.0|INFORM|Using Shape Reader $Revision: 87058 $ ( $Date: 2012-03-06 13:27:58 -0800 (Tue, 06 Mar 2012) $ ) to read shape files from directory `C:\AndrewRoss\Basedata\Transit\Stops/'
2013-02-27 14:25:00|   0.1|  0.0|INFORM|SHAPE_1 Reader: Using enhanced geometry
2013-02-27 14:25:00|   0.1|  0.0|INFORM|Shape Reader: Allowing attribute names with mixed case
2013-02-27 14:25:00|   0.1|  0.0|INFORM|Opened Shape File C:\AndrewRoss\Basedata\Transit\Stops\BusStops.shp for input
2013-02-27 14:25:00|   0.1|  0.0|INFORM|Opened DBF File 'C:\AndrewRoss\Basedata\Transit\Stops\BusStops.dbf' for input
2013-02-27 14:25:00|   0.1|  0.0|INFORM|DBF File 'C:\AndrewRoss\Basedata\Transit\Stops\BusStops.dbf' has fields: STOPID number(7,0), STOPNAME char(75), STOPCLASS number(2,0), LATITUDE number(15,10), LONGITUDE number(15,10), STATUS char(14), BCTREGION char(35), REGDIST char(35), BCTSYSTEM char(35), EXCHANGE char(35), PARKNRIDE char(35), AREANAME char(35), ADDNUMBER number(6,0), ADDSTREET char(35), ADDCITY char(35), STOPOWNER char(35), STOPRESP char(1), SBOWNER char(35), SBRESP char(35), BSSIGNAGE number(2,0), STOPIDDIS number(2,0), SIGNPOST number(2,0), SCHEDHOLD number(2,0), RTID number(2,0), BENCH number(2,0), SHELTER number(2,0), MAPDISPLAY number(2,0), ADVERT number(2,0), GARBAGEBIN number(2,0), HEATING number(2,0), LIGHTING number(2,0), SHADE number(2,0), ACCESSIBLE number(2,0), SURFACE number(2,0), CSD number(2,0), CURBHEIGHT number(3,0), CPLA number(2,0), TGSI number(2,0), SIDEWALK number(2,0), COMMENTS char(254), MODDATE date
2013-02-27 14:25:00|   0.3|  0.2|INFORM|Predefined coordinate system `BCALB-83' (Albers Equal Area, Province of British Columbia, Canada) matches dataset coordinate system 
2013-02-27 14:25:00|   0.3|  0.0|INFORM|The OGC definition of the FME coordinate system 'BCALB-83' is 'PROJCS["NAD83 / BC Albers",GEOGCS["GCS_North_American_1983",DATUM["D_North_American_1983",SPHEROID["Geodetic_Reference_System_of_1980",6378137,298.2572221009113]],PRIMEM["Greenwich",0],UNIT["Degree",0.017453292519943295]],PROJECTION["Albers"],PARAMETER["standard_parallel_1",50],PARAMETER["standard_parallel_2",58.5],PARAMETER["latitude_of_origin",45],PARAMETER["central_meridian",-126],PARAMETER["false_easting",1000000],PARAMETER["false_northing",0],UNIT["Meter",1]]'
2013-02-27 14:25:00|   0.3|  0.0|INFORM|FME Configuration: Source coordinate system for reader SHAPE_1[SHAPE] set to `BCALB-83' as read from input data
2013-02-27 14:25:00|   0.3|  0.0|INFORM|Coordinate System `BCALB-83' parameters: CS_NAME=`BCALB-83' DESC_NM=`Albers Equal Area, Province of British Columbia, Canada' DT_NAME=`NAD83' EPSG=`3005' ESRI_WKT=`PROJCS["NAD83 / BC Albers",GEOGCS["GCS_North_American_1983",DATUM["D_North_American_1983",SPHEROID["Geodetic_Reference_System_of_1980",6378137,298.2572221009113]],PRIMEM["Greenwich",0],UNIT["Degree",0.017453292519943295]],PROJECTION["Albers"],PARAMETER["standard_parallel_1",50],PARAMETER["standard_parallel_2",58.5],PARAMETER["latitude_of_origin",45],PARAMETER["central_meridian",-126],PARAMETER["false_easting",1000000],PARAMETER["false_northing",0],UNIT["Meter",1]]' GROUP=`CANADA' MAP_SCL=`1' ORG_LAT=`45' ORG_LNG=`-126' PARM1=`50' PARM2=`58.5' PROJ=`AE' QUAD=`1' SCL_RED=`1' UNIT=`METER' X_OFF=`1000000' 
2013-02-27 14:25:00|   0.3|  0.0|INFORM|Coordinate System `BCALB-83' as OGC Well Known Text: PROJCS["Albers Equal Area, Province of British Columbia, Canada",GEOGCS["NAD83",DATUM["North_American_Datum_1983",SPHEROID["Geodetic Reference System of 1980",6378137,298.2572221009113,AUTHORITY["EPSG","7019"]],AUTHORITY["EPSG","6269"]],PRIMEM["Greenwich",0],UNIT["degree",0.0174532925199433],AUTHORITY["EPSG","4269"]],PROJECTION["Albers_Conic_Equal_Area"],PARAMETER["standard_parallel_1",50],PARAMETER["standard_parallel_2",58.5],PARAMETER["latitude_of_center",45],PARAMETER["longitude_of_center",-126],PARAMETER["false_easting",1000000],PARAMETER["false_northing",0],UNIT["METER",1],AUTHORITY["EPSG","3005"]]
2013-02-27 14:25:00|   0.3|  0.0|INFORM|Using Shape Writer $Revision: 78962 $ ( $Date: 2011-05-04 16:50:26 -0700 (Wed, 04 May 2011) $ ) to write shape files to directory `C:\AndrewRoss\Work\AR_Whistler\Data'
2013-02-27 14:25:00|   0.3|  0.0|INFORM|Shape Writer: Enabling Strict compatibility
2013-02-27 14:25:00|   0.3|  0.0|INFORM|Loaded module 'LogCount_func' from file 'C:\Program Files\FME\plugins/LogCount_func.dll'
2013-02-27 14:25:00|   0.3|  0.0|INFORM|FME API version of module 'LogCount_func' matches current internal version (3.7 20111219)
2013-02-27 14:25:00|   0.3|  0.0|INFORM|Loaded module 'QueryFactory' from file 'C:\Program Files\FME\plugins/QueryFactory.dll'
2013-02-27 14:25:00|   0.3|  0.0|INFORM|FME API version of module 'QueryFactory' matches current internal version (3.7 20111219)
2013-02-27 14:25:00|   0.3|  0.0|INFORM|FME Configuration: Using FME Reprojection Engine
2013-02-27 14:25:01|   0.5|  0.2|INFORM|Transformer 'NeighborFinder' successfully loaded
2013-02-27 14:25:01|   0.5|  0.0|INFORM|The current FME license has limited the number of workers to `16'
2013-02-27 14:25:01|   0.5|  0.0|INFORM|NeighborFinder: The Parallel processing level of `AGGRESSIVE' has requested `6' workers
2013-02-27 14:25:01|   0.5|  0.0|INFORM|Shape Reader: Bounding box of shapefile `C:\AndrewRoss\Basedata\Transit\Stops\BUSSTOPS' is: (1163682.81136381,372486.368156774),(1477941.94588088,665856.924213917)
2013-02-27 14:25:01|   0.5|  0.0|INFORM|Shape Reader: Bounding box of shapefile(s) selected from directory `C:\AndrewRoss\Basedata\Transit\Stops/' is: (1163682.81136381,372486.368156774),(1477941.94588088,665856.924213917)
2013-02-27 14:25:01|   0.6|  0.1|INFORM|Trying to find a DYNAMIC plugin for reader named `SQLITE3'
2013-02-27 14:25:01|   0.6|  0.0|INFORM|Loaded module 'SQLITE3' from file 'C:\Program Files\FME\plugins/SQLITE3.dll'
2013-02-27 14:25:01|   0.6|  0.0|INFORM|FME API version of module 'SQLITE3' matches current internal version (3.7 20111219)
2013-02-27 14:25:01|   0.7|  0.0|INFORM|APC(QueryFactory): Performing query against SQLITE3 dataset `C:\AndrewRoss\Work\AR_Whistler\Data\whistlerData02.db'
2013-02-27 14:25:01|   0.7|  0.0|INFORM|SQLite 3 Reader: Opening `C:\AndrewRoss\Work\AR_Whistler\Data\whistlerData02.db' for read operation
2013-02-27 14:25:03|   3.0|  2.3|INFORM|SQLite 3 Reader: Database read complete.  Retrieved 106824 feature(s)
2013-02-27 14:25:03|   3.0|  0.0|WARN  |Unable to perform requested parallel processing because group by is empty
2013-02-27 14:25:03|   3.2|  0.2|INFORM|Reading source feature # 2500
2013-02-27 14:25:03|   3.3|  0.1|INFORM|Emptying factory pipeline
2013-02-27 14:25:03|   3.3|  0.0|STATS |Unexpected Input Remover(TestFactory): Tested 4471 input feature(s) -- 4471 feature(s) passed and 0 feature(s) failed
2013-02-27 14:25:03|   3.3|  0.0|STATS |Unexpected Input Remover Nuker(TeeFactory): Cloned 0 input feature(s) into 0 output feature(s)
2013-02-27 14:25:03|   3.3|  0.0|STATS |Source -> Generic(TeeFactory): Cloned 4471 input feature(s) into 4471 output feature(s)
2013-02-27 14:25:03|   3.3|  0.0|STATS |BusStops Feature Counter -1 10(TeeFactory): Cloned 4471 input feature(s) into 4471 output feature(s)
2013-02-27 14:25:03|   3.3|  0.0|STATS |APC_Creator(CreationFactory): Created 1 features
2013-02-27 14:25:03|   3.3|  0.0|INFORM|SQLite 3 Reader: Closing `C:\AndrewRoss\Work\AR_Whistler\Data\whistlerData02.db' . Read operation complete
2013-02-27 14:25:03|   3.3|  0.0|STATS |APC_RESULT Feature Counter -1 2(TeeFactory): Cloned 106824 input feature(s) into 106824 output feature(s)
2013-02-27 14:25:03|   3.3|  0.0|STATS |Tester(TestFactory): Tested 106824 input feature(s) -- 40491 feature(s) passed and 66333 feature(s) failed
2013-02-27 14:25:03|   3.3|  0.0|STATS |Tester_PASSED Feature Counter -1 4(TeeFactory): Cloned 40491 input feature(s) into 40491 output feature(s)
2013-02-27 14:25:03|   3.3|  0.0|INFORM|Sorter(SortFactory): Starting sorting 40491 feature(s)
2013-02-27 14:25:03|   3.3|  0.0|INFORM|Sorter(SortFactory): Done sorting 40491 feature(s)
2013-02-27 14:25:04|   3.5|  0.2|INFORM|Sorter(SortFactory): Completed 9.88% of intermediate processing
2013-02-27 14:25:04|   3.7|  0.2|INFORM|Sorter(SortFactory): Completed 22.23% of intermediate processing
2013-02-27 14:25:04|   4.0|  0.2|INFORM|Sorter(SortFactory): Completed 34.58% of intermediate processing
2013-02-27 14:25:04|   4.2|  0.2|INFORM|Sorter(SortFactory): Completed 46.92% of intermediate processing
2013-02-27 14:25:04|   4.4|  0.2|INFORM|Sorter(SortFactory): Completed 59.27% of intermediate processing
2013-02-27 14:25:05|   4.7|  0.2|INFORM|Sorter(SortFactory): Completed 71.62% of intermediate processing
2013-02-27 14:25:05|   4.9|  0.2|INFORM|Sorter(SortFactory): Completed 83.97% of intermediate processing
2013-02-27 14:25:05|   5.2|  0.2|INFORM|Sorter(SortFactory): Completed 96.32% of intermediate processing
2013-02-27 14:25:05|   5.3|  0.1|STATS |Sorter(SortFactory): Sorted 40491 feature(s)
2013-02-27 14:25:05|   5.3|  0.0|STATS |Sorter_SORTED Feature Counter -1 12(TeeFactory): Cloned 40491 input feature(s) into 40491 output feature(s)
2013-02-27 14:25:05|   5.3|  0.0|STATS |2DPointReplacer(TestFactory): Tested 40491 input feature(s) -- 0 feature(s) passed and 40491 feature(s) failed
2013-02-27 14:25:05|   5.3|  0.0|STATS |2DPointReplacer_POINT Feature Counter -1 15(TeeFactory): Cloned 40491 input feature(s) into 40491 output feature(s)
2013-02-27 14:25:05|   5.3|  0.0|STATS |Reprojector(TeeFactory): Cloned 40491 input feature(s) into 40491 output feature(s)
2013-02-27 14:25:05|   5.3|  0.0|STATS |Reprojector_REPROJECTED Feature Counter -1 16(TeeFactory): Cloned 40491 input feature(s) into 40491 output feature(s)
2013-02-27 14:25:05|   5.3|  0.0|INFORM|Processing base feature(s)...
2013-02-27 14:25:05|   5.3|  0.0|STATS |Storing feature(s) to FME feature store file `C:\Users\aross\AppData\Local\Temp\checkAPCopenclose_142500\inspector.ffs'
2013-02-27 14:25:05|   5.3|  0.0|INFORM|Shape Writer: Writing shape file using character encoding `ANSI'
2013-02-27 14:25:05|   5.3|  0.0|INFORM|Opened Shape File C:\AndrewRoss\Work\AR_Whistler\Data\apc_nostop.shp for output
2013-02-27 14:25:05|   5.3|  0.0|INFORM|Opened DBF file 'C:\AndrewRoss\Work\AR_Whistler\Data\apc_nostop.dbf' for output
2013-02-27 14:25:05|   5.3|  0.0|INFORM|DBF Writer: Writing DBF file using character encoding `ANSI'
2013-02-27 14:25:05|   5.3|  0.0|INFORM|Shape Writer: Writing shape file using character encoding `ANSI'
2013-02-27 14:25:05|   5.3|  0.0|INFORM|Opened Shape File C:\AndrewRoss\Work\AR_Whistler\Data\apc_stop.shp for output
2013-02-27 14:25:05|   5.3|  0.0|INFORM|Opened DBF file 'C:\AndrewRoss\Work\AR_Whistler\Data\apc_stop.dbf' for output
2013-02-27 14:25:05|   5.3|  0.0|INFORM|DBF Writer: Writing DBF file using character encoding `ANSI'
2013-02-27 14:25:10|   9.4|  4.1|INFORM|Processing 52.85% complete
2013-02-27 14:25:13|  13.1|  3.7|STATS |NeighborFinder::NeighborFinder(ProximityFactory): Input Summary:  40491 base feature(s), 4471 candidate feature(s)
2013-02-27 14:25:13|  13.1|  0.0|STATS |NeighborFinder::NeighborFinder(ProximityFactory): Output Summary: 39142 matched feature(s), 1349 unmatched base feature(s)
2013-02-27 14:25:13|  13.1|  0.0|STATS |NeighborFinder MATCHED Splitter(TeeFactory): Cloned 39142 input feature(s) into 78284 output feature(s)
2013-02-27 14:25:13|  13.1|  0.0|STATS |NeighborFinder UNMATCHED_BASE Splitter(TeeFactory): Cloned 1349 input feature(s) into 2698 output feature(s)
2013-02-27 14:25:13|  13.1|  0.0|STATS |NeighborFinder_MATCHED_0 Feature Counter -1 17(TeeFactory): Cloned 39142 input feature(s) into 39142 output feature(s)
2013-02-27 14:25:13|  13.1|  0.0|STATS |NeighborFinder_MATCHED_1 Feature Counter -1 21(TeeFactory): Cloned 39142 input feature(s) into 39142 output feature(s)
2013-02-27 14:25:13|  13.1|  0.0|STATS |NeighborFinder_UNMATCHED_BASE_0 Feature Counter -1 19(TeeFactory): Cloned 1349 input feature(s) into 1349 output feature(s)
2013-02-27 14:25:13|  13.1|  0.0|STATS |NeighborFinder_UNMATCHED_BASE_1 Feature Counter -1 24(TeeFactory): Cloned 1349 input feature(s) into 1349 output feature(s)
2013-02-27 14:25:13|  13.1|  0.0|STATS |NeighborFinder_UNMATCHED_BASE_DirCreator(CreationFactory): Created 1 features
2013-02-27 14:25:13|  13.1|  0.0|STATS |NeighborFinder_UNMATCHED_BASE_DirCreatorCleanerUpper(TeeFactory): Cloned 1 input feature(s) into 0 output feature(s)
2013-02-27 14:25:13|  13.1|  0.0|STATS |NeighborFinder_UNMATCHED_BASE_FeatureDirector(TestFactory): Tested 1349 input feature(s) -- 0 feature(s) passed and 1349 feature(s) failed
2013-02-27 14:25:13|  13.1|  0.0|STATS |NeighborFinder_UNMATCHED_BASE___FeatureDirector1(TestFactory): Tested 1349 input feature(s) -- 0 feature(s) passed and 1349 feature(s) failed
2013-02-27 14:25:13|  13.1|  0.0|STATS |NeighborFinder_UNMATCHED_BASE_VectorSetterUpper(TeeFactory): Cloned 1349 input feature(s) into 1349 output feature(s)
2013-02-27 14:25:13|  13.1|  0.0|STATS |NeighborFinder_UNMATCHED_BASE___PointCloudThinner(TeeFactory): Cloned 0 input feature(s) into 0 output feature(s)
2013-02-27 14:25:13|  13.1|  0.0|STATS |NeighborFinder_UNMATCHED_BASE_RasterSetterUpper(TeeFactory): Cloned 0 input feature(s) into 0 output feature(s)
2013-02-27 14:25:13|  13.1|  0.0|INFORM|NeighborFinder_UNMATCHED_BASE_Recorder(RecorderFactory): Recorded 1349 feature(s) to file `C:\Users\aross\AppData\Local\Temp\checkAPCopenclose_142500\inspector.ffs'
2013-02-27 14:25:13|  13.1|  0.0|STATS |NeighborFinder_MATCHED_DirCreator(CreationFactory): Created 1 features
2013-02-27 14:25:13|  13.1|  0.0|STATS |NeighborFinder_MATCHED_DirCreatorCleanerUpper(TeeFactory): Cloned 1 input feature(s) into 0 output feature(s)
2013-02-27 14:25:13|  13.1|  0.0|STATS |NeighborFinder_MATCHED_FeatureDirector(TestFactory): Tested 39142 input feature(s) -- 0 feature(s) passed and 39142 feature(s) failed
2013-02-27 14:25:13|  13.1|  0.0|STATS |NeighborFinder_MATCHED___FeatureDirector1(TestFactory): Tested 39142 input feature(s) -- 0 feature(s) passed and 39142 feature(s) failed
2013-02-27 14:25:13|  13.1|  0.0|STATS |NeighborFinder_MATCHED_VectorSetterUpper(TeeFactory): Cloned 39142 input feature(s) into 39142 output feature(s)
2013-02-27 14:25:13|  13.1|  0.0|STATS |NeighborFinder_MATCHED___PointCloudThinner(TeeFactory): Cloned 0 input feature(s) into 0 output feature(s)
2013-02-27 14:25:13|  13.1|  0.0|STATS |NeighborFinder_MATCHED_RasterSetterUpper(TeeFactory): Cloned 0 input feature(s) into 0 output feature(s)
2013-02-27 14:25:13|  13.1|  0.0|STATS |Stored 40491 feature(s) to FME feature store file `C:\Users\aross\AppData\Local\Temp\checkAPCopenclose_142500\inspector.ffs'
2013-02-27 14:25:13|  13.1|  0.0|INFORM|Saving spatial index into file 'C:\Users\aross\AppData\Local\Temp\checkAPCopenclose_142500\inspector.fsi'
2013-02-27 14:25:13|  13.1|  0.0|INFORM|Finished saving spatial index into file 'C:\Users\aross\AppData\Local\Temp\checkAPCopenclose_142500\inspector.fsi'
2013-02-27 14:25:13|  13.1|  0.0|INFORM|NeighborFinder_MATCHED_Recorder(RecorderFactory): Recorded 39142 feature(s) to file `C:\Users\aross\AppData\Local\Temp\checkAPCopenclose_142500\inspector.ffs'
2013-02-27 14:25:13|  13.1|  0.0|STATS |NeighborFinder_MATCHED_1 -> apc_stop Correlator(TeeFactory): Cloned 39142 input feature(s) into 39142 output feature(s)
2013-02-27 14:25:13|  13.1|  0.0|STATS |NeighborFinder_UNMATCHED_BASE_1 -> apc_nostop Correlator(TeeFactory): Cloned 1349 input feature(s) into 1349 output feature(s)
2013-02-27 14:25:13|  13.1|  0.0|STATS |Final Output Feature Type Router(TestFactory): Tested 40491 input feature(s) -- 40491 feature(s) passed and 0 feature(s) failed
2013-02-27 14:25:13|  13.1|  0.0|STATS |Final Output Nuker(TeeFactory): Cloned 0 input feature(s) into 0 output feature(s)
2013-02-27 14:25:13|  13.1|  0.0|STATS |f_42(CreationFactory): Created 1 features
2013-02-27 14:25:13|  13.1|  0.0|STATS |f_43(TeeFactory): Cloned 1 input feature(s) into 0 output feature(s)
2013-02-27 14:25:13|  13.1|  0.0|STATS |=-=-=-=-=-=-=-=-=-=-=-=-=-=-=-=-=-=-=-=-=-=-=-=-=-=-=-=-=-=-=-=-=-=-=-=-=-=-=-
2013-02-27 14:25:13|  13.1|  0.0|STATS |                            Features Read Summary
2013-02-27 14:25:13|  13.1|  0.0|STATS |=-=-=-=-=-=-=-=-=-=-=-=-=-=-=-=-=-=-=-=-=-=-=-=-=-=-=-=-=-=-=-=-=-=-=-=-=-=-=-
2013-02-27 14:25:13|  13.1|  0.0|STATS |BusStops                                                                  4471
2013-02-27 14:25:14|  13.1|  0.0|STATS |==============================================================================
2013-02-27 14:25:14|  13.1|  0.0|STATS |Total Features Read                                                       4471
2013-02-27 14:25:14|  13.1|  0.0|STATS |=-=-=-=-=-=-=-=-=-=-=-=-=-=-=-=-=-=-=-=-=-=-=-=-=-=-=-=-=-=-=-=-=-=-=-=-=-=-=-
2013-02-27 14:25:14|  13.1|  0.0|STATS |=-=-=-=-=-=-=-=-=-=-=-=-=-=-=-=-=-=-=-=-=-=-=-=-=-=-=-=-=-=-=-=-=-=-=-=-=-=-=-
2013-02-27 14:25:14|  13.1|  0.0|STATS |                           Features Written Summary
2013-02-27 14:25:14|  13.1|  0.0|STATS |=-=-=-=-=-=-=-=-=-=-=-=-=-=-=-=-=-=-=-=-=-=-=-=-=-=-=-=-=-=-=-=-=-=-=-=-=-=-=-
2013-02-27 14:25:14|  13.1|  0.0|STATS |apc_nostop (apc_nostop)                                                   1349
2013-02-27 14:25:14|  13.1|  0.0|STATS |apc_stop (apc_stop)                                                      39142
2013-02-27 14:25:14|  13.1|  0.0|STATS |==============================================================================
2013-02-27 14:25:14|  13.1|  0.0|STATS |Total Features Written                                                   40491
2013-02-27 14:25:14|  13.1|  0.0|STATS |=-=-=-=-=-=-=-=-=-=-=-=-=-=-=-=-=-=-=-=-=-=-=-=-=-=-=-=-=-=-=-=-=-=-=-=-=-=-=-
2013-02-27 14:25:14|  13.1|  0.0|INFORM|Translation was SUCCESSFUL with 1 warning(s) (40491 feature(s) output)
2013-02-27 14:25:14|  13.1|  0.0|INFORM|FME Session Duration: 13.9 seconds. (CPU: 11.9s user, 1.1s system)
2013-02-27 14:25:14|  13.1|  0.0|INFORM|END - ProcessID: 6536, peak process memory usage: 275600 kB, current process memory usage: 266572 kB
