2013-02-15 13:30:34|   0.1|  0.1|INFORM|Feature Manipulation Engine 2012 SP2 (20120417 - Build 12238 - WIN64)
2013-02-15 13:30:34|   0.1|  0.0|INFORM|FME_HOME is 'C:\Program Files\FME\'
2013-02-15 13:30:34|   0.1|  0.0|INFORM|FME ESRI Edition (node locked-crc)
2013-02-15 13:30:34|   0.1|  0.0|INFORM|Serial Number: SAF000971
2013-02-15 13:30:34|   0.1|  0.0|INFORM|Permanent License.
2013-02-15 13:30:34|   0.1|  0.0|INFORM|Machine host name is: VTCW0105
2013-02-15 13:30:34|   0.1|  0.0|INFORM|START - ProcessID: 10320, peak process memory usage: 31832 kB, current process memory usage: 31748 kB
2013-02-15 13:30:34|   0.1|  0.0|INFORM|FME Configuration: Command line arguments are `C:\Program Files\FME\fme.exe' `C:\AndrewRoss\Work\AR_Whistler\FME\wb-xlate-1360963833779_10848' `LOG_STANDARDOUT' `YES' `LogCount' `C:\Users\aross\AppData\Local\Temp\wb-xlate-counts-1360963833782_10848'
2013-02-15 13:30:34|   0.1|  0.0|INFORM|Shared directories for formats are : C:\Program Files\FME\datasources;G:\BusinessIntelligence\Data\Resource\FME\Formats;C:\AndrewRoss\FME\Formats
2013-02-15 13:30:34|   0.1|  0.0|INFORM|Shared directories for transformers are : F:\My Documents\FME\Transformers;C:\Program Files\FME\transformers;G:\BusinessIntelligence\Data\Resource\FME\Transformers;C:\AndrewRoss\FME\Transformers;C:\Users\aross\AppData\Roaming\Safe Software\FME\FME Store\Transformers
2013-02-15 13:30:34|   0.1|  0.0|INFORM|Shared directories for coordinate systems are : G:\BusinessIntelligence\Data\Resource\FME\CoordinateSystems;C:\AndrewRoss\FME\CoordinateSystems
2013-02-15 13:30:34|   0.1|  0.0|INFORM|Shared directories for coordinate system exceptions are : G:\BusinessIntelligence\Data\Resource\FME\CoordinateSystemExceptions;C:\AndrewRoss\FME\CoordinateSystemExceptions
2013-02-15 13:30:34|   0.1|  0.0|INFORM|Shared directories for transformer categories are : G:\BusinessIntelligence\Data\Resource\FME\TransformerCategories;C:\AndrewRoss\FME\TransformerCategories
2013-02-15 13:30:34|   0.1|  0.0|INFORM|FME Configuration: Reader Keyword is `NULL_SOURCE'
2013-02-15 13:30:34|   0.1|  0.0|INFORM|FME Configuration: Writer Keyword is `SHAPE_1'
2013-02-15 13:30:34|   0.1|  0.0|INFORM|FME Configuration: Writer Group Definition Keyword is `SHAPE_1_DEF'
2013-02-15 13:30:34|   0.1|  0.0|INFORM|FME Configuration: Reader type is `NULL'
2013-02-15 13:30:34|   0.1|  0.0|INFORM|FME Configuration: Writer type is `SHAPE'
2013-02-15 13:30:34|   0.1|  0.0|INFORM|FME Configuration: No destination coordinate system set
2013-02-15 13:30:34|   0.1|  0.0|INFORM|FME Configuration: Geometry Handling Mode is `Enhanced' 
2013-02-15 13:30:34|   0.1|  0.0|INFORM|FME Configuration: Current working directory is `C:\AndrewRoss\Work\AR_Whistler\FME'
2013-02-15 13:30:34|   0.1|  0.0|INFORM|FME Configuration: Temporary directory is `C:\Users\aross\AppData\Local\Temp'
2013-02-15 13:30:34|   0.1|  0.0|INFORM|FME Configuration: FME_HOME is `C:\Program Files\FME\'
2013-02-15 13:30:34|   0.1|  0.0|INFORM|FME Configuration: FME_BASE is 'no'
2013-02-15 13:30:34|   0.1|  0.0|INFORM|FME Configuration: FME_MF_DIR is 'C:\AndrewRoss\Work\AR_Whistler\FME/'
2013-02-15 13:30:34|   0.1|  0.0|INFORM|FME Configuration: FME_MF_NAME is 'generateGFI_MATCHshp.fmw'
2013-02-15 13:30:34|   0.1|  0.0|INFORM|FME Configuration: FME_PRODUCT_NAME is 'FME(R) 2012 SP2'
2013-02-15 13:30:34|   0.1|  0.0|INFORM|System Status: 80550MB of disk space available in the FME temporary directory (C:\Users\aross\AppData\Local\Temp\)
2013-02-15 13:30:34|   0.1|  0.0|INFORM|System Status: 8388435MB of virtual memory available
2013-02-15 13:30:34|   0.1|  0.0|INFORM|Operating System: Microsoft Windows 7 x64 Service Pack 1 (Build 7601)
2013-02-15 13:30:34|   0.1|  0.0|INFORM|FME Platform: WIN64
2013-02-15 13:30:34|   0.1|  0.0|INFORM|Locale: en_CA
2013-02-15 13:30:34|   0.1|  0.0|INFORM|Code Page: 1252  (ANSI - Latin I)
2013-02-15 13:30:34|   0.1|  0.0|INFORM|FME Configuration: Process limit is 8150 MB (out of 8150 MB physical memory and 8388607 MB address space)
2013-02-15 13:30:34|   0.1|  0.0|INFORM|FME Configuration: Start freeing memory when process usage exceeds 4890 MB of memory or 8388007 MB of address space
2013-02-15 13:30:34|   0.1|  0.0|INFORM|FME Configuration: Stop freeing memory when process usage is below 3667 MB of memory and 6291005 MB of address space
2013-02-15 13:30:34|   0.1|  0.0|INFORM|FME Configuration: Autodetermining optimal maximum number of objects in memory
2013-02-15 13:30:34|   0.1|  0.0|INFORM|Trying to find a DYNAMIC plugin for reader named `NULL'
2013-02-15 13:30:34|   0.1|  0.0|INFORM|Loaded module 'NULL' from file 'C:\Program Files\FME\plugins/NULL.dll'
2013-02-15 13:30:34|   0.1|  0.0|INFORM|FME API version of module 'NULL' matches current internal version (3.7 20111219)
2013-02-15 13:30:34|   0.1|  0.0|INFORM|Using Shape Writer $Revision: 78962 $ ( $Date: 2011-05-04 16:50:26 -0700 (Wed, 04 May 2011) $ ) to write shape files to directory `C:\AndrewRoss\Work\AR_Whistler\Data'
2013-02-15 13:30:34|   0.1|  0.0|INFORM|Shape Writer: Enabling Strict compatibility
2013-02-15 13:30:34|   0.1|  0.0|INFORM|Loaded module 'QueryFactory' from file 'C:\Program Files\FME\plugins/QueryFactory.dll'
2013-02-15 13:30:34|   0.1|  0.0|INFORM|FME API version of module 'QueryFactory' matches current internal version (3.7 20111219)
2013-02-15 13:30:34|   0.1|  0.0|INFORM|Loaded module 'LogCount_func' from file 'C:\Program Files\FME\plugins/LogCount_func.dll'
2013-02-15 13:30:34|   0.1|  0.0|INFORM|FME API version of module 'LogCount_func' matches current internal version (3.7 20111219)
2013-02-15 13:30:34|   0.1|  0.0|INFORM|FME Configuration: Using FME Reprojection Engine
2013-02-15 13:30:34|   0.1|  0.0|INFORM|Emptying factory pipeline
2013-02-15 13:30:34|   0.2|  0.0|INFORM|Trying to find a DYNAMIC plugin for reader named `SQLITE3'
2013-02-15 13:30:34|   0.2|  0.0|INFORM|Loaded module 'SQLITE3' from file 'C:\Program Files\FME\plugins/SQLITE3.dll'
2013-02-15 13:30:34|   0.2|  0.0|INFORM|FME API version of module 'SQLITE3' matches current internal version (3.7 20111219)
2013-02-15 13:30:34|   0.2|  0.0|INFORM|SQLCreator(QueryFactory): Performing query against SQLITE3 dataset `C:\AndrewRoss\Work\AR_Whistler\Data\whistlerData.db'
2013-02-15 13:30:34|   0.2|  0.0|WARN  |Semicolons detected in SQL. May need to use FME_SQL_DELIMITER keyword to specify a delimiter. SQL is: 'select GFI.BUS,GFI.TIMESTAMP,LAT,LON from GFI,GFIMATCH
where GFI.BUS = GFIMATCH.BUS and GFI.TIMESTAMP=GFIMATCH.TIMESTAMP
and GFIMATCH.LAT notnull;'
2013-02-15 13:30:34|   0.2|  0.0|INFORM|SQLite 3 Reader: Opening `C:\AndrewRoss\Work\AR_Whistler\Data\whistlerData.db' for read operation
2013-02-15 13:30:34|   0.5|  0.3|INFORM|Shape Writer: Writing shape file using character encoding `ANSI'
2013-02-15 13:30:34|   0.5|  0.0|INFORM|Opened Shape File C:\AndrewRoss\Work\AR_Whistler\Data\gfi_match.shp for output
2013-02-15 13:30:34|   0.5|  0.0|INFORM|Opened DBF file 'C:\AndrewRoss\Work\AR_Whistler\Data\gfi_match.dbf' for output
2013-02-15 13:30:34|   0.5|  0.0|INFORM|DBF Writer: Writing DBF file using character encoding `ANSI'
2013-02-15 13:30:36|   2.1|  1.6|INFORM|SQLite 3 Reader: Database read complete.  Retrieved 21149 feature(s)
2013-02-15 13:30:36|   2.1|  0.0|STATS |SQLCreator_Creator(CreationFactory): Created 1 features
2013-02-15 13:30:36|   2.1|  0.0|INFORM|SQLite 3 Reader: Closing `C:\AndrewRoss\Work\AR_Whistler\Data\whistlerData.db' . Read operation complete
2013-02-15 13:30:36|   2.1|  0.0|STATS |SQLCreator_RESULT Feature Counter -1 2(TeeFactory): Cloned 21149 input feature(s) into 21149 output feature(s)
2013-02-15 13:30:36|   2.1|  0.0|STATS |2DPointReplacer(TestFactory): Tested 21149 input feature(s) -- 0 feature(s) passed and 21149 feature(s) failed
2013-02-15 13:30:36|   2.1|  0.0|STATS |2DPointReplacer_POINT Feature Counter -1 4(TeeFactory): Cloned 21149 input feature(s) into 21149 output feature(s)
2013-02-15 13:30:36|   2.1|  0.0|STATS |Reprojector(TeeFactory): Cloned 21149 input feature(s) into 21149 output feature(s)
2013-02-15 13:30:36|   2.1|  0.0|STATS |Reprojector_REPROJECTED Feature Counter -1 6(TeeFactory): Cloned 21149 input feature(s) into 21149 output feature(s)
2013-02-15 13:30:36|   2.1|  0.0|STATS |Reprojector_REPROJECTED -> gfi_match Correlator(TeeFactory): Cloned 21149 input feature(s) into 21149 output feature(s)
2013-02-15 13:30:36|   2.1|  0.0|STATS |Final Output Feature Type Router(TestFactory): Tested 21149 input feature(s) -- 21149 feature(s) passed and 0 feature(s) failed
2013-02-15 13:30:36|   2.1|  0.0|STATS |Final Output Nuker(TeeFactory): Cloned 0 input feature(s) into 0 output feature(s)
2013-02-15 13:30:36|   2.1|  0.0|STATS |=-=-=-=-=-=-=-=-=-=-=-=-=-=-=-=-=-=-=-=-=-=-=-=-=-=-=-=-=-=-=-=-=-=-=-=-=-=-=-
2013-02-15 13:30:36|   2.1|  0.0|STATS |                            Features Read Summary
2013-02-15 13:30:36|   2.1|  0.0|STATS |=-=-=-=-=-=-=-=-=-=-=-=-=-=-=-=-=-=-=-=-=-=-=-=-=-=-=-=-=-=-=-=-=-=-=-=-=-=-=-
2013-02-15 13:30:36|   2.1|  0.0|STATS |==============================================================================
2013-02-15 13:30:36|   2.1|  0.0|STATS |Total Features Read                                                          0
2013-02-15 13:30:36|   2.1|  0.0|STATS |=-=-=-=-=-=-=-=-=-=-=-=-=-=-=-=-=-=-=-=-=-=-=-=-=-=-=-=-=-=-=-=-=-=-=-=-=-=-=-
2013-02-15 13:30:36|   2.1|  0.0|STATS |=-=-=-=-=-=-=-=-=-=-=-=-=-=-=-=-=-=-=-=-=-=-=-=-=-=-=-=-=-=-=-=-=-=-=-=-=-=-=-
2013-02-15 13:30:36|   2.1|  0.0|STATS |                           Features Written Summary
2013-02-15 13:30:36|   2.1|  0.0|STATS |=-=-=-=-=-=-=-=-=-=-=-=-=-=-=-=-=-=-=-=-=-=-=-=-=-=-=-=-=-=-=-=-=-=-=-=-=-=-=-
2013-02-15 13:30:36|   2.1|  0.0|STATS |gfi_match (gfi_match)                                                    21149
2013-02-15 13:30:36|   2.1|  0.0|STATS |==============================================================================
2013-02-15 13:30:36|   2.1|  0.0|STATS |Total Features Written                                                   21149
2013-02-15 13:30:36|   2.1|  0.0|STATS |=-=-=-=-=-=-=-=-=-=-=-=-=-=-=-=-=-=-=-=-=-=-=-=-=-=-=-=-=-=-=-=-=-=-=-=-=-=-=-
2013-02-15 13:30:36|   2.1|  0.0|INFORM|Translation was SUCCESSFUL with 1 warning(s) (21149 feature(s) output)
2013-02-15 13:30:36|   2.1|  0.0|INFORM|FME Session Duration: 2.3 seconds. (CPU: 1.7s user, 0.3s system)
2013-02-15 13:30:36|   2.1|  0.0|INFORM|END - ProcessID: 10320, peak process memory usage: 65296 kB, current process memory usage: 53132 kB
