2013-02-25 11:40:27|   0.1|  0.1|INFORM|Feature Manipulation Engine 2012 SP2 (20120417 - Build 12238 - WIN64)
2013-02-25 11:40:27|   0.1|  0.0|INFORM|FME_HOME is 'C:\Program Files\FME\'
2013-02-25 11:40:27|   0.1|  0.0|INFORM|FME ESRI Edition (node locked-crc)
2013-02-25 11:40:27|   0.1|  0.0|INFORM|Serial Number: SAF000971
2013-02-25 11:40:27|   0.1|  0.0|INFORM|Permanent License.
2013-02-25 11:40:27|   0.1|  0.0|INFORM|Machine host name is: VTCW0105
2013-02-25 11:40:27|   0.1|  0.0|INFORM|START - ProcessID: 5564, peak process memory usage: 31432 kB, current process memory usage: 31348 kB
2013-02-25 11:40:27|   0.1|  0.0|INFORM|FME Configuration: Command line arguments are `C:\Program Files\FME\fme.exe' `C:\AndrewRoss\Work\AR_Whistler\FME\wb-xlate-1361821227472_3948' `LOG_STANDARDOUT' `YES' `LogCount' `C:\Users\aross\AppData\Local\Temp\wb-xlate-counts-1361821227474_3948'
2013-02-25 11:40:27|   0.1|  0.0|INFORM|Shared directories for formats are : C:\Program Files\FME\datasources;G:\BusinessIntelligence\Data\Resource\FME\Formats;C:\AndrewRoss\FME\Formats
2013-02-25 11:40:27|   0.1|  0.0|INFORM|Shared directories for transformers are : F:\My Documents\FME\Transformers;C:\Program Files\FME\transformers;G:\BusinessIntelligence\Data\Resource\FME\Transformers;C:\AndrewRoss\FME\Transformers;C:\Users\aross\AppData\Roaming\Safe Software\FME\FME Store\Transformers
2013-02-25 11:40:27|   0.1|  0.0|INFORM|Shared directories for coordinate systems are : G:\BusinessIntelligence\Data\Resource\FME\CoordinateSystems;C:\AndrewRoss\FME\CoordinateSystems
2013-02-25 11:40:27|   0.1|  0.0|INFORM|Shared directories for coordinate system exceptions are : G:\BusinessIntelligence\Data\Resource\FME\CoordinateSystemExceptions;C:\AndrewRoss\FME\CoordinateSystemExceptions
2013-02-25 11:40:27|   0.1|  0.0|INFORM|Shared directories for transformer categories are : G:\BusinessIntelligence\Data\Resource\FME\TransformerCategories;C:\AndrewRoss\FME\TransformerCategories
2013-02-25 11:40:27|   0.1|  0.0|INFORM|FME Configuration: Reader Keyword is `NULL_SOURCE'
2013-02-25 11:40:27|   0.1|  0.0|INFORM|FME Configuration: Writer Keyword is `SQLITE3_1'
2013-02-25 11:40:27|   0.1|  0.0|INFORM|FME Configuration: Writer Group Definition Keyword is `SQLITE3_1_DEF'
2013-02-25 11:40:27|   0.1|  0.0|INFORM|FME Configuration: Reader type is `NULL'
2013-02-25 11:40:27|   0.1|  0.0|INFORM|FME Configuration: Writer type is `SQLITE3'
2013-02-25 11:40:27|   0.1|  0.0|INFORM|FME Configuration: No destination coordinate system set
2013-02-25 11:40:27|   0.1|  0.0|INFORM|FME Configuration: Geometry Handling Mode is `Enhanced' 
2013-02-25 11:40:27|   0.1|  0.0|INFORM|FME Configuration: Current working directory is `C:\AndrewRoss\Work\AR_Whistler\FME'
2013-02-25 11:40:27|   0.1|  0.0|INFORM|FME Configuration: Temporary directory is `C:\Users\aross\AppData\Local\Temp'
2013-02-25 11:40:27|   0.1|  0.0|INFORM|FME Configuration: FME_HOME is `C:\Program Files\FME\'
2013-02-25 11:40:27|   0.1|  0.0|INFORM|FME Configuration: FME_BASE is 'no'
2013-02-25 11:40:27|   0.1|  0.0|INFORM|FME Configuration: FME_MF_DIR is 'C:\AndrewRoss\Work\AR_Whistler\FME/'
2013-02-25 11:40:27|   0.1|  0.0|INFORM|FME Configuration: FME_MF_NAME is 'getAPC_GFI02.fmw'
2013-02-25 11:40:27|   0.1|  0.0|INFORM|FME Configuration: FME_PRODUCT_NAME is 'FME(R) 2012 SP2'
2013-02-25 11:40:27|   0.1|  0.0|INFORM|System Status: 83405MB of disk space available in the FME temporary directory (C:\Users\aross\AppData\Local\Temp\)
2013-02-25 11:40:27|   0.1|  0.0|INFORM|System Status: 8388429MB of virtual memory available
2013-02-25 11:40:27|   0.1|  0.0|INFORM|Operating System: Microsoft Windows 7 x64 Service Pack 1 (Build 7601)
2013-02-25 11:40:27|   0.1|  0.0|INFORM|FME Platform: WIN64
2013-02-25 11:40:27|   0.1|  0.0|INFORM|Locale: en_CA
2013-02-25 11:40:27|   0.1|  0.0|INFORM|Code Page: 1252  (ANSI - Latin I)
2013-02-25 11:40:27|   0.1|  0.0|INFORM|FME Configuration: Process limit is 8150 MB (out of 8150 MB physical memory and 8388607 MB address space)
2013-02-25 11:40:27|   0.1|  0.0|INFORM|FME Configuration: Start freeing memory when process usage exceeds 4890 MB of memory or 8388007 MB of address space
2013-02-25 11:40:27|   0.1|  0.0|INFORM|FME Configuration: Stop freeing memory when process usage is below 3667 MB of memory and 6291005 MB of address space
2013-02-25 11:40:27|   0.1|  0.0|INFORM|FME Configuration: Autodetermining optimal maximum number of objects in memory
2013-02-25 11:40:27|   0.1|  0.0|INFORM|Trying to find a DYNAMIC plugin for writer named `SQLITE3'
2013-02-25 11:40:27|   0.1|  0.0|INFORM|Loaded module 'SQLITE3' from file 'C:\Program Files\FME\plugins/SQLITE3.dll'
2013-02-25 11:40:27|   0.1|  0.0|INFORM|FME API version of module 'SQLITE3' matches current internal version (3.7 20111219)
2013-02-25 11:40:27|   0.1|  0.0|INFORM|Trying to find a DYNAMIC plugin for reader named `NULL'
2013-02-25 11:40:27|   0.1|  0.0|INFORM|Loaded module 'NULL' from file 'C:\Program Files\FME\plugins/NULL.dll'
2013-02-25 11:40:27|   0.1|  0.0|INFORM|FME API version of module 'NULL' matches current internal version (3.7 20111219)
2013-02-25 11:40:27|   0.1|  0.0|INFORM|FME API version of module 'SQLITE3' matches current internal version (3.7 20111219)
2013-02-25 11:40:27|   0.2|  0.0|INFORM|FME API version of module 'SQLITE3' matches current internal version (3.7 20111219)
2013-02-25 11:40:27|   0.2|  0.0|INFORM|SQLite 3 Writer: Opening `C:\AndrewRoss\Work\AR_Whistler\Data\whistlerData02.db' for write operation
2013-02-25 11:40:27|   0.2|  0.0|INFORM|Loaded module 'QueryFactory' from file 'C:\Program Files\FME\plugins/QueryFactory.dll'
2013-02-25 11:40:28|   0.2|  0.0|INFORM|FME API version of module 'QueryFactory' matches current internal version (3.7 20111219)
2013-02-25 11:40:28|   0.2|  0.0|INFORM|Loaded module 'LogCount_func' from file 'C:\Program Files\FME\plugins/LogCount_func.dll'
2013-02-25 11:40:28|   0.2|  0.0|INFORM|FME API version of module 'LogCount_func' matches current internal version (3.7 20111219)
2013-02-25 11:40:28|   0.2|  0.0|INFORM|FME API version of module 'QueryFactory' matches current internal version (3.7 20111219)
2013-02-25 11:40:28|   0.2|  0.0|INFORM|Emptying factory pipeline
2013-02-25 11:40:28|   0.2|  0.1|INFORM|SQLCreator_2(QueryFactory): Performing query against ORACLE8I_DB dataset `GFI'
2013-02-25 11:40:28|   0.2|  0.0|INFORM|ORACLE Reader: Using Oracle 8 SC Reader Version 1.2 (Jul. 04, 2000) to read tables from database `', server type `ORACLE8i', server name `GFI', user name `gfi', password `***'
2013-02-25 11:40:28|   0.2|  0.0|INFORM|ORACLE Reader: Using Rich geometry.
2013-02-25 11:40:28|   0.2|  0.0|INFORM|Loaded module 'OCI' from file 'OCI.dll'
2013-02-25 11:40:28|   0.3|  0.0|INFORM|Environment variable ORACLE_HOME has value `C:\oracle\ora10g'
2013-02-25 11:40:28|   0.3|  0.0|INFORM|Connecting to ORACLE database `GFI' with user name of `gfi' and password of `***'
2013-02-25 11:40:28|   0.3|  0.0|WARN  |Error connecting to Oracle database: message was `ORA-01017: invalid username/password; logon denied'. (serverType=`ORACLE8i', serverName=`GFI', userName=`gfi', password=`***', dbname=`')
2013-02-25 11:40:28|   0.3|  0.0|INFORM|Failed to open database with username='gfi', retrying using uppercase username
2013-02-25 11:40:28|   0.3|  0.0|INFORM|Environment variable ORACLE_HOME has value `C:\oracle\ora10g'
2013-02-25 11:40:28|   0.3|  0.0|INFORM|Connecting to ORACLE database `GFI' with user name of `GFI' and password of `***'
2013-02-25 11:40:28|   0.3|  0.0|INFORM|Connected to ORACLE database `GFI'
2013-02-25 11:40:28|   0.3|  0.0|INFORM|Oracle database version is '10.2.0.4.0'
2013-02-25 11:40:28|   0.3|  0.0|INFORM|Environment variable ORACLE_HOME has value `C:\oracle\ora10g'
2013-02-25 11:40:28|   0.3|  0.0|INFORM|Connecting to ORACLE database `GFI' with user name of `GFI' and password of `***'
2013-02-25 11:40:28|   0.3|  0.0|INFORM|Connected to ORACLE database `GFI'
2013-02-25 11:40:34|   0.3|  0.0|INFORM|ORACLE Reader: Executing SQL Statement `SELECT tr.loc_n,tr.id,tr.tr_seq SEQTR,ppd.tr_seq SEQPPD,trmisc.tr_seq SEQMISC,
TO_CHAR(tr.ts,'YYYY-MM-DD HH24:MI:SS') TS,tr.type,tr.bus,tr.route,tr.n,ppd.seq,ppd.des, trmisc.amt 
FROM tr LEFT OUTER JOIN ppd ON tr.loc_n=ppd.loc_n AND tr.id=ppd.id AND tr.tr_seq=ppd.tr_seq 
LEFT OUTER JOIN trmisc ON tr.loc_n=trmisc.loc_n AND tr.id=trmisc.id AND tr.tr_seq=trmisc.tr_seq 
WHERE tr.ts between to_date('2013-01-28 00:00:00', 'YYYY-MM-DD HH24:MI:SS') 
and to_date('2013-02-12 12:00:00', 'YYYY-MM-DD HH24:MI:SS')
AND tr.loc_n IN (3) 
ORDER BY tr.bus,tr.id,tr.tr_seq ASC' to obtain features for feature type `QueryFactory_SQLExecute'
2013-02-25 11:40:34|   0.4|  0.1|INFORM|Loaded module 'EvaluateExpression_func' from file 'C:\Program Files\FME\plugins/EvaluateExpression_func.dll'
2013-02-25 11:40:34|   0.4|  0.0|INFORM|FME API version of module 'EvaluateExpression_func' matches current internal version (3.7 20111219)
2013-02-25 11:40:34|   0.4|  0.0|INFORM|SQLCreator(QueryFactory): Performing query against ORACLE8I_DB dataset `APCTEST'
2013-02-25 11:40:34|   0.4|  0.0|INFORM|ORACLE Reader: Using Oracle 8 SC Reader Version 1.2 (Jul. 04, 2000) to read tables from database `', server type `ORACLE8i', server name `APCTEST', user name `apc', password `***'
2013-02-25 11:40:34|   0.4|  0.0|INFORM|ORACLE Reader: Using Rich geometry.
2013-02-25 11:40:34|   0.4|  0.0|INFORM|Environment variable ORACLE_HOME has value `C:\oracle\ora10g'
2013-02-25 11:40:34|   0.4|  0.0|INFORM|Connecting to ORACLE database `APCTEST' with user name of `apc' and password of `***'
2013-02-25 11:40:34|   0.4|  0.0|WARN  |Error connecting to Oracle database: message was `ORA-01017: invalid username/password; logon denied'. (serverType=`ORACLE8i', serverName=`APCTEST', userName=`apc', password=`***', dbname=`')
2013-02-25 11:40:34|   0.4|  0.0|INFORM|Failed to open database with username='apc', retrying using uppercase username
2013-02-25 11:40:34|   0.4|  0.0|INFORM|Environment variable ORACLE_HOME has value `C:\oracle\ora10g'
2013-02-25 11:40:34|   0.4|  0.0|INFORM|Connecting to ORACLE database `APCTEST' with user name of `APC' and password of `***'
2013-02-25 11:40:34|   0.4|  0.0|INFORM|Connected to ORACLE database `APCTEST'
2013-02-25 11:40:34|   0.4|  0.0|INFORM|Oracle database version is '11.1.0.7.0'
2013-02-25 11:40:34|   0.4|  0.0|INFORM|Environment variable ORACLE_HOME has value `C:\oracle\ora10g'
2013-02-25 11:40:34|   0.4|  0.0|INFORM|Connecting to ORACLE database `APCTEST' with user name of `APC' and password of `***'
2013-02-25 11:40:34|   0.4|  0.0|INFORM|Connected to ORACLE database `APCTEST'
2013-02-25 11:40:37|   0.4|  0.0|INFORM|ORACLE Reader: Executing SQL Statement `select KEYID,DATETIME,SERVICEDATE,SERVICETIME,DAYOFWEEK,SERVICEDAYOFWEEK,
LATITUDE,LONGITUDE,ELEVATION,
EVENT, RECORDID,BUSID,SYSTEM from STAGING_APCRAW 
where SYSTEM='WHISTLER'
and DATETIME between to_date('2013-01-28 00:00:00', 'YYYY-MM-DD HH24:MI:SS') 
and to_date('2013-02-12 12:00:00', 'YYYY-MM-DD HH24:MI:SS')' to obtain features for feature type `QueryFactory_SQLExecute'
2013-02-25 11:48:34|  88.1| 87.7|STATS |SQLCreator_2_Creator(CreationFactory): Created 1 features
2013-02-25 11:48:34|  88.1|  0.0|STATS |SQLCreator_2_RESULT Feature Counter -1 13(TeeFactory): Cloned 139576 input feature(s) into 139576 output feature(s)
2013-02-25 11:48:34|  88.1|  0.0|STATS |AttributeCopier(TeeFactory): Cloned 139576 input feature(s) into 139576 output feature(s)
2013-02-25 11:48:34|  88.1|  0.0|STATS |AttributeCopier_OUTPUT Feature Counter -1 14(TeeFactory): Cloned 139576 input feature(s) into 139576 output feature(s)
2013-02-25 11:48:34|  88.1|  0.0|STATS |DateFormatter_2(TeeFactory): Cloned 139576 input feature(s) into 139576 output feature(s)
2013-02-25 11:48:34|  88.1|  0.0|STATS |DateFormatter_2_OUTPUT Feature Counter -1 29(TeeFactory): Cloned 139576 input feature(s) into 139576 output feature(s)
2013-02-25 11:48:34|  88.1|  0.0|STATS |AttributeCreator_3(TeeFactory): Cloned 139576 input feature(s) into 139576 output feature(s)
2013-02-25 11:48:34|  88.1|  0.0|STATS |AttributeCreator_3_OUTPUT Feature Counter -1 30(TeeFactory): Cloned 139576 input feature(s) into 139576 output feature(s)
2013-02-25 11:48:34|  88.1|  0.0|STATS |AttributeCreator(TeeFactory): Cloned 139576 input feature(s) into 139576 output feature(s)
2013-02-25 11:48:34|  88.1|  0.0|STATS |AttributeCreator_OUTPUT Feature Counter -1 17(TeeFactory): Cloned 139576 input feature(s) into 139576 output feature(s)
2013-02-25 11:48:34|  88.1|  0.0|STATS |SQLCreator_Creator(CreationFactory): Created 1 features
2013-02-25 11:48:34|  88.1|  0.0|STATS |SQLCreator_RESULT Feature Counter -1 19(TeeFactory): Cloned 118982 input feature(s) into 118982 output feature(s)
2013-02-25 11:48:34|  88.1|  0.0|STATS |AttributeCopier_2(TeeFactory): Cloned 118982 input feature(s) into 118982 output feature(s)
2013-02-25 11:48:34|  88.1|  0.0|STATS |AttributeCopier_2_OUTPUT Feature Counter -1 26(TeeFactory): Cloned 118982 input feature(s) into 118982 output feature(s)
2013-02-25 11:48:34|  88.1|  0.0|STATS |DateFormatter_3(TeeFactory): Cloned 118982 input feature(s) into 118982 output feature(s)
2013-02-25 11:48:34|  88.1|  0.0|STATS |DateFormatter_3_OUTPUT Feature Counter -1 24(TeeFactory): Cloned 118982 input feature(s) into 118982 output feature(s)
2013-02-25 11:48:34|  88.1|  0.0|STATS |DateFormatter(TeeFactory): Cloned 118982 input feature(s) into 118982 output feature(s)
2013-02-25 11:48:34|  88.1|  0.0|STATS |DateFormatter_OUTPUT Feature Counter -1 27(TeeFactory): Cloned 118982 input feature(s) into 118982 output feature(s)
2013-02-25 11:48:34|  88.1|  0.0|STATS |AttributeCreator_4(TeeFactory): Cloned 118982 input feature(s) into 118982 output feature(s)
2013-02-25 11:48:34|  88.1|  0.0|STATS |AttributeCreator_4_OUTPUT Feature Counter -1 22(TeeFactory): Cloned 118982 input feature(s) into 118982 output feature(s)
2013-02-25 11:48:34|  88.1|  0.0|STATS |AttributeCreator_5(TeeFactory): Cloned 118982 input feature(s) into 118982 output feature(s)
2013-02-25 11:48:34|  88.1|  0.0|STATS |AttributeCreator_5_OUTPUT Feature Counter -1 23(TeeFactory): Cloned 118982 input feature(s) into 118982 output feature(s)
2013-02-25 11:48:34|  88.1|  0.0|STATS |AttributeCreator_5_OUTPUT -> APC Correlator(TeeFactory): Cloned 118982 input feature(s) into 118982 output feature(s)
2013-02-25 11:48:34|  88.1|  0.0|STATS |AttributeCreator_OUTPUT -> GFI Correlator(TeeFactory): Cloned 139576 input feature(s) into 139576 output feature(s)
2013-02-25 11:48:34|  88.1|  0.0|STATS |Final Output Feature Type Router(TestFactory): Tested 258558 input feature(s) -- 258558 feature(s) passed and 0 feature(s) failed
2013-02-25 11:48:34|  88.1|  0.0|STATS |Final Output Nuker(TeeFactory): Cloned 0 input feature(s) into 0 output feature(s)
2013-02-25 11:48:35|  88.2|  0.0|INFORM|SQLite 3 Writer: Closing `C:\AndrewRoss\Work\AR_Whistler\Data\whistlerData02.db' . Write operation complete
2013-02-25 11:48:35|  88.2|  0.0|STATS |=-=-=-=-=-=-=-=-=-=-=-=-=-=-=-=-=-=-=-=-=-=-=-=-=-=-=-=-=-=-=-=-=-=-=-=-=-=-=-
2013-02-25 11:48:35|  88.2|  0.0|STATS |                            Features Read Summary
2013-02-25 11:48:35|  88.2|  0.0|STATS |=-=-=-=-=-=-=-=-=-=-=-=-=-=-=-=-=-=-=-=-=-=-=-=-=-=-=-=-=-=-=-=-=-=-=-=-=-=-=-
2013-02-25 11:48:35|  88.2|  0.0|STATS |==============================================================================
2013-02-25 11:48:35|  88.2|  0.0|STATS |Total Features Read                                                          0
2013-02-25 11:48:35|  88.2|  0.0|STATS |=-=-=-=-=-=-=-=-=-=-=-=-=-=-=-=-=-=-=-=-=-=-=-=-=-=-=-=-=-=-=-=-=-=-=-=-=-=-=-
2013-02-25 11:48:35|  88.2|  0.0|STATS |=-=-=-=-=-=-=-=-=-=-=-=-=-=-=-=-=-=-=-=-=-=-=-=-=-=-=-=-=-=-=-=-=-=-=-=-=-=-=-
2013-02-25 11:48:35|  88.2|  0.0|STATS |                           Features Written Summary
2013-02-25 11:48:35|  88.2|  0.0|STATS |=-=-=-=-=-=-=-=-=-=-=-=-=-=-=-=-=-=-=-=-=-=-=-=-=-=-=-=-=-=-=-=-=-=-=-=-=-=-=-
2013-02-25 11:48:35|  88.2|  0.0|STATS |APC                                                                     118982
2013-02-25 11:48:35|  88.2|  0.0|STATS |GFI                                                                     139576
2013-02-25 11:48:35|  88.2|  0.0|STATS |==============================================================================
2013-02-25 11:48:35|  88.2|  0.0|STATS |Total Features Written                                                  258558
2013-02-25 11:48:35|  88.2|  0.0|STATS |=-=-=-=-=-=-=-=-=-=-=-=-=-=-=-=-=-=-=-=-=-=-=-=-=-=-=-=-=-=-=-=-=-=-=-=-=-=-=-
2013-02-25 11:48:35|  88.2|  0.0|INFORM|Translation was SUCCESSFUL with 2 warning(s) (258558 feature(s) output)
2013-02-25 11:48:35|  88.2|  0.0|INFORM|FME Session Duration: 8 minutes 7.4 seconds. (CPU: 84.7s user, 3.4s system)
2013-02-25 11:48:35|  88.2|  0.0|INFORM|END - ProcessID: 5564, peak process memory usage: 175292 kB, current process memory usage: 59456 kB
