2013-02-14 14:18:27|   0.2|  0.2|INFORM|Feature Manipulation Engine 2012 SP2 (20120417 - Build 12238 - WIN64)
2013-02-14 14:18:27|   0.2|  0.0|INFORM|FME_HOME is 'C:\Program Files\FME\'
2013-02-14 14:18:27|   0.2|  0.0|INFORM|FME ESRI Edition (node locked-crc)
2013-02-14 14:18:27|   0.2|  0.0|INFORM|Serial Number: SAF000971
2013-02-14 14:18:27|   0.2|  0.0|INFORM|Permanent License.
2013-02-14 14:18:27|   0.2|  0.0|INFORM|Machine host name is: VTCW0105
2013-02-14 14:18:27|   0.2|  0.0|INFORM|START - ProcessID: 5940, peak process memory usage: 33228 kB, current process memory usage: 33140 kB
2013-02-14 14:18:27|   0.2|  0.0|INFORM|FME Configuration: Command line arguments are `C:\Program Files\FME\fme.exe' `C:\AndrewRoss\Work\AR_Whistler\FME\wb-xlate-1360880306495_5604' `LOG_STANDARDOUT' `YES' `LogCount' `C:\Users\aross\AppData\Local\Temp\wb-xlate-counts-1360880306500_5604'
2013-02-14 14:18:27|   0.2|  0.1|INFORM|Shared directories for formats are : C:\Program Files\FME\datasources;G:\BusinessIntelligence\Data\Resource\FME\Formats;C:\AndrewRoss\FME\Formats
2013-02-14 14:18:27|   0.2|  0.0|INFORM|Shared directories for transformers are : F:\My Documents\FME\Transformers;C:\Program Files\FME\transformers;G:\BusinessIntelligence\Data\Resource\FME\Transformers;C:\AndrewRoss\FME\Transformers;C:\Users\aross\AppData\Roaming\Safe Software\FME\FME Store\Transformers
2013-02-14 14:18:27|   0.2|  0.0|INFORM|Shared directories for coordinate systems are : G:\BusinessIntelligence\Data\Resource\FME\CoordinateSystems;C:\AndrewRoss\FME\CoordinateSystems
2013-02-14 14:18:27|   0.2|  0.0|INFORM|Shared directories for coordinate system exceptions are : G:\BusinessIntelligence\Data\Resource\FME\CoordinateSystemExceptions;C:\AndrewRoss\FME\CoordinateSystemExceptions
2013-02-14 14:18:27|   0.2|  0.0|INFORM|Shared directories for transformer categories are : G:\BusinessIntelligence\Data\Resource\FME\TransformerCategories;C:\AndrewRoss\FME\TransformerCategories
2013-02-14 14:18:27|   0.2|  0.0|INFORM|FME Configuration: Reader Keyword is `SQLITE3_1'
2013-02-14 14:18:27|   0.2|  0.0|INFORM|FME Configuration: Writer Keyword is `CSV_1'
2013-02-14 14:18:27|   0.2|  0.0|INFORM|FME Configuration: Writer Group Definition Keyword is `CSV_1_DEF'
2013-02-14 14:18:27|   0.2|  0.0|INFORM|FME Configuration: Reader type is `SQLITE3'
2013-02-14 14:18:27|   0.2|  0.0|INFORM|FME Configuration: Writer type is `CSV'
2013-02-14 14:18:27|   0.2|  0.0|INFORM|FME Configuration: No destination coordinate system set
2013-02-14 14:18:27|   0.2|  0.0|INFORM|FME Configuration: Geometry Handling Mode is `Enhanced' 
2013-02-14 14:18:27|   0.2|  0.0|INFORM|FME Configuration: Current working directory is `C:\AndrewRoss\Work\AR_Whistler\FME'
2013-02-14 14:18:27|   0.2|  0.0|INFORM|FME Configuration: Temporary directory is `C:\Users\aross\AppData\Local\Temp'
2013-02-14 14:18:27|   0.2|  0.0|INFORM|FME Configuration: FME_HOME is `C:\Program Files\FME\'
2013-02-14 14:18:27|   0.2|  0.0|INFORM|FME Configuration: FME_BASE is 'no'
2013-02-14 14:18:27|   0.2|  0.0|INFORM|FME Configuration: FME_MF_DIR is 'C:\AndrewRoss\Work\AR_Whistler\FME/'
2013-02-14 14:18:27|   0.2|  0.0|INFORM|FME Configuration: FME_MF_NAME is 'matchGFI.fmw'
2013-02-14 14:18:27|   0.2|  0.0|INFORM|FME Configuration: FME_PRODUCT_NAME is 'FME(R) 2012 SP2'
2013-02-14 14:18:27|   0.2|  0.0|INFORM|System Status: 81174MB of disk space available in the FME temporary directory (C:\Users\aross\AppData\Local\Temp\)
2013-02-14 14:18:27|   0.2|  0.0|INFORM|System Status: 8388427MB of virtual memory available
2013-02-14 14:18:27|   0.2|  0.0|INFORM|Operating System: Microsoft Windows 7 x64 Service Pack 1 (Build 7601)
2013-02-14 14:18:27|   0.2|  0.0|INFORM|FME Platform: WIN64
2013-02-14 14:18:27|   0.2|  0.0|INFORM|Locale: en_CA
2013-02-14 14:18:27|   0.2|  0.0|INFORM|Code Page: 1252  (ANSI - Latin I)
2013-02-14 14:18:27|   0.2|  0.0|INFORM|FME Configuration: Process limit is 8150 MB (out of 8150 MB physical memory and 8388607 MB address space)
2013-02-14 14:18:27|   0.2|  0.0|INFORM|FME Configuration: Start freeing memory when process usage exceeds 4890 MB of memory or 8388007 MB of address space
2013-02-14 14:18:27|   0.2|  0.0|INFORM|FME Configuration: Stop freeing memory when process usage is below 3667 MB of memory and 6291005 MB of address space
2013-02-14 14:18:27|   0.2|  0.0|INFORM|FME Configuration: Autodetermining optimal maximum number of objects in memory
2013-02-14 14:18:27|   0.2|  0.0|INFORM|Trying to find a DYNAMIC plugin for writer named `CSV'
2013-02-14 14:18:27|   0.2|  0.0|INFORM|Loaded module 'CSV' from file 'C:\Program Files\FME\plugins/CSV.dll'
2013-02-14 14:18:27|   0.2|  0.0|INFORM|FME API version of module 'CSV' matches current internal version (3.7 20111219)
2013-02-14 14:18:27|   0.2|  0.0|INFORM|Trying to find a DYNAMIC plugin for reader named `SQLITE3'
2013-02-14 14:18:27|   0.3|  0.0|INFORM|Loaded module 'SQLITE3' from file 'C:\Program Files\FME\plugins/SQLITE3.dll'
2013-02-14 14:18:27|   0.3|  0.0|INFORM|FME API version of module 'SQLITE3' matches current internal version (3.7 20111219)
2013-02-14 14:18:27|   0.3|  0.0|INFORM|SQLite 3 Reader: Opening `C:\AndrewRoss\Work\AR_Whistler\Data\whistlerData.db' for read operation
2013-02-14 14:18:27|   0.3|  0.0|INFORM|FME API version of module 'CSV' matches current internal version (3.7 20111219)
2013-02-14 14:18:27|   0.3|  0.0|INFORM|Loaded module 'LogCount_func' from file 'C:\Program Files\FME\plugins/LogCount_func.dll'
2013-02-14 14:18:27|   0.3|  0.0|INFORM|FME API version of module 'LogCount_func' matches current internal version (3.7 20111219)
2013-02-14 14:18:27|   0.3|  0.0|INFORM|FME Configuration: Using FME Reprojection Engine
2013-02-14 14:18:27|   0.3|  0.0|INFORM|Loaded module 'PythonFactory' from file 'C:\Program Files\FME\plugins/PythonFactory.dll'
2013-02-14 14:18:27|   0.3|  0.0|INFORM|FME API version of module 'PythonFactory' matches current internal version (3.7 20111219)
2013-02-14 14:18:27|   0.3|  0.0|INFORM|Using FME's provided Python interpreter from C:\Program Files\FME\fmepython27\python27.dll
2013-02-14 14:18:27|   0.3|  0.0|INFORM|Python version 2.7 successfully loaded
2013-02-14 14:18:27|   0.3|  0.0|INFORM|Adding directory `G:\BusinessIntelligence\Data\Resource\FME\Transformers\' to the python path
2013-02-14 14:18:27|   0.3|  0.0|INFORM|Loaded module 'QueryFactory' from file 'C:\Program Files\FME\plugins/QueryFactory.dll'
2013-02-14 14:18:27|   0.3|  0.0|INFORM|FME API version of module 'QueryFactory' matches current internal version (3.7 20111219)
2013-02-14 14:18:27|   0.5|  0.1|STATS |Storing feature(s) to FME feature store file `C:\Users\aross\AppData\Local\Temp\matchGFI_141826\inspector.ffs'
2013-02-14 14:18:27|   0.5|  0.0|INFORM|Loaded module 'EvaluateExpression_func' from file 'C:\Program Files\FME\plugins/EvaluateExpression_func.dll'
2013-02-14 14:18:27|   0.5|  0.0|INFORM|FME API version of module 'EvaluateExpression_func' matches current internal version (3.7 20111219)
2013-02-14 14:18:28|   0.9|  0.4|INFORM|Reading source feature # 2500
2013-02-14 14:18:28|   1.2|  0.4|INFORM|Reading source feature # 5000
2013-02-14 14:18:29|   1.6|  0.4|INFORM|Reading source feature # 7500
2013-02-14 14:18:29|   2.0|  0.4|INFORM|Reading source feature # 10000
2013-02-14 14:18:29|   2.4|  0.4|INFORM|Reading source feature # 12500
2013-02-14 14:18:30|   2.7|  0.4|INFORM|Reading source feature # 15000
2013-02-14 14:18:30|   3.1|  0.4|INFORM|Reading source feature # 17500
2013-02-14 14:18:30|   3.4|  0.4|INFORM|Reading source feature # 20000
2013-02-14 14:18:31|   3.8|  0.4|INFORM|Reading source feature # 22500
2013-02-14 14:18:31|   4.2|  0.3|INFORM|Reading source feature # 25000
2013-02-14 14:18:32|   4.5|  0.4|INFORM|Reading source feature # 27500
2013-02-14 14:18:32|   4.9|  0.4|INFORM|Reading source feature # 30000
2013-02-14 14:18:32|   5.3|  0.4|INFORM|Reading source feature # 32500
2013-02-14 14:18:33|   5.6|  0.4|INFORM|Reading source feature # 35000
2013-02-14 14:18:33|   6.0|  0.4|INFORM|Reading source feature # 37500
2013-02-14 14:18:33|   6.4|  0.4|INFORM|Reading source feature # 40000
2013-02-14 14:18:34|   6.8|  0.4|INFORM|Reading source feature # 42500
2013-02-14 14:18:34|   7.1|  0.4|INFORM|Reading source feature # 45000
2013-02-14 14:18:35|   7.5|  0.4|INFORM|Reading source feature # 47500
2013-02-14 14:18:35|   7.9|  0.4|INFORM|Reading source feature # 50000
2013-02-14 14:18:35|   8.2|  0.4|INFORM|Reading source feature # 52500
2013-02-14 14:18:36|   8.6|  0.4|INFORM|Reading source feature # 55000
2013-02-14 14:18:36|   9.0|  0.4|INFORM|Reading source feature # 57500
2013-02-14 14:18:36|   9.3|  0.4|INFORM|Reading source feature # 60000
2013-02-14 14:18:37|   9.7|  0.4|INFORM|Reading source feature # 62500
2013-02-14 14:18:37|  10.1|  0.4|INFORM|Reading source feature # 65000
2013-02-14 14:18:37|  10.5|  0.4|INFORM|Reading source feature # 67500
2013-02-14 14:18:38|  10.8|  0.4|INFORM|Reading source feature # 70000
2013-02-14 14:18:38|  11.2|  0.4|INFORM|Reading source feature # 72500
2013-02-14 14:18:39|  11.6|  0.4|INFORM|Reading source feature # 75000
2013-02-14 14:18:39|  11.9|  0.4|INFORM|Reading source feature # 77500
2013-02-14 14:18:39|  12.3|  0.4|INFORM|Reading source feature # 80000
2013-02-14 14:18:40|  12.7|  0.4|INFORM|Reading source feature # 82500
2013-02-14 14:18:40|  13.1|  0.4|INFORM|Reading source feature # 85000
2013-02-14 14:18:40|  13.4|  0.4|INFORM|Reading source feature # 87500
2013-02-14 14:18:41|  13.8|  0.4|INFORM|Reading source feature # 90000
2013-02-14 14:18:41|  14.2|  0.4|INFORM|Reading source feature # 92500
2013-02-14 14:18:42|  14.5|  0.4|INFORM|Reading source feature # 95000
2013-02-14 14:18:42|  14.9|  0.4|INFORM|Reading source feature # 97500
2013-02-14 14:18:42|  15.3|  0.4|INFORM|Reading source feature # 100000
2013-02-14 14:18:43|  15.6|  0.4|INFORM|Reading source feature # 102500
2013-02-14 14:18:43|  16.0|  0.4|INFORM|Reading source feature # 105000
2013-02-14 14:18:43|  16.4|  0.4|INFORM|Reading source feature # 107500
2013-02-14 14:18:44|  16.8|  0.4|INFORM|Reading source feature # 110000
2013-02-14 14:18:44|  17.1|  0.4|INFORM|Reading source feature # 112500
2013-02-14 14:18:45|  17.5|  0.4|INFORM|Reading source feature # 115000
2013-02-14 14:18:45|  17.9|  0.4|INFORM|Reading source feature # 117500
2013-02-14 14:18:45|  18.3|  0.4|INFORM|Reading source feature # 120000
2013-02-14 14:18:46|  18.6|  0.4|INFORM|Reading source feature # 122500
2013-02-14 14:18:46|  19.0|  0.4|INFORM|Reading source feature # 125000
2013-02-14 14:18:46|  19.4|  0.4|INFORM|Reading source feature # 127500
2013-02-14 14:18:47|  19.7|  0.4|INFORM|Reading source feature # 130000
2013-02-14 14:18:47|  20.1|  0.4|INFORM|Reading source feature # 132500
2013-02-14 14:18:48|  20.5|  0.4|INFORM|Reading source feature # 135000
2013-02-14 14:18:48|  20.9|  0.4|INFORM|Reading source feature # 137500
2013-02-14 14:18:48|  21.2|  0.4|INFORM|Reading source feature # 140000
2013-02-14 14:18:49|  21.6|  0.4|INFORM|Reading source feature # 142500
2013-02-14 14:18:49|  22.0|  0.4|INFORM|Reading source feature # 145000
2013-02-14 14:18:49|  22.4|  0.4|INFORM|Reading source feature # 147500
2013-02-14 14:18:50|  22.7|  0.4|INFORM|Reading source feature # 150000
2013-02-14 14:18:50|  23.1|  0.4|INFORM|Reading source feature # 152500
2013-02-14 14:18:51|  23.5|  0.4|INFORM|Reading source feature # 155000
2013-02-14 14:18:51|  23.9|  0.4|INFORM|Reading source feature # 157500
2013-02-14 14:18:51|  24.3|  0.4|INFORM|Reading source feature # 160000
2013-02-14 14:18:52|  24.6|  0.4|INFORM|Reading source feature # 162500
2013-02-14 14:18:52|  25.0|  0.4|INFORM|Reading source feature # 165000
2013-02-14 14:18:52|  25.4|  0.4|INFORM|Reading source feature # 167500
2013-02-14 14:18:53|  25.8|  0.4|INFORM|Reading source feature # 170000
2013-02-14 14:18:53|  26.1|  0.4|INFORM|Reading source feature # 172500
2013-02-14 14:18:54|  26.5|  0.4|INFORM|Reading source feature # 175000
2013-02-14 14:18:54|  26.9|  0.4|INFORM|Reading source feature # 177500
2013-02-14 14:18:54|  27.3|  0.4|INFORM|Reading source feature # 180000
2013-02-14 14:18:55|  27.7|  0.4|INFORM|Reading source feature # 182500
2013-02-14 14:18:55|  28.0|  0.4|INFORM|Reading source feature # 185000
2013-02-14 14:18:55|  28.4|  0.4|INFORM|Reading source feature # 187500
2013-02-14 14:18:56|  28.8|  0.4|INFORM|Reading source feature # 190000
2013-02-14 14:18:56|  29.2|  0.4|INFORM|Reading source feature # 192500
2013-02-14 14:18:57|  29.6|  0.4|INFORM|Reading source feature # 195000
2013-02-14 14:18:57|  29.9|  0.4|INFORM|Reading source feature # 197500
2013-02-14 14:18:57|  30.3|  0.4|INFORM|Reading source feature # 200000
2013-02-14 14:18:58|  30.7|  0.4|INFORM|Reading source feature # 202500
2013-02-14 14:18:58|  31.1|  0.4|INFORM|Reading source feature # 205000
2013-02-14 14:18:58|  31.4|  0.4|INFORM|Reading source feature # 207500
2013-02-14 14:18:59|  31.8|  0.4|INFORM|Reading source feature # 210000
2013-02-14 14:18:59|  32.2|  0.4|INFORM|Reading source feature # 212500
2013-02-14 14:19:00|  32.6|  0.4|INFORM|Reading source feature # 215000
2013-02-14 14:19:00|  33.0|  0.4|INFORM|Reading source feature # 217500
2013-02-14 14:19:00|  33.4|  0.4|INFORM|Reading source feature # 220000
2013-02-14 14:19:01|  33.7|  0.4|INFORM|Reading source feature # 222500
2013-02-14 14:19:01|  34.1|  0.4|INFORM|Reading source feature # 225000
2013-02-14 14:19:02|  34.5|  0.4|INFORM|Reading source feature # 227500
2013-02-14 14:19:02|  34.9|  0.4|INFORM|Reading source feature # 230000
2013-02-14 14:19:02|  35.2|  0.4|INFORM|Reading source feature # 232500
2013-02-14 14:19:03|  35.6|  0.4|INFORM|Reading source feature # 235000
2013-02-14 14:19:03|  36.0|  0.4|INFORM|Reading source feature # 237500
2013-02-14 14:19:03|  36.4|  0.4|INFORM|Reading source feature # 240000
2013-02-14 14:19:04|  36.8|  0.4|INFORM|Reading source feature # 242500
2013-02-14 14:19:04|  37.1|  0.4|INFORM|Reading source feature # 245000
2013-02-14 14:19:05|  37.5|  0.4|INFORM|Reading source feature # 247500
2013-02-14 14:19:05|  37.9|  0.4|INFORM|Reading source feature # 250000
2013-02-14 14:19:05|  38.3|  0.4|INFORM|Reading source feature # 252500
2013-02-14 14:19:06|  38.7|  0.4|INFORM|Reading source feature # 255000
2013-02-14 14:19:06|  39.1|  0.4|INFORM|Reading source feature # 257500
2013-02-14 14:19:06|  39.4|  0.4|INFORM|Reading source feature # 260000
2013-02-14 14:19:07|  39.8|  0.4|INFORM|Reading source feature # 262500
2013-02-14 14:19:07|  40.2|  0.4|INFORM|Reading source feature # 265000
2013-02-14 14:19:08|  40.6|  0.4|INFORM|Reading source feature # 267500
2013-02-14 14:19:08|  41.0|  0.4|INFORM|Reading source feature # 270000
2013-02-14 14:19:08|  41.3|  0.4|INFORM|Reading source feature # 272500
2013-02-14 14:19:09|  41.7|  0.4|INFORM|Reading source feature # 275000
2013-02-14 14:19:09|  42.1|  0.4|INFORM|Reading source feature # 277500
2013-02-14 14:19:09|  42.4|  0.3|INFORM|SQLite 3 Reader: Database read complete.  Retrieved 279281 feature(s)
2013-02-14 14:19:09|  42.4|  0.0|INFORM|Emptying factory pipeline
2013-02-14 14:19:09|  42.4|  0.0|STATS |Unexpected Input Remover(TestFactory): Tested 279281 input feature(s) -- 279281 feature(s) passed and 0 feature(s) failed
2013-02-14 14:19:09|  42.4|  0.0|STATS |Unexpected Input Remover Nuker(TeeFactory): Cloned 0 input feature(s) into 0 output feature(s)
2013-02-14 14:19:09|  42.4|  0.0|STATS |Source -> Generic(TeeFactory): Cloned 279281 input feature(s) into 279281 output feature(s)
2013-02-14 14:19:09|  42.4|  0.0|STATS |APC Feature Counter -1 31(TeeFactory): Cloned 279281 input feature(s) into 279281 output feature(s)
2013-02-14 14:19:09|  42.4|  0.0|STATS |GFI (SQLITE3_1) Splitter(TeeFactory): Cloned 0 input feature(s) into 0 output feature(s)
2013-02-14 14:19:09|  42.4|  0.0|STATS |AttributeRemover(TeeFactory): Cloned 279281 input feature(s) into 279281 output feature(s)
2013-02-14 14:19:09|  42.4|  0.0|STATS |AttributeRemover_OUTPUT Feature Counter -1 32(TeeFactory): Cloned 279281 input feature(s) into 279281 output feature(s)
2013-02-14 14:19:09|  42.4|  0.0|STATS |2DPointReplacer(TestFactory): Tested 279281 input feature(s) -- 0 feature(s) passed and 279281 feature(s) failed
2013-02-14 14:19:09|  42.4|  0.0|STATS |2DPointReplacer_POINT Feature Counter -1 35(TeeFactory): Cloned 279281 input feature(s) into 279281 output feature(s)
2013-02-14 14:19:09|  42.4|  0.0|STATS |Reprojector(TeeFactory): Cloned 279281 input feature(s) into 279281 output feature(s)
2013-02-14 14:19:09|  42.4|  0.0|STATS |Reprojector REPROJECTED Splitter(TeeFactory): Cloned 279281 input feature(s) into 558562 output feature(s)
2013-02-14 14:19:09|  42.4|  0.0|STATS |Reprojector_REPROJECTED_0 Feature Counter -1 47(TeeFactory): Cloned 279281 input feature(s) into 279281 output feature(s)
2013-02-14 14:19:09|  42.4|  0.0|STATS |Reprojector_REPROJECTED_1 Feature Counter -1 57(TeeFactory): Cloned 279281 input feature(s) into 279281 output feature(s)
2013-02-14 14:19:09|  42.4|  0.0|STATS |FillGPSgaps INPUT Input Collector(TeeFactory): Cloned 279281 input feature(s) into 279281 output feature(s)
2013-02-14 14:19:09|  42.4|  0.0|STATS |FillGPSgaps_INPUT Input Splitter(TeeFactory): Cloned 279281 input feature(s) into 279281 output feature(s)
2013-02-14 14:19:09|  42.4|  0.0|STATS |FillGPSgaps_AttributeCreator(TeeFactory): Cloned 279281 input feature(s) into 279281 output feature(s)
2013-02-14 14:19:09|  42.4|  0.0|WARN  |Starting Python Close.
2013-02-14 14:19:09|  42.4|  0.0|INFORM|Trying to find a DYNAMIC plugin for reader named `SQLITE3'
2013-02-14 14:19:09|  42.4|  0.0|INFORM|FME API version of module 'SQLITE3' matches current internal version (3.7 20111219)
2013-02-14 14:19:10|  42.4|  0.0|INFORM|SQLCreator(QueryFactory): Performing query against SQLITE3 dataset `C:\AndrewRoss\Work\AR_Whistler\Data\whistlerData.db'
2013-02-14 14:19:10|  42.4|  0.0|WARN  |Semicolons detected in SQL. May need to use FME_SQL_DELIMITER keyword to specify a delimiter. SQL is: 'select * from GFI where GFI.BUS in V_APCBUS;'
2013-02-14 14:19:10|  42.4|  0.0|INFORM|SQLite 3 Reader: Opening `C:\AndrewRoss\Work\AR_Whistler\Data\whistlerData.db' for read operation
2013-02-14 14:19:10|  43.3|  0.8|INFORM|SQLite 3 Reader: Database read complete.  Retrieved 21230 feature(s)
2013-02-14 14:19:17|  50.4|  7.1|WARN  |10000 of 97193
2013-02-14 14:19:24|  56.6|  6.2|WARN  |20000 of 97193
2013-02-14 14:19:31|  63.6|  7.0|WARN  |30000 of 97193
2013-02-14 14:19:37|  70.3|  6.7|WARN  |40000 of 97193
2013-02-14 14:19:44|  76.8|  6.6|WARN  |50000 of 97193
2013-02-14 14:19:51|  83.6|  6.8|WARN  |60000 of 97193
2013-02-14 14:19:58|  90.5|  6.9|WARN  |70000 of 97193
2013-02-14 14:20:04|  97.1|  6.6|WARN  |80000 of 97193
2013-02-14 14:20:11| 104.0|  6.9|WARN  |90000 of 97193
2013-02-14 14:20:21| 113.7|  9.7|WARN  |10000 of 113881
2013-02-14 14:20:26| 119.2|  5.5|WARN  |20000 of 113881
2013-02-14 14:20:32| 124.7|  5.6|WARN  |30000 of 113881
2013-02-14 14:20:36| 129.1|  4.4|WARN  |40000 of 113881
2013-02-14 14:20:42| 134.7|  5.6|WARN  |50000 of 113881
2013-02-14 14:20:47| 140.0|  5.4|WARN  |60000 of 113881
2013-02-14 14:20:52| 144.7|  4.6|WARN  |70000 of 113881
2013-02-14 14:20:58| 150.5|  5.9|WARN  |80000 of 113881
2013-02-14 14:21:03| 155.8|  5.3|WARN  |90000 of 113881
2013-02-14 14:21:09| 162.1|  6.2|WARN  |100000 of 113881
2013-02-14 14:21:14| 167.0|  4.9|WARN  |110000 of 113881
2013-02-14 14:21:22| 174.5|  7.5|WARN  |10000 of 68207
2013-02-14 14:21:28| 180.7|  6.2|WARN  |20000 of 68207
2013-02-14 14:21:34| 186.5|  5.8|WARN  |30000 of 68207
2013-02-14 14:21:40| 192.2|  5.7|WARN  |40000 of 68207
2013-02-14 14:21:44| 197.0|  4.8|WARN  |50000 of 68207
2013-02-14 14:21:49| 201.5|  4.4|WARN  |60000 of 68207
2013-02-14 14:21:52| 204.8|  3.3|WARN  |Ending Python Close
2013-02-14 14:21:52| 204.8|  0.0|STATS |FillGPSgaps_Tester(TestFactory): Tested 2608746 input feature(s) -- 279281 feature(s) passed and 2329465 feature(s) failed
2013-02-14 14:21:52| 204.8|  0.0|STATS |FillGPSgaps_AttributeRemover_2(TeeFactory): Cloned 2329465 input feature(s) into 2329465 output feature(s)
2013-02-14 14:21:52| 204.8|  0.0|STATS |FillGPSgaps_AttributeRemover(TeeFactory): Cloned 279281 input feature(s) into 279281 output feature(s)
2013-02-14 14:21:52| 204.8|  0.0|STATS |FillGPSgaps_NEW Output Collector(TeeFactory): Cloned 2329465 input feature(s) into 2329465 output feature(s)
2013-02-14 14:21:52| 204.8|  0.0|STATS |FillGPSgaps_ORIGINAL Output Collector(TeeFactory): Cloned 279281 input feature(s) into 279281 output feature(s)
2013-02-14 14:21:52| 204.8|  0.0|STATS |FillGPSgaps ORIGINAL Output Renamer/Nuker(TeeFactory): Cloned 279281 input feature(s) into 279281 output feature(s)
2013-02-14 14:21:52| 204.8|  0.0|STATS |FillGPSgaps NEW Output Renamer/Nuker(TeeFactory): Cloned 2329465 input feature(s) into 2329465 output feature(s)
2013-02-14 14:21:52| 204.8|  0.0|STATS |FillGPSgaps NEW Splitter(TeeFactory): Cloned 2329465 input feature(s) into 4658930 output feature(s)
2013-02-14 14:21:52| 204.8|  0.0|STATS |FillGPSgaps_ORIGINAL Feature Counter -1 38(TeeFactory): Cloned 279281 input feature(s) into 279281 output feature(s)
2013-02-14 14:21:52| 204.8|  0.0|STATS |FillGPSgaps_NEW_0 Feature Counter -1 59(TeeFactory): Cloned 2329465 input feature(s) into 2329465 output feature(s)
2013-02-14 14:21:52| 204.8|  0.0|STATS |FillGPSgaps_NEW_1 Feature Counter -1 61(TeeFactory): Cloned 2329465 input feature(s) into 2329465 output feature(s)
2013-02-14 14:21:52| 204.8|  0.0|STATS |Sampler_3(SamplingFactory): Sampled 3 of 2329465 feature(s)
2013-02-14 14:21:52| 204.8|  0.0|STATS |Sampler_3_Sampled(TeeFactory): Cloned 3 input feature(s) into 3 output feature(s)
2013-02-14 14:21:52| 204.8|  0.0|STATS |Sampler_3_SAMPLED Feature Counter -1 56(TeeFactory): Cloned 3 input feature(s) into 3 output feature(s)
2013-02-14 14:21:52| 204.8|  0.0|STATS |apc_2_DirCreator(CreationFactory): Created 1 features
2013-02-14 14:21:52| 204.8|  0.0|STATS |apc_2_DirCreatorCleanerUpper(TeeFactory): Cloned 1 input feature(s) into 0 output feature(s)
2013-02-14 14:21:52| 204.8|  0.0|STATS |apc_2_FeatureDirector(TestFactory): Tested 3 input feature(s) -- 0 feature(s) passed and 3 feature(s) failed
2013-02-14 14:21:52| 204.8|  0.0|STATS |apc_2___FeatureDirector1(TestFactory): Tested 3 input feature(s) -- 0 feature(s) passed and 3 feature(s) failed
2013-02-14 14:21:52| 204.8|  0.0|STATS |apc_2_VectorSetterUpper(TeeFactory): Cloned 3 input feature(s) into 3 output feature(s)
2013-02-14 14:21:52| 204.8|  0.0|STATS |apc_2___PointCloudThinner(TeeFactory): Cloned 0 input feature(s) into 0 output feature(s)
2013-02-14 14:21:52| 204.8|  0.0|STATS |apc_2_RasterSetterUpper(TeeFactory): Cloned 0 input feature(s) into 0 output feature(s)
2013-02-14 14:21:52| 204.8|  0.0|INFORM|apc_2_Recorder(RecorderFactory): Recorded 3 feature(s) to file `C:\Users\aross\AppData\Local\Temp\matchGFI_141826\inspector.ffs'
2013-02-14 14:21:52| 204.8|  0.0|STATS |AttributeRenamer(TeeFactory): Cloned 2329465 input feature(s) into 2329465 output feature(s)
2013-02-14 14:21:52| 204.8|  0.0|STATS |AttributeRenamer_OUTPUT Feature Counter -1 60(TeeFactory): Cloned 2329465 input feature(s) into 2329465 output feature(s)
2013-02-14 14:21:52| 204.8|  0.0|STATS |Sampler(SamplingFactory): Sampled 3 of 279281 feature(s)
2013-02-14 14:21:52| 204.8|  0.0|STATS |Sampler_Sampled(TeeFactory): Cloned 3 input feature(s) into 3 output feature(s)
2013-02-14 14:21:52| 204.8|  0.0|STATS |Sampler_SAMPLED Feature Counter -1 53(TeeFactory): Cloned 3 input feature(s) into 3 output feature(s)
2013-02-14 14:21:52| 204.8|  0.0|STATS |apc_DirCreator(CreationFactory): Created 1 features
2013-02-14 14:21:52| 204.8|  0.0|STATS |apc_DirCreatorCleanerUpper(TeeFactory): Cloned 1 input feature(s) into 0 output feature(s)
2013-02-14 14:21:52| 204.8|  0.0|STATS |apc_FeatureDirector(TestFactory): Tested 3 input feature(s) -- 0 feature(s) passed and 3 feature(s) failed
2013-02-14 14:21:52| 204.8|  0.0|STATS |apc___FeatureDirector1(TestFactory): Tested 3 input feature(s) -- 0 feature(s) passed and 3 feature(s) failed
2013-02-14 14:21:52| 204.8|  0.0|STATS |apc_VectorSetterUpper(TeeFactory): Cloned 3 input feature(s) into 3 output feature(s)
2013-02-14 14:21:52| 204.8|  0.0|STATS |apc___PointCloudThinner(TeeFactory): Cloned 0 input feature(s) into 0 output feature(s)
2013-02-14 14:21:52| 204.8|  0.0|STATS |apc_RasterSetterUpper(TeeFactory): Cloned 0 input feature(s) into 0 output feature(s)
2013-02-14 14:21:52| 204.8|  0.0|INFORM|apc_Recorder(RecorderFactory): Recorded 3 feature(s) to file `C:\Users\aross\AppData\Local\Temp\matchGFI_141826\inspector.ffs'
2013-02-14 14:21:52| 204.8|  0.0|STATS |SQLCreator_Creator(CreationFactory): Created 1 features
2013-02-14 14:21:52| 204.8|  0.0|INFORM|SQLite 3 Reader: Closing `C:\AndrewRoss\Work\AR_Whistler\Data\whistlerData.db' . Read operation complete
2013-02-14 14:21:52| 204.8|  0.0|STATS |SQLCreator RESULT Splitter(TeeFactory): Cloned 21230 input feature(s) into 42460 output feature(s)
2013-02-14 14:21:52| 204.8|  0.0|STATS |SQLCreator_RESULT_0 Feature Counter -1 41(TeeFactory): Cloned 21230 input feature(s) into 21230 output feature(s)
2013-02-14 14:21:52| 204.8|  0.0|STATS |SQLCreator_RESULT_1 Feature Counter -1 49(TeeFactory): Cloned 21230 input feature(s) into 21230 output feature(s)
2013-02-14 14:21:52| 204.8|  0.0|STATS |Sampler_2(SamplingFactory): Sampled 3 of 21230 feature(s)
2013-02-14 14:21:52| 204.8|  0.0|STATS |Sampler_2_Sampled(TeeFactory): Cloned 3 input feature(s) into 3 output feature(s)
2013-02-14 14:21:52| 204.8|  0.0|STATS |Sampler_2_SAMPLED Feature Counter -1 51(TeeFactory): Cloned 3 input feature(s) into 3 output feature(s)
2013-02-14 14:21:52| 204.8|  0.0|STATS |gfi_DirCreator(CreationFactory): Created 1 features
2013-02-14 14:21:52| 204.8|  0.0|STATS |gfi_DirCreatorCleanerUpper(TeeFactory): Cloned 1 input feature(s) into 0 output feature(s)
2013-02-14 14:21:52| 204.8|  0.0|STATS |gfi_FeatureDirector(TestFactory): Tested 3 input feature(s) -- 0 feature(s) passed and 3 feature(s) failed
2013-02-14 14:21:52| 204.8|  0.0|STATS |gfi___FeatureDirector1(TestFactory): Tested 3 input feature(s) -- 0 feature(s) passed and 3 feature(s) failed
2013-02-14 14:21:52| 204.8|  0.0|STATS |gfi_VectorSetterUpper(TeeFactory): Cloned 3 input feature(s) into 3 output feature(s)
2013-02-14 14:21:52| 204.8|  0.0|STATS |gfi___PointCloudThinner(TeeFactory): Cloned 0 input feature(s) into 0 output feature(s)
2013-02-14 14:21:52| 204.8|  0.0|STATS |gfi_RasterSetterUpper(TeeFactory): Cloned 0 input feature(s) into 0 output feature(s)
2013-02-14 14:21:52| 204.8|  0.0|INFORM|gfi_Recorder(RecorderFactory): Recorded 3 feature(s) to file `C:\Users\aross\AppData\Local\Temp\matchGFI_141826\inspector.ffs'
2013-02-14 14:21:53| 205.3|  0.5|INFORM|FME API version of module 'CSV' matches current internal version (3.7 20111219)
2013-02-14 14:21:53| 205.3|  0.0|INFORM|CSV Writer: Quoting only output fields that contain " or ,
2013-02-14 14:21:53| 205.3|  0.0|INFORM|CSV Writer: Append to File: no
2013-02-14 14:21:53| 205.3|  0.0|INFORM|CSV Writer: Output Field Names on First Line: yes
2013-02-14 14:21:53| 205.3|  0.0|INFORM|CSV Writer: Separator Character: ','
2013-02-14 14:21:53| 205.3|  0.0|INFORM|CSV Writer: Extension: '.csv'
2013-02-14 14:21:53| 205.3|  0.0|INFORM|CSV Writer: Quote Output Values: yes
2013-02-14 14:21:53| 205.3|  0.0|INFORM|CSV Writer: Quote Field Names: no
2013-02-14 14:21:53| 205.3|  0.0|INFORM|CSV Writer: Line Termination: Windows
2013-02-14 14:21:53| 205.3|  0.0|INFORM|CSV Writer: Write UTF-8 BOM: yes
2013-02-14 14:21:53| 205.3|  0.0|INFORM|FME Configuration: No destination coordinate system set
2013-02-14 14:21:53| 205.3|  0.0|INFORM|CSV Writer: Opening file `C:\AndrewRoss\Work\AR_Whistler\Data\incomplete.csv.csv'
2013-02-14 14:21:53| 205.3|  0.0|INFORM|Using Table Writer $Revision: 67981 $ ( $Date: 2010-03-05 17:37:30 -0800 (Fri, 05 Mar 2010) $ ) to write tabular files to directory `C:\AndrewRoss\Work\AR_Whistler\Data'
2013-02-14 14:21:53| 205.3|  0.0|INFORM|Opened Separated Value File C:\AndrewRoss\Work\AR_Whistler\Data\incomplete.csv for output with delimiter `,'
2013-02-14 14:21:54| 206.3|  1.0|INFORM|FeatureMerger_2(ReferenceFactory): Completed 100% of intermediate processing
2013-02-14 14:21:57| 209.2|  2.9|STATS |FeatureMerger_2(ReferenceFactory): Total Results: 19319 Complete Feature(s), 1911 Incomplete Feature(s), 17789 Referenced Feature(s), 2311676 Unreferenced Feature(s), 0 Referencer Feature(s) (NO REFERENCES), 279281 Referencee Feature(s) (NO Referencee fields defined), and 0 Duplicate Referencee Feature(s)
2013-02-14 14:21:57| 209.2|  0.0|STATS |FeatureMerger_2 INCOMPLETE Splitter(TeeFactory): Cloned 1911 input feature(s) into 3822 output feature(s)
2013-02-14 14:21:57| 209.2|  0.0|STATS |FeatureMerger_2_COMPLETE Feature Counter -1 43(TeeFactory): Cloned 19319 input feature(s) into 19319 output feature(s)
2013-02-14 14:21:57| 209.2|  0.0|STATS |FeatureMerger_2_INCOMPLETE_0 Feature Counter -1 45(TeeFactory): Cloned 1911 input feature(s) into 1911 output feature(s)
2013-02-14 14:21:57| 209.2|  0.0|STATS |FeatureMerger_2_INCOMPLETE_1 Feature Counter -1 63(TeeFactory): Cloned 1911 input feature(s) into 1911 output feature(s)
2013-02-14 14:21:57| 209.2|  0.0|STATS |FeatureMerger_2_INCOMPLETE_DirCreator(CreationFactory): Created 1 features
2013-02-14 14:21:57| 209.2|  0.0|STATS |FeatureMerger_2_INCOMPLETE_DirCreatorCleanerUpper(TeeFactory): Cloned 1 input feature(s) into 0 output feature(s)
2013-02-14 14:21:57| 209.2|  0.0|STATS |FeatureMerger_2_INCOMPLETE_FeatureDirector(TestFactory): Tested 1911 input feature(s) -- 0 feature(s) passed and 1911 feature(s) failed
2013-02-14 14:21:57| 209.2|  0.0|STATS |FeatureMerger_2_INCOMPLETE___FeatureDirector1(TestFactory): Tested 1911 input feature(s) -- 0 feature(s) passed and 1911 feature(s) failed
2013-02-14 14:21:57| 209.2|  0.0|STATS |FeatureMerger_2_INCOMPLETE_VectorSetterUpper(TeeFactory): Cloned 1911 input feature(s) into 1911 output feature(s)
2013-02-14 14:21:57| 209.2|  0.0|STATS |FeatureMerger_2_INCOMPLETE___PointCloudThinner(TeeFactory): Cloned 0 input feature(s) into 0 output feature(s)
2013-02-14 14:21:57| 209.2|  0.0|STATS |FeatureMerger_2_INCOMPLETE_RasterSetterUpper(TeeFactory): Cloned 0 input feature(s) into 0 output feature(s)
2013-02-14 14:21:57| 209.2|  0.0|INFORM|FeatureMerger_2_INCOMPLETE_Recorder(RecorderFactory): Recorded 1911 feature(s) to file `C:\Users\aross\AppData\Local\Temp\matchGFI_141826\inspector.ffs'
2013-02-14 14:21:57| 209.2|  0.0|STATS |FeatureMerger_2_COMPLETE_DirCreator(CreationFactory): Created 1 features
2013-02-14 14:21:57| 209.2|  0.0|STATS |FeatureMerger_2_COMPLETE_DirCreatorCleanerUpper(TeeFactory): Cloned 1 input feature(s) into 0 output feature(s)
2013-02-14 14:21:57| 209.2|  0.0|STATS |FeatureMerger_2_COMPLETE_FeatureDirector(TestFactory): Tested 19319 input feature(s) -- 0 feature(s) passed and 19319 feature(s) failed
2013-02-14 14:21:57| 209.2|  0.0|STATS |FeatureMerger_2_COMPLETE___FeatureDirector1(TestFactory): Tested 19319 input feature(s) -- 0 feature(s) passed and 19319 feature(s) failed
2013-02-14 14:21:57| 209.2|  0.0|STATS |FeatureMerger_2_COMPLETE_VectorSetterUpper(TeeFactory): Cloned 19319 input feature(s) into 19319 output feature(s)
2013-02-14 14:21:57| 209.2|  0.0|STATS |FeatureMerger_2_COMPLETE___PointCloudThinner(TeeFactory): Cloned 0 input feature(s) into 0 output feature(s)
2013-02-14 14:21:57| 209.2|  0.0|STATS |FeatureMerger_2_COMPLETE_RasterSetterUpper(TeeFactory): Cloned 0 input feature(s) into 0 output feature(s)
2013-02-14 14:21:57| 209.2|  0.0|STATS |Stored 21239 feature(s) to FME feature store file `C:\Users\aross\AppData\Local\Temp\matchGFI_141826\inspector.ffs'
2013-02-14 14:21:57| 209.2|  0.0|INFORM|Saving spatial index into file 'C:\Users\aross\AppData\Local\Temp\matchGFI_141826\inspector.fsi'
2013-02-14 14:21:57| 209.2|  0.0|INFORM|Finished saving spatial index into file 'C:\Users\aross\AppData\Local\Temp\matchGFI_141826\inspector.fsi'
2013-02-14 14:21:57| 209.2|  0.0|INFORM|FeatureMerger_2_COMPLETE_Recorder(RecorderFactory): Recorded 19319 feature(s) to file `C:\Users\aross\AppData\Local\Temp\matchGFI_141826\inspector.ffs'
2013-02-14 14:21:57| 209.2|  0.0|STATS |Tester_FAILED -> noCoordinatesFound Correlator(TeeFactory): Cloned 0 input feature(s) into 0 output feature(s)
2013-02-14 14:21:57| 209.2|  0.0|STATS |AttributeRemover_2_OUTPUT -> added Correlator(TeeFactory): Cloned 0 input feature(s) into 0 output feature(s)
2013-02-14 14:21:57| 209.2|  0.0|STATS |FeatureMerger_2_INCOMPLETE_1 -> incomplete.csv Correlator(TeeFactory): Cloned 1911 input feature(s) into 1911 output feature(s)
2013-02-14 14:21:57| 209.2|  0.0|STATS |Final Output Feature Type Router(TestFactory): Tested 1911 input feature(s) -- 1911 feature(s) passed and 0 feature(s) failed
2013-02-14 14:21:57| 209.2|  0.0|STATS |Final Output Nuker(TeeFactory): Cloned 0 input feature(s) into 0 output feature(s)
2013-02-14 14:21:57| 209.2|  0.0|STATS |f_94(CreationFactory): Created 1 features
2013-02-14 14:21:57| 209.2|  0.0|STATS |f_95(TeeFactory): Cloned 1 input feature(s) into 0 output feature(s)
2013-02-14 14:21:57| 209.2|  0.0|INFORM|CSV Writer: Closing file `C:\AndrewRoss\Work\AR_Whistler\Data\incomplete.csv.csv'
2013-02-14 14:21:57| 209.2|  0.0|STATS |=-=-=-=-=-=-=-=-=-=-=-=-=-=-=-=-=-=-=-=-=-=-=-=-=-=-=-=-=-=-=-=-=-=-=-=-=-=-=-
2013-02-14 14:21:57| 209.2|  0.0|STATS |                            Features Read Summary
2013-02-14 14:21:57| 209.2|  0.0|STATS |=-=-=-=-=-=-=-=-=-=-=-=-=-=-=-=-=-=-=-=-=-=-=-=-=-=-=-=-=-=-=-=-=-=-=-=-=-=-=-
2013-02-14 14:21:57| 209.2|  0.0|STATS |APC                                                                     279281
2013-02-14 14:21:57| 209.2|  0.0|STATS |==============================================================================
2013-02-14 14:21:57| 209.2|  0.0|STATS |Total Features Read                                                     279281
2013-02-14 14:21:57| 209.2|  0.0|STATS |=-=-=-=-=-=-=-=-=-=-=-=-=-=-=-=-=-=-=-=-=-=-=-=-=-=-=-=-=-=-=-=-=-=-=-=-=-=-=-
2013-02-14 14:21:57| 209.2|  0.0|STATS |=-=-=-=-=-=-=-=-=-=-=-=-=-=-=-=-=-=-=-=-=-=-=-=-=-=-=-=-=-=-=-=-=-=-=-=-=-=-=-
2013-02-14 14:21:57| 209.2|  0.0|STATS |                           Features Written Summary
2013-02-14 14:21:57| 209.2|  0.0|STATS |=-=-=-=-=-=-=-=-=-=-=-=-=-=-=-=-=-=-=-=-=-=-=-=-=-=-=-=-=-=-=-=-=-=-=-=-=-=-=-
2013-02-14 14:21:57| 209.2|  0.0|STATS |incomplete.csv (incomplete.csv)                                           1911
2013-02-14 14:21:57| 209.2|  0.0|STATS |==============================================================================
2013-02-14 14:21:57| 209.2|  0.0|STATS |Total Features Written                                                    1911
2013-02-14 14:21:57| 209.2|  0.0|STATS |=-=-=-=-=-=-=-=-=-=-=-=-=-=-=-=-=-=-=-=-=-=-=-=-=-=-=-=-=-=-=-=-=-=-=-=-=-=-=-
2013-02-14 14:21:57| 209.2|  0.0|INFORM|SQLite 3 Reader: Closing `C:\AndrewRoss\Work\AR_Whistler\Data\whistlerData.db' . Read operation complete
2013-02-14 14:21:57| 209.2|  0.0|INFORM|Translation was SUCCESSFUL with 29 warning(s) (1911 feature(s) output)
2013-02-14 14:21:57| 209.2|  0.0|INFORM|FME Session Duration: 3 minutes 30.7 seconds. (CPU: 199.2s user, 9.8s system)
2013-02-14 14:21:57| 209.2|  0.0|INFORM|END - ProcessID: 5940, peak process memory usage: 3878128 kB, current process memory usage: 3764772 kB
