2013-02-20 14:59:48|   0.1|  0.1|INFORM|Feature Manipulation Engine 2012 SP2 (20120417 - Build 12238 - WIN64)
2013-02-20 14:59:48|   0.1|  0.0|INFORM|FME_HOME is 'C:\Program Files\FME\'
2013-02-20 14:59:48|   0.1|  0.0|INFORM|FME ESRI Edition (node locked-crc)
2013-02-20 14:59:48|   0.1|  0.0|INFORM|Serial Number: SAF000971
2013-02-20 14:59:48|   0.1|  0.0|INFORM|Permanent License.
2013-02-20 14:59:48|   0.1|  0.0|INFORM|Machine host name is: VTCW0105
2013-02-20 14:59:48|   0.1|  0.0|INFORM|START - ProcessID: 5836, peak process memory usage: 31420 kB, current process memory usage: 31344 kB
2013-02-20 14:59:48|   0.1|  0.0|INFORM|FME Configuration: Command line arguments are `C:\Program Files\FME\fme.exe' `C:\AndrewRoss\Work\AR_Whistler\FME\wb-xlate-1361401188381_4604' `LOG_STANDARDOUT' `YES' `LogCount' `C:\Users\aross\AppData\Local\Temp\wb-xlate-counts-1361401188385_4604'
2013-02-20 14:59:48|   0.1|  0.0|INFORM|Shared directories for formats are : C:\Program Files\FME\datasources;G:\BusinessIntelligence\Data\Resource\FME\Formats;C:\AndrewRoss\FME\Formats
2013-02-20 14:59:48|   0.1|  0.0|INFORM|Shared directories for transformers are : F:\My Documents\FME\Transformers;C:\Program Files\FME\transformers;G:\BusinessIntelligence\Data\Resource\FME\Transformers;C:\AndrewRoss\FME\Transformers;C:\Users\aross\AppData\Roaming\Safe Software\FME\FME Store\Transformers
2013-02-20 14:59:48|   0.1|  0.0|INFORM|Shared directories for coordinate systems are : G:\BusinessIntelligence\Data\Resource\FME\CoordinateSystems;C:\AndrewRoss\FME\CoordinateSystems
2013-02-20 14:59:48|   0.1|  0.0|INFORM|Shared directories for coordinate system exceptions are : G:\BusinessIntelligence\Data\Resource\FME\CoordinateSystemExceptions;C:\AndrewRoss\FME\CoordinateSystemExceptions
2013-02-20 14:59:48|   0.1|  0.0|INFORM|Shared directories for transformer categories are : G:\BusinessIntelligence\Data\Resource\FME\TransformerCategories;C:\AndrewRoss\FME\TransformerCategories
2013-02-20 14:59:48|   0.1|  0.0|INFORM|FME Configuration: Reader Keyword is `SQLITE3_1'
2013-02-20 14:59:48|   0.1|  0.0|INFORM|FME Configuration: Writer Keyword is `MULTI_WRITER'
2013-02-20 14:59:48|   0.1|  0.0|INFORM|FME Configuration: Writer Group Definition Keyword is `MULTI_WRITER_DEF'
2013-02-20 14:59:48|   0.1|  0.0|INFORM|FME Configuration: Reader type is `SQLITE3'
2013-02-20 14:59:48|   0.1|  0.0|INFORM|FME Configuration: Writer type is `MULTI_WRITER'
2013-02-20 14:59:48|   0.1|  0.0|INFORM|FME Configuration: No destination coordinate system set
2013-02-20 14:59:48|   0.1|  0.0|INFORM|FME Configuration: Geometry Handling Mode is `Enhanced' 
2013-02-20 14:59:48|   0.1|  0.0|INFORM|FME Configuration: Current working directory is `C:\AndrewRoss\Work\AR_Whistler\FME'
2013-02-20 14:59:48|   0.1|  0.0|INFORM|FME Configuration: Temporary directory is `C:\Users\aross\AppData\Local\Temp'
2013-02-20 14:59:48|   0.1|  0.0|INFORM|FME Configuration: FME_HOME is `C:\Program Files\FME\'
2013-02-20 14:59:48|   0.1|  0.0|INFORM|FME Configuration: FME_BASE is 'no'
2013-02-20 14:59:48|   0.1|  0.0|INFORM|FME Configuration: FME_MF_DIR is 'C:\AndrewRoss\Work\AR_Whistler\FME/'
2013-02-20 14:59:48|   0.1|  0.0|INFORM|FME Configuration: FME_MF_NAME is 'matchGFI_2.fmw'
2013-02-20 14:59:48|   0.1|  0.0|INFORM|FME Configuration: FME_PRODUCT_NAME is 'FME(R) 2012 SP2'
2013-02-20 14:59:48|   0.1|  0.0|INFORM|System Status: 84052MB of disk space available in the FME temporary directory (C:\Users\aross\AppData\Local\Temp\)
2013-02-20 14:59:48|   0.1|  0.0|INFORM|System Status: 8388429MB of virtual memory available
2013-02-20 14:59:48|   0.1|  0.0|INFORM|Operating System: Microsoft Windows 7 x64 Service Pack 1 (Build 7601)
2013-02-20 14:59:48|   0.1|  0.0|INFORM|FME Platform: WIN64
2013-02-20 14:59:48|   0.1|  0.0|INFORM|Locale: en_CA
2013-02-20 14:59:48|   0.1|  0.0|INFORM|Code Page: 1252  (ANSI - Latin I)
2013-02-20 14:59:48|   0.1|  0.0|INFORM|FME Configuration: Process limit is 8150 MB (out of 8150 MB physical memory and 8388607 MB address space)
2013-02-20 14:59:48|   0.1|  0.0|INFORM|FME Configuration: Start freeing memory when process usage exceeds 4890 MB of memory or 8388007 MB of address space
2013-02-20 14:59:48|   0.1|  0.0|INFORM|FME Configuration: Stop freeing memory when process usage is below 3667 MB of memory and 6291005 MB of address space
2013-02-20 14:59:48|   0.1|  0.0|INFORM|FME Configuration: Autodetermining optimal maximum number of objects in memory
2013-02-20 14:59:48|   0.1|  0.0|INFORM|Trying to find a DYNAMIC plugin for reader named `SQLITE3'
2013-02-20 14:59:49|   0.1|  0.0|INFORM|Loaded module 'SQLITE3' from file 'C:\Program Files\FME\plugins/SQLITE3.dll'
2013-02-20 14:59:49|   0.1|  0.0|INFORM|FME API version of module 'SQLITE3' matches current internal version (3.7 20111219)
2013-02-20 14:59:49|   0.1|  0.0|INFORM|SQLite 3 Reader: Opening `C:\AndrewRoss\Work\AR_Whistler\Data\whistlerData.db' for read operation
2013-02-20 14:59:49|   0.1|  0.0|INFORM|Using MultiWriter $Revision: 59162 $ ( $Date: 2009-04-07 10:04:59 -0700 (Tue, 07 Apr 2009) $ ) with keyword `MULTI_WRITER' to output data (ID_ATTRIBUTE is `multi_writer_id')
2013-02-20 14:59:49|   0.1|  0.0|INFORM|Writer output will be ordered by value of multi_writer_id
2013-02-20 14:59:49|   0.1|  0.0|INFORM|Loaded module 'LogCount_func' from file 'C:\Program Files\FME\plugins/LogCount_func.dll'
2013-02-20 14:59:49|   0.1|  0.0|INFORM|FME API version of module 'LogCount_func' matches current internal version (3.7 20111219)
2013-02-20 14:59:49|   0.1|  0.0|INFORM|FME Configuration: Using FME Reprojection Engine
2013-02-20 14:59:49|   0.1|  0.0|INFORM|Loaded module 'QueryFactory' from file 'C:\Program Files\FME\plugins/QueryFactory.dll'
2013-02-20 14:59:49|   0.1|  0.0|INFORM|FME API version of module 'QueryFactory' matches current internal version (3.7 20111219)
2013-02-20 14:59:49|   0.1|  0.0|INFORM|Loaded module 'PythonFactory' from file 'C:\Program Files\FME\plugins/PythonFactory.dll'
2013-02-20 14:59:49|   0.1|  0.0|INFORM|FME API version of module 'PythonFactory' matches current internal version (3.7 20111219)
2013-02-20 14:59:49|   0.1|  0.0|INFORM|Using FME's provided Python interpreter from C:\Program Files\FME\fmepython27\python27.dll
2013-02-20 14:59:49|   0.1|  0.0|INFORM|Python version 2.7 successfully loaded
2013-02-20 14:59:49|   0.2|  0.1|INFORM|Adding directory `C:\AndrewRoss\Work\AR_Whistler\FME\' to the python path
2013-02-20 14:59:50|   0.6|  0.4|INFORM|Reading source feature # 2500
2013-02-20 14:59:50|   0.7|  0.2|INFORM|Reading source feature # 5000
2013-02-20 14:59:50|   0.9|  0.2|INFORM|Reading source feature # 7500
2013-02-20 14:59:50|   1.1|  0.2|INFORM|Reading source feature # 10000
2013-02-20 14:59:50|   1.2|  0.2|INFORM|Reading source feature # 12500
2013-02-20 14:59:51|   1.4|  0.2|INFORM|Reading source feature # 15000
2013-02-20 14:59:51|   1.6|  0.2|INFORM|Reading source feature # 17500
2013-02-20 14:59:51|   1.8|  0.2|INFORM|Reading source feature # 20000
2013-02-20 14:59:51|   1.9|  0.2|INFORM|Reading source feature # 22500
2013-02-20 14:59:51|   2.1|  0.2|INFORM|Reading source feature # 25000
2013-02-20 14:59:51|   2.3|  0.2|INFORM|Reading source feature # 27500
2013-02-20 14:59:52|   2.4|  0.2|INFORM|Reading source feature # 30000
2013-02-20 14:59:52|   2.6|  0.2|INFORM|Reading source feature # 32500
2013-02-20 14:59:52|   2.8|  0.2|INFORM|Reading source feature # 35000
2013-02-20 14:59:52|   2.9|  0.2|INFORM|Reading source feature # 37500
2013-02-20 14:59:52|   3.1|  0.2|INFORM|Reading source feature # 40000
2013-02-20 14:59:52|   3.3|  0.2|INFORM|Reading source feature # 42500
2013-02-20 14:59:53|   3.5|  0.2|INFORM|Reading source feature # 45000
2013-02-20 14:59:53|   3.6|  0.2|INFORM|Reading source feature # 47500
2013-02-20 14:59:53|   3.8|  0.2|INFORM|Reading source feature # 50000
2013-02-20 14:59:53|   4.0|  0.2|INFORM|Reading source feature # 52500
2013-02-20 14:59:53|   4.1|  0.2|INFORM|Reading source feature # 55000
2013-02-20 14:59:53|   4.3|  0.2|INFORM|Reading source feature # 57500
2013-02-20 14:59:54|   4.5|  0.2|INFORM|Reading source feature # 60000
2013-02-20 14:59:54|   4.7|  0.2|INFORM|Reading source feature # 62500
2013-02-20 14:59:54|   4.8|  0.2|INFORM|Reading source feature # 65000
2013-02-20 14:59:54|   5.0|  0.2|INFORM|Reading source feature # 67500
2013-02-20 14:59:54|   5.2|  0.2|INFORM|Reading source feature # 70000
2013-02-20 14:59:54|   5.4|  0.2|INFORM|Reading source feature # 72500
2013-02-20 14:59:55|   5.5|  0.2|INFORM|Reading source feature # 75000
2013-02-20 14:59:55|   5.7|  0.2|INFORM|Reading source feature # 77500
2013-02-20 14:59:55|   5.9|  0.2|INFORM|Reading source feature # 80000
2013-02-20 14:59:55|   6.0|  0.1|INFORM|Reading source feature # 82500
2013-02-20 14:59:55|   6.2|  0.2|INFORM|Reading source feature # 85000
2013-02-20 14:59:55|   6.3|  0.2|INFORM|Reading source feature # 87500
2013-02-20 14:59:56|   6.5|  0.2|INFORM|Reading source feature # 90000
2013-02-20 14:59:56|   6.7|  0.2|INFORM|Reading source feature # 92500
2013-02-20 14:59:56|   6.9|  0.2|INFORM|Reading source feature # 95000
2013-02-20 14:59:56|   7.0|  0.2|INFORM|Reading source feature # 97500
2013-02-20 14:59:56|   7.2|  0.2|INFORM|Reading source feature # 100000
2013-02-20 14:59:57|   7.4|  0.2|INFORM|Reading source feature # 102500
2013-02-20 14:59:57|   7.6|  0.2|INFORM|Reading source feature # 105000
2013-02-20 14:59:57|   7.7|  0.2|INFORM|Reading source feature # 107500
2013-02-20 14:59:57|   7.9|  0.2|INFORM|Reading source feature # 110000
2013-02-20 14:59:57|   8.1|  0.2|INFORM|Reading source feature # 112500
2013-02-20 14:59:57|   8.2|  0.2|INFORM|Reading source feature # 115000
2013-02-20 14:59:58|   8.4|  0.2|INFORM|Reading source feature # 117500
2013-02-20 14:59:58|   8.6|  0.2|INFORM|Reading source feature # 120000
2013-02-20 14:59:58|   8.8|  0.2|INFORM|Reading source feature # 122500
2013-02-20 14:59:58|   8.9|  0.2|INFORM|Reading source feature # 125000
2013-02-20 14:59:58|   9.1|  0.2|INFORM|Reading source feature # 127500
2013-02-20 14:59:58|   9.3|  0.2|INFORM|Reading source feature # 130000
2013-02-20 14:59:59|   9.4|  0.2|INFORM|Reading source feature # 132500
2013-02-20 14:59:59|   9.6|  0.2|INFORM|Reading source feature # 135000
2013-02-20 14:59:59|   9.8|  0.2|INFORM|Reading source feature # 137500
2013-02-20 14:59:59|  10.0|  0.2|INFORM|Reading source feature # 140000
2013-02-20 14:59:59|  10.1|  0.2|INFORM|Reading source feature # 142500
2013-02-20 14:59:59|  10.3|  0.2|INFORM|Reading source feature # 145000
2013-02-20 15:00:00|  10.5|  0.2|INFORM|Reading source feature # 147500
2013-02-20 15:00:00|  10.6|  0.2|INFORM|Reading source feature # 150000
2013-02-20 15:00:00|  10.8|  0.2|INFORM|Reading source feature # 152500
2013-02-20 15:00:00|  11.0|  0.2|INFORM|Reading source feature # 155000
2013-02-20 15:00:00|  11.2|  0.2|INFORM|Reading source feature # 157500
2013-02-20 15:00:00|  11.3|  0.2|INFORM|Reading source feature # 160000
2013-02-20 15:00:01|  11.5|  0.2|INFORM|Reading source feature # 162500
2013-02-20 15:00:01|  11.7|  0.2|INFORM|Reading source feature # 165000
2013-02-20 15:00:01|  11.9|  0.2|INFORM|Reading source feature # 167500
2013-02-20 15:00:01|  12.0|  0.2|INFORM|Reading source feature # 170000
2013-02-20 15:00:01|  12.2|  0.2|INFORM|Reading source feature # 172500
2013-02-20 15:00:02|  12.4|  0.2|INFORM|Reading source feature # 175000
2013-02-20 15:00:02|  12.6|  0.2|INFORM|Reading source feature # 177500
2013-02-20 15:00:02|  12.7|  0.2|INFORM|Reading source feature # 180000
2013-02-20 15:00:02|  12.9|  0.2|INFORM|Reading source feature # 182500
2013-02-20 15:00:02|  13.1|  0.2|INFORM|Reading source feature # 185000
2013-02-20 15:00:02|  13.2|  0.2|INFORM|Reading source feature # 187500
2013-02-20 15:00:03|  13.4|  0.2|INFORM|Reading source feature # 190000
2013-02-20 15:00:03|  13.6|  0.2|INFORM|Reading source feature # 192500
2013-02-20 15:00:03|  13.8|  0.2|INFORM|Reading source feature # 195000
2013-02-20 15:00:03|  13.9|  0.2|INFORM|Reading source feature # 197500
2013-02-20 15:00:03|  14.1|  0.2|INFORM|Reading source feature # 200000
2013-02-20 15:00:03|  14.3|  0.2|INFORM|Reading source feature # 202500
2013-02-20 15:00:04|  14.4|  0.2|INFORM|Reading source feature # 205000
2013-02-20 15:00:04|  14.6|  0.2|INFORM|Reading source feature # 207500
2013-02-20 15:00:04|  14.8|  0.2|INFORM|Reading source feature # 210000
2013-02-20 15:00:04|  15.0|  0.2|INFORM|Reading source feature # 212500
2013-02-20 15:00:04|  15.1|  0.2|INFORM|Reading source feature # 215000
2013-02-20 15:00:04|  15.3|  0.2|INFORM|Reading source feature # 217500
2013-02-20 15:00:05|  15.5|  0.2|INFORM|Reading source feature # 220000
2013-02-20 15:00:05|  15.7|  0.2|INFORM|Reading source feature # 222500
2013-02-20 15:00:05|  15.8|  0.2|INFORM|Reading source feature # 225000
2013-02-20 15:00:05|  16.0|  0.2|INFORM|Reading source feature # 227500
2013-02-20 15:00:05|  16.2|  0.2|INFORM|Reading source feature # 230000
2013-02-20 15:00:06|  16.4|  0.2|INFORM|Reading source feature # 232500
2013-02-20 15:00:06|  16.5|  0.2|INFORM|Reading source feature # 235000
2013-02-20 15:00:06|  16.7|  0.2|INFORM|Reading source feature # 237500
2013-02-20 15:00:06|  16.9|  0.2|INFORM|Reading source feature # 240000
2013-02-20 15:00:06|  17.1|  0.2|INFORM|Reading source feature # 242500
2013-02-20 15:00:06|  17.3|  0.2|INFORM|Reading source feature # 245000
2013-02-20 15:00:07|  17.4|  0.2|INFORM|Reading source feature # 247500
2013-02-20 15:00:07|  17.6|  0.2|INFORM|Reading source feature # 250000
2013-02-20 15:00:07|  17.8|  0.2|INFORM|Reading source feature # 252500
2013-02-20 15:00:07|  17.9|  0.2|INFORM|Reading source feature # 255000
2013-02-20 15:00:07|  18.1|  0.2|INFORM|Reading source feature # 257500
2013-02-20 15:00:07|  18.3|  0.2|INFORM|Reading source feature # 260000
2013-02-20 15:00:08|  18.5|  0.2|INFORM|Reading source feature # 262500
2013-02-20 15:00:08|  18.7|  0.2|INFORM|Reading source feature # 265000
2013-02-20 15:00:08|  18.8|  0.2|INFORM|Reading source feature # 267500
2013-02-20 15:00:08|  19.0|  0.2|INFORM|Reading source feature # 270000
2013-02-20 15:00:08|  19.2|  0.2|INFORM|Reading source feature # 272500
2013-02-20 15:00:09|  19.3|  0.2|INFORM|Reading source feature # 275000
2013-02-20 15:00:09|  19.5|  0.2|INFORM|Reading source feature # 277500
2013-02-20 15:00:09|  19.7|  0.1|INFORM|SQLite 3 Reader: Database read complete.  Retrieved 279281 feature(s)
2013-02-20 15:00:09|  19.7|  0.0|INFORM|Emptying factory pipeline
2013-02-20 15:00:09|  19.7|  0.0|STATS |Unexpected Input Remover(TestFactory): Tested 279281 input feature(s) -- 279281 feature(s) passed and 0 feature(s) failed
2013-02-20 15:00:09|  19.7|  0.0|STATS |Unexpected Input Remover Nuker(TeeFactory): Cloned 0 input feature(s) into 0 output feature(s)
2013-02-20 15:00:09|  19.7|  0.0|STATS |Source -> Generic(TeeFactory): Cloned 279281 input feature(s) into 279281 output feature(s)
2013-02-20 15:00:09|  19.7|  0.0|STATS |APC Feature Counter -1 33(TeeFactory): Cloned 279281 input feature(s) into 279281 output feature(s)
2013-02-20 15:00:09|  19.7|  0.0|STATS |GFI (SQLITE3_1) Splitter(TeeFactory): Cloned 0 input feature(s) into 0 output feature(s)
2013-02-20 15:00:09|  19.7|  0.0|STATS |GFIMATCH (SQLITE3_1) Splitter(TeeFactory): Cloned 0 input feature(s) into 0 output feature(s)
2013-02-20 15:00:09|  19.7|  0.0|STATS |AttributeCreator(TeeFactory): Cloned 279281 input feature(s) into 279281 output feature(s)
2013-02-20 15:00:09|  19.7|  0.0|STATS |AttributeCreator_OUTPUT Feature Counter -1 41(TeeFactory): Cloned 279281 input feature(s) into 279281 output feature(s)
2013-02-20 15:00:09|  19.7|  0.0|STATS |2DPointReplacer(TestFactory): Tested 279281 input feature(s) -- 0 feature(s) passed and 279281 feature(s) failed
2013-02-20 15:00:09|  19.7|  0.0|STATS |2DPointReplacer_POINT Feature Counter -1 18(TeeFactory): Cloned 279281 input feature(s) into 279281 output feature(s)
2013-02-20 15:00:09|  19.7|  0.0|STATS |Reprojector(TeeFactory): Cloned 279281 input feature(s) into 279281 output feature(s)
2013-02-20 15:00:09|  19.7|  0.0|STATS |Reprojector_REPROJECTED Feature Counter -1 24(TeeFactory): Cloned 279281 input feature(s) into 279281 output feature(s)
2013-02-20 15:00:09|  19.7|  0.0|INFORM|Sorter_2(SortFactory): Starting sorting 279281 feature(s)
2013-02-20 15:00:09|  19.7|  0.1|INFORM|Sorter_2(SortFactory): Done sorting 279281 feature(s)
2013-02-20 15:00:09|  19.8|  0.0|INFORM|Trying to find a DYNAMIC plugin for reader named `SQLITE3'
2013-02-20 15:00:09|  19.8|  0.0|INFORM|FME API version of module 'SQLITE3' matches current internal version (3.7 20111219)
2013-02-20 15:00:09|  19.8|  0.0|INFORM|SQLCreator(QueryFactory): Performing query against SQLITE3 dataset `C:\AndrewRoss\Work\AR_Whistler\Data\whistlerData.db'
2013-02-20 15:00:09|  19.8|  0.0|WARN  |Semicolons detected in SQL. May need to use FME_SQL_DELIMITER keyword to specify a delimiter. SQL is: 'select * from GFI 
where GFI.BUS in V_APCBUS and GFI.TYPE in (115,119,129,143)
;'
2013-02-20 15:00:09|  19.8|  0.0|INFORM|SQLite 3 Reader: Opening `C:\AndrewRoss\Work\AR_Whistler\Data\whistlerData.db' for read operation
2013-02-20 15:00:10|  20.3|  0.5|INFORM|SQLite 3 Reader: Database read complete.  Retrieved 19712 feature(s)
2013-02-20 15:00:10|  20.4|  0.1|INFORM|Sorter_2(SortFactory): Completed 1.43% of intermediate processing
2013-02-20 15:00:10|  20.5|  0.1|INFORM|Sorter_2(SortFactory): Completed 3.22% of intermediate processing
2013-02-20 15:00:10|  20.6|  0.1|INFORM|Sorter_2(SortFactory): Completed 5.01% of intermediate processing
2013-02-20 15:00:10|  20.6|  0.1|INFORM|Sorter_2(SortFactory): Completed 6.8% of intermediate processing
2013-02-20 15:00:10|  20.7|  0.1|INFORM|Sorter_2(SortFactory): Completed 8.59% of intermediate processing
2013-02-20 15:00:10|  20.8|  0.1|INFORM|Sorter_2(SortFactory): Completed 10.38% of intermediate processing
2013-02-20 15:00:10|  20.9|  0.1|INFORM|Sorter_2(SortFactory): Completed 12.17% of intermediate processing
2013-02-20 15:00:10|  21.0|  0.1|INFORM|Sorter_2(SortFactory): Completed 13.96% of intermediate processing
2013-02-20 15:00:10|  21.0|  0.1|INFORM|Sorter_2(SortFactory): Completed 15.75% of intermediate processing
2013-02-20 15:00:10|  21.1|  0.1|INFORM|Sorter_2(SortFactory): Completed 17.55% of intermediate processing
2013-02-20 15:00:10|  21.2|  0.1|INFORM|Sorter_2(SortFactory): Completed 19.34% of intermediate processing
2013-02-20 15:00:11|  21.3|  0.1|INFORM|Sorter_2(SortFactory): Completed 21.13% of intermediate processing
2013-02-20 15:00:11|  21.3|  0.1|INFORM|Sorter_2(SortFactory): Completed 22.92% of intermediate processing
2013-02-20 15:00:11|  21.4|  0.1|INFORM|Sorter_2(SortFactory): Completed 24.71% of intermediate processing
2013-02-20 15:00:11|  21.5|  0.1|INFORM|Sorter_2(SortFactory): Completed 26.5% of intermediate processing
2013-02-20 15:00:11|  21.6|  0.1|INFORM|Sorter_2(SortFactory): Completed 28.29% of intermediate processing
2013-02-20 15:00:11|  21.6|  0.1|INFORM|Sorter_2(SortFactory): Completed 30.08% of intermediate processing
2013-02-20 15:00:11|  21.7|  0.1|INFORM|Sorter_2(SortFactory): Completed 31.87% of intermediate processing
2013-02-20 15:00:11|  21.8|  0.1|INFORM|Sorter_2(SortFactory): Completed 33.66% of intermediate processing
2013-02-20 15:00:11|  21.9|  0.1|INFORM|Sorter_2(SortFactory): Completed 35.45% of intermediate processing
2013-02-20 15:00:11|  21.9|  0.1|INFORM|Sorter_2(SortFactory): Completed 37.24% of intermediate processing
2013-02-20 15:00:11|  22.0|  0.1|INFORM|Sorter_2(SortFactory): Completed 39.03% of intermediate processing
2013-02-20 15:00:11|  22.1|  0.1|INFORM|Sorter_2(SortFactory): Completed 40.82% of intermediate processing
2013-02-20 15:00:11|  22.2|  0.1|INFORM|Sorter_2(SortFactory): Completed 42.61% of intermediate processing
2013-02-20 15:00:12|  22.3|  0.1|INFORM|Sorter_2(SortFactory): Completed 44.4% of intermediate processing
2013-02-20 15:00:12|  22.3|  0.1|INFORM|Sorter_2(SortFactory): Completed 46.19% of intermediate processing
2013-02-20 15:00:12|  22.4|  0.1|INFORM|Sorter_2(SortFactory): Completed 47.98% of intermediate processing
2013-02-20 15:00:12|  22.5|  0.1|INFORM|Sorter_2(SortFactory): Completed 49.77% of intermediate processing
2013-02-20 15:00:12|  22.6|  0.1|INFORM|Sorter_2(SortFactory): Completed 51.56% of intermediate processing
2013-02-20 15:00:12|  22.6|  0.1|INFORM|Sorter_2(SortFactory): Completed 53.35% of intermediate processing
2013-02-20 15:00:12|  22.7|  0.1|INFORM|Sorter_2(SortFactory): Completed 55.14% of intermediate processing
2013-02-20 15:00:12|  22.8|  0.1|INFORM|Sorter_2(SortFactory): Completed 56.93% of intermediate processing
2013-02-20 15:00:12|  22.9|  0.1|INFORM|Sorter_2(SortFactory): Completed 58.72% of intermediate processing
2013-02-20 15:00:12|  22.9|  0.1|INFORM|Sorter_2(SortFactory): Completed 60.51% of intermediate processing
2013-02-20 15:00:12|  23.0|  0.1|INFORM|Sorter_2(SortFactory): Completed 62.3% of intermediate processing
2013-02-20 15:00:12|  23.1|  0.1|INFORM|Sorter_2(SortFactory): Completed 64.09% of intermediate processing
2013-02-20 15:00:13|  23.2|  0.1|INFORM|Sorter_2(SortFactory): Completed 65.88% of intermediate processing
2013-02-20 15:00:13|  23.3|  0.1|INFORM|Sorter_2(SortFactory): Completed 67.67% of intermediate processing
2013-02-20 15:00:13|  23.3|  0.1|INFORM|Sorter_2(SortFactory): Completed 69.46% of intermediate processing
2013-02-20 15:00:13|  23.4|  0.1|INFORM|Sorter_2(SortFactory): Completed 71.25% of intermediate processing
2013-02-20 15:00:13|  23.5|  0.1|INFORM|Sorter_2(SortFactory): Completed 73.04% of intermediate processing
2013-02-20 15:00:13|  23.6|  0.1|INFORM|Sorter_2(SortFactory): Completed 74.84% of intermediate processing
2013-02-20 15:00:13|  23.6|  0.1|INFORM|Sorter_2(SortFactory): Completed 76.63% of intermediate processing
2013-02-20 15:00:13|  23.7|  0.1|INFORM|Sorter_2(SortFactory): Completed 78.42% of intermediate processing
2013-02-20 15:00:13|  23.8|  0.1|INFORM|Sorter_2(SortFactory): Completed 80.21% of intermediate processing
2013-02-20 15:00:13|  23.9|  0.1|INFORM|Sorter_2(SortFactory): Completed 82% of intermediate processing
2013-02-20 15:00:13|  23.9|  0.1|INFORM|Sorter_2(SortFactory): Completed 83.79% of intermediate processing
2013-02-20 15:00:13|  24.0|  0.1|INFORM|Sorter_2(SortFactory): Completed 85.58% of intermediate processing
2013-02-20 15:00:13|  24.1|  0.1|INFORM|Sorter_2(SortFactory): Completed 87.37% of intermediate processing
2013-02-20 15:00:14|  24.2|  0.1|INFORM|Sorter_2(SortFactory): Completed 89.16% of intermediate processing
2013-02-20 15:00:14|  24.3|  0.1|INFORM|Sorter_2(SortFactory): Completed 90.95% of intermediate processing
2013-02-20 15:00:14|  24.3|  0.1|INFORM|Sorter_2(SortFactory): Completed 92.74% of intermediate processing
2013-02-20 15:00:14|  24.4|  0.1|INFORM|Sorter_2(SortFactory): Completed 94.53% of intermediate processing
2013-02-20 15:00:14|  24.5|  0.1|INFORM|Sorter_2(SortFactory): Completed 96.32% of intermediate processing
2013-02-20 15:00:14|  24.6|  0.1|INFORM|Sorter_2(SortFactory): Completed 98.11% of intermediate processing
2013-02-20 15:00:14|  24.6|  0.1|INFORM|Sorter_2(SortFactory): Completed 99.9% of intermediate processing
2013-02-20 15:00:14|  24.7|  0.0|STATS |Sorter_2(SortFactory): Sorted 279281 feature(s)
2013-02-20 15:00:14|  24.7|  0.0|STATS |Sorter_2_SORTED Feature Counter -1 25(TeeFactory): Cloned 279281 input feature(s) into 279281 output feature(s)
2013-02-20 15:00:14|  24.7|  0.0|STATS |SQLCreator_Creator(CreationFactory): Created 1 features
2013-02-20 15:00:14|  24.7|  0.0|INFORM|SQLite 3 Reader: Closing `C:\AndrewRoss\Work\AR_Whistler\Data\whistlerData.db' . Read operation complete
2013-02-20 15:00:14|  24.7|  0.0|STATS |SQLCreator_RESULT Feature Counter -1 42(TeeFactory): Cloned 19712 input feature(s) into 19712 output feature(s)
2013-02-20 15:00:14|  24.7|  0.0|STATS |AttributeCreator_2(TeeFactory): Cloned 19712 input feature(s) into 19712 output feature(s)
2013-02-20 15:00:14|  24.7|  0.0|STATS |AttributeCreator_2_OUTPUT Feature Counter -1 43(TeeFactory): Cloned 19712 input feature(s) into 19712 output feature(s)
2013-02-20 15:00:14|  24.7|  0.0|INFORM|Sorter(SortFactory): Starting sorting 19712 feature(s)
2013-02-20 15:00:14|  24.7|  0.0|INFORM|Sorter(SortFactory): Done sorting 19712 feature(s)
2013-02-20 15:00:14|  24.7|  0.0|INFORM|Sorter(SortFactory): Completed 20.29% of intermediate processing
2013-02-20 15:00:14|  24.8|  0.1|INFORM|Sorter(SortFactory): Completed 45.66% of intermediate processing
2013-02-20 15:00:14|  24.9|  0.1|INFORM|Sorter(SortFactory): Completed 71.02% of intermediate processing
2013-02-20 15:00:14|  24.9|  0.1|INFORM|Sorter(SortFactory): Completed 96.39% of intermediate processing
2013-02-20 15:00:14|  25.0|  0.0|STATS |Sorter(SortFactory): Sorted 19712 feature(s)
2013-02-20 15:00:14|  25.0|  0.0|STATS |Sorter_SORTED Feature Counter -1 23(TeeFactory): Cloned 19712 input feature(s) into 19712 output feature(s)
2013-02-20 15:00:15|  25.7|  0.8|INFORM|Loaded module 'EvaluateExpression_func' from file 'C:\Program Files\FME\plugins/EvaluateExpression_func.dll'
2013-02-20 15:00:15|  25.7|  0.0|INFORM|FME API version of module 'EvaluateExpression_func' matches current internal version (3.7 20111219)
2013-02-20 15:00:15|  25.8|  0.1|INFORM|FME Configuration: No destination coordinate system set
2013-02-20 15:00:15|  25.8|  0.0|INFORM|Using Shape Writer $Revision: 78962 $ ( $Date: 2011-05-04 16:50:26 -0700 (Wed, 04 May 2011) $ ) to write shape files to directory `C:\AndrewRoss\Work\AR_Whistler\Data'
2013-02-20 15:00:15|  25.8|  0.0|INFORM|Shape Writer: Enabling Strict compatibility
2013-02-20 15:00:15|  25.8|  0.0|INFORM|Writer `SHAPE_1' of type `SHAPE' using group definition keyword `SHAPE_1_DEF'
2013-02-20 15:00:15|  25.8|  0.0|INFORM|Shape Writer: Writing shape file using character encoding `ANSI'
2013-02-20 15:00:15|  25.8|  0.0|INFORM|Opened Shape File C:\AndrewRoss\Work\AR_Whistler\Data\gfi_utm10.shp for output
2013-02-20 15:00:15|  25.8|  0.0|INFORM|Opened DBF file 'C:\AndrewRoss\Work\AR_Whistler\Data\gfi_utm10.dbf' for output
2013-02-20 15:00:15|  25.8|  0.0|INFORM|DBF Writer: Writing DBF file using character encoding `ANSI'
2013-02-20 15:00:40|  50.6| 24.7|STATS |PythonCaller_OUTPUT Feature Counter -1 27(TeeFactory): Cloned 19712 input feature(s) into 19712 output feature(s)
2013-02-20 15:00:40|  50.6|  0.0|STATS |Tester(TestFactory): Tested 19712 input feature(s) -- 19634 feature(s) passed and 78 feature(s) failed
2013-02-20 15:00:40|  50.6|  0.0|STATS |Tester_PASSED Feature Counter -1 28(TeeFactory): Cloned 19634 input feature(s) into 19634 output feature(s)
2013-02-20 15:00:40|  50.6|  0.0|STATS |Tester_FAILED Feature Counter -1 29(TeeFactory): Cloned 78 input feature(s) into 78 output feature(s)
2013-02-20 15:00:40|  50.6|  0.0|STATS |AttributeRemover_2(TeeFactory): Cloned 78 input feature(s) into 78 output feature(s)
2013-02-20 15:00:40|  50.6|  0.0|STATS |AttributeRemover_2_OUTPUT Feature Counter -1 30(TeeFactory): Cloned 78 input feature(s) into 78 output feature(s)
2013-02-20 15:00:40|  50.6|  0.0|STATS |AttributeRemover(TeeFactory): Cloned 19634 input feature(s) into 19634 output feature(s)
2013-02-20 15:00:40|  50.6|  0.0|STATS |AttributeRemover_OUTPUT Feature Counter -1 38(TeeFactory): Cloned 19634 input feature(s) into 19634 output feature(s)
2013-02-20 15:00:40|  50.6|  0.0|STATS |AttributeCreator_3(TeeFactory): Cloned 19634 input feature(s) into 19634 output feature(s)
2013-02-20 15:00:40|  50.6|  0.0|STATS |AttributeCreator_3_OUTPUT Feature Counter -1 39(TeeFactory): Cloned 19634 input feature(s) into 19634 output feature(s)
2013-02-20 15:00:40|  50.6|  0.0|STATS |SubstringExtractor_2(TeeFactory): Cloned 19634 input feature(s) into 19634 output feature(s)
2013-02-20 15:00:40|  50.6|  0.0|STATS |SubstringExtractor_2_OUTPUT Feature Counter -1 36(TeeFactory): Cloned 19634 input feature(s) into 19634 output feature(s)
2013-02-20 15:00:40|  50.6|  0.0|STATS |SubstringExtractor(TeeFactory): Cloned 19634 input feature(s) into 19634 output feature(s)
2013-02-20 15:00:40|  50.6|  0.0|STATS |SubstringExtractor_OUTPUT Feature Counter -1 32(TeeFactory): Cloned 19634 input feature(s) into 19634 output feature(s)
2013-02-20 15:00:40|  50.6|  0.0|STATS |AttributeRemover_2_OUTPUT -> gfi_noMatch Correlator(TeeFactory): Cloned 78 input feature(s) into 78 output feature(s)
2013-02-20 15:00:40|  50.6|  0.0|STATS |SubstringExtractor_OUTPUT -> gfi_utm10 Correlator(TeeFactory): Cloned 19634 input feature(s) into 19634 output feature(s)
2013-02-20 15:00:40|  50.6|  0.0|STATS |Final Output Feature Type Router(TestFactory): Tested 19712 input feature(s) -- 19712 feature(s) passed and 0 feature(s) failed
2013-02-20 15:00:40|  50.6|  0.0|STATS |Final Output Nuker(TeeFactory): Cloned 0 input feature(s) into 0 output feature(s)
2013-02-20 15:00:40|  50.6|  0.0|INFORM|=-=-=-=-=-=-=-=-=-=-=-=-=-=-=-=-=-=-=-=-=-=-=-=-=-=-=-=-=-=-=-=-=-=-=-=-=-=-=-
2013-02-20 15:00:40|  50.6|  0.0|INFORM|Feature output statistics for `SHAPE' writer using keyword `SHAPE_1':
2013-02-20 15:00:40|  50.6|  0.0|STATS |=-=-=-=-=-=-=-=-=-=-=-=-=-=-=-=-=-=-=-=-=-=-=-=-=-=-=-=-=-=-=-=-=-=-=-=-=-=-=-
2013-02-20 15:00:40|  50.6|  0.0|STATS |                               Features Written
2013-02-20 15:00:40|  50.6|  0.0|STATS |=-=-=-=-=-=-=-=-=-=-=-=-=-=-=-=-=-=-=-=-=-=-=-=-=-=-=-=-=-=-=-=-=-=-=-=-=-=-=-
2013-02-20 15:00:40|  50.6|  0.0|STATS |gfi_utm10 (gfi_utm10)                                                    19634
2013-02-20 15:00:40|  50.6|  0.0|STATS |==============================================================================
2013-02-20 15:00:40|  50.6|  0.0|STATS |Total Features Written                                                   19634
2013-02-20 15:00:40|  50.6|  0.0|STATS |=-=-=-=-=-=-=-=-=-=-=-=-=-=-=-=-=-=-=-=-=-=-=-=-=-=-=-=-=-=-=-=-=-=-=-=-=-=-=-
2013-02-20 15:00:40|  50.6|  0.0|INFORM|MULTI_WRITER: multi_writer_id `1': Started outputting features
2013-02-20 15:00:40|  50.6|  0.0|INFORM|Trying to find a DYNAMIC plugin for writer named `CSV'
2013-02-20 15:00:40|  50.6|  0.0|INFORM|Loaded module 'CSV' from file 'C:\Program Files\FME\plugins/CSV.dll'
2013-02-20 15:00:40|  50.6|  0.0|INFORM|FME API version of module 'CSV' matches current internal version (3.7 20111219)
2013-02-20 15:00:40|  50.6|  0.0|INFORM|FME Configuration: No destination coordinate system set
2013-02-20 15:00:40|  50.6|  0.0|INFORM|FME API version of module 'CSV' matches current internal version (3.7 20111219)
2013-02-20 15:00:40|  50.6|  0.0|INFORM|Writer `CSV_1' of type `CSV' using group definition keyword `CSV_1_DEF'
2013-02-20 15:00:40|  50.7|  0.0|INFORM|FME API version of module 'CSV' matches current internal version (3.7 20111219)
2013-02-20 15:00:40|  50.7|  0.0|INFORM|CSV Writer: Quoting only output fields that contain " or ,
2013-02-20 15:00:40|  50.7|  0.0|INFORM|CSV Writer: Append to File: no
2013-02-20 15:00:40|  50.7|  0.0|INFORM|CSV Writer: Output Field Names on First Line: yes
2013-02-20 15:00:40|  50.7|  0.0|INFORM|CSV Writer: Separator Character: ','
2013-02-20 15:00:40|  50.7|  0.0|INFORM|CSV Writer: Extension: '.csv'
2013-02-20 15:00:40|  50.7|  0.0|INFORM|CSV Writer: Quote Output Values: yes
2013-02-20 15:00:40|  50.7|  0.0|INFORM|CSV Writer: Quote Field Names: no
2013-02-20 15:00:40|  50.7|  0.0|INFORM|CSV Writer: Line Termination: Windows
2013-02-20 15:00:40|  50.7|  0.0|INFORM|CSV Writer: Write UTF-8 BOM: yes
2013-02-20 15:00:40|  50.7|  0.0|INFORM|FME Configuration: No destination coordinate system set
2013-02-20 15:00:40|  50.7|  0.0|INFORM|CSV Writer: Opening file `C:\AndrewRoss\Work\AR_Whistler\Data\gfi_noMatch.csv'
2013-02-20 15:00:40|  50.7|  0.0|INFORM|Using Table Writer $Revision: 67981 $ ( $Date: 2010-03-05 17:37:30 -0800 (Fri, 05 Mar 2010) $ ) to write tabular files to directory `C:\AndrewRoss\Work\AR_Whistler\Data'
2013-02-20 15:00:40|  50.7|  0.0|INFORM|Opened Separated Value File C:\AndrewRoss\Work\AR_Whistler\Data\gfi_noMatch.csv for output with delimiter `,'
2013-02-20 15:00:40|  50.7|  0.0|INFORM|MULTI_WRITER: multi_writer_id `1': Writing feature 0 
2013-02-20 15:00:40|  50.7|  0.0|INFORM|CSV Writer: Closing file `C:\AndrewRoss\Work\AR_Whistler\Data\gfi_noMatch.csv'
2013-02-20 15:00:40|  50.7|  0.0|INFORM|=-=-=-=-=-=-=-=-=-=-=-=-=-=-=-=-=-=-=-=-=-=-=-=-=-=-=-=-=-=-=-=-=-=-=-=-=-=-=-
2013-02-20 15:00:40|  50.7|  0.0|INFORM|Feature output statistics for `CSV' writer using keyword `CSV_1':
2013-02-20 15:00:40|  50.7|  0.0|STATS |=-=-=-=-=-=-=-=-=-=-=-=-=-=-=-=-=-=-=-=-=-=-=-=-=-=-=-=-=-=-=-=-=-=-=-=-=-=-=-
2013-02-20 15:00:40|  50.7|  0.0|STATS |                               Features Written
2013-02-20 15:00:40|  50.7|  0.0|STATS |=-=-=-=-=-=-=-=-=-=-=-=-=-=-=-=-=-=-=-=-=-=-=-=-=-=-=-=-=-=-=-=-=-=-=-=-=-=-=-
2013-02-20 15:00:40|  50.7|  0.0|STATS |gfi_noMatch (gfi_noMatch)                                                   78
2013-02-20 15:00:40|  50.7|  0.0|STATS |==============================================================================
2013-02-20 15:00:40|  50.7|  0.0|STATS |Total Features Written                                                      78
2013-02-20 15:00:40|  50.7|  0.0|STATS |=-=-=-=-=-=-=-=-=-=-=-=-=-=-=-=-=-=-=-=-=-=-=-=-=-=-=-=-=-=-=-=-=-=-=-=-=-=-=-
2013-02-20 15:00:40|  50.7|  0.0|INFORM|MULTI_WRITER: multi_writer_id `1': done writing 78 feature(s) 
2013-02-20 15:00:40|  50.7|  0.0|INFORM|^^^^^^^^^^^^^^^^^^^^^^^^^^^^^^^^^^^^^^^^^^^^^^^^^^^^^^^^^^^^^^^^^^^^^^^^^^^^^^
2013-02-20 15:00:40|  50.7|  0.0|STATS |=-=-=-=-=-=-=-=-=-=-=-=-=-=-=-=-=-=-=-=-=-=-=-=-=-=-=-=-=-=-=-=-=-=-=-=-=-=-=-
2013-02-20 15:00:40|  50.7|  0.0|STATS |                            Features Read Summary
2013-02-20 15:00:40|  50.7|  0.0|STATS |=-=-=-=-=-=-=-=-=-=-=-=-=-=-=-=-=-=-=-=-=-=-=-=-=-=-=-=-=-=-=-=-=-=-=-=-=-=-=-
2013-02-20 15:00:40|  50.7|  0.0|STATS |APC                                                                     279281
2013-02-20 15:00:40|  50.7|  0.0|STATS |==============================================================================
2013-02-20 15:00:40|  50.7|  0.0|STATS |Total Features Read                                                     279281
2013-02-20 15:00:40|  50.7|  0.0|STATS |=-=-=-=-=-=-=-=-=-=-=-=-=-=-=-=-=-=-=-=-=-=-=-=-=-=-=-=-=-=-=-=-=-=-=-=-=-=-=-
2013-02-20 15:00:40|  50.7|  0.0|STATS |=-=-=-=-=-=-=-=-=-=-=-=-=-=-=-=-=-=-=-=-=-=-=-=-=-=-=-=-=-=-=-=-=-=-=-=-=-=-=-
2013-02-20 15:00:40|  50.7|  0.0|STATS |                           Features Written Summary
2013-02-20 15:00:40|  50.7|  0.0|STATS |=-=-=-=-=-=-=-=-=-=-=-=-=-=-=-=-=-=-=-=-=-=-=-=-=-=-=-=-=-=-=-=-=-=-=-=-=-=-=-
2013-02-20 15:00:40|  50.7|  0.0|STATS |gfi_noMatch                                                                 78
2013-02-20 15:00:40|  50.7|  0.0|STATS |gfi_utm10                                                                19634
2013-02-20 15:00:40|  50.7|  0.0|STATS |==============================================================================
2013-02-20 15:00:40|  50.7|  0.0|STATS |Total Features Written                                                   19712
2013-02-20 15:00:40|  50.7|  0.0|STATS |=-=-=-=-=-=-=-=-=-=-=-=-=-=-=-=-=-=-=-=-=-=-=-=-=-=-=-=-=-=-=-=-=-=-=-=-=-=-=-
2013-02-20 15:00:40|  50.7|  0.0|INFORM|SQLite 3 Reader: Closing `C:\AndrewRoss\Work\AR_Whistler\Data\whistlerData.db' . Read operation complete
2013-02-20 15:00:41|  50.7|  0.0|INFORM|Translation was SUCCESSFUL with 1 warning(s) (19712 feature(s) output)
2013-02-20 15:00:41|  50.7|  0.0|INFORM|FME Session Duration: 52.2 seconds. (CPU: 49.8s user, 0.8s system)
2013-02-20 15:00:41|  50.7|  0.0|INFORM|END - ProcessID: 5836, peak process memory usage: 845524 kB, current process memory usage: 787084 kB
