2013-02-27 15:35:47|   0.1|  0.1|INFORM|Feature Manipulation Engine 2012 SP2 (20120417 - Build 12238 - WIN64)
2013-02-27 15:35:47|   0.1|  0.0|INFORM|FME_HOME is 'C:\Program Files\FME\'
2013-02-27 15:35:47|   0.1|  0.0|INFORM|FME ESRI Edition (node locked-crc)
2013-02-27 15:35:47|   0.1|  0.0|INFORM|Serial Number: SAF000971
2013-02-27 15:35:47|   0.1|  0.0|INFORM|Permanent License.
2013-02-27 15:35:47|   0.1|  0.0|INFORM|Machine host name is: VTCW0105
2013-02-27 15:35:47|   0.1|  0.0|INFORM|START - ProcessID: 9792, peak process memory usage: 30780 kB, current process memory usage: 30696 kB
2013-02-27 15:35:47|   0.1|  0.0|INFORM|FME Configuration: Command line arguments are `C:\Program Files\FME\fme.exe' `C:\AndrewRoss\Work\AR_Whistler\FME\wb-xlate-1362008146882_8696' `LOG_STANDARDOUT' `YES' `LogCount' `C:\Users\aross\AppData\Local\Temp\wb-xlate-counts-1362008146885_8696'
2013-02-27 15:35:47|   0.1|  0.0|INFORM|Shared directories for formats are : C:\Program Files\FME\datasources;G:\BusinessIntelligence\Data\Resource\FME\Formats;C:\AndrewRoss\FME\Formats
2013-02-27 15:35:47|   0.1|  0.0|INFORM|Shared directories for transformers are : F:\My Documents\FME\Transformers;C:\Program Files\FME\transformers;G:\BusinessIntelligence\Data\Resource\FME\Transformers;C:\AndrewRoss\FME\Transformers;C:\Users\aross\AppData\Roaming\Safe Software\FME\FME Store\Transformers
2013-02-27 15:35:47|   0.1|  0.0|INFORM|Shared directories for coordinate systems are : G:\BusinessIntelligence\Data\Resource\FME\CoordinateSystems;C:\AndrewRoss\FME\CoordinateSystems
2013-02-27 15:35:47|   0.1|  0.0|INFORM|Shared directories for coordinate system exceptions are : G:\BusinessIntelligence\Data\Resource\FME\CoordinateSystemExceptions;C:\AndrewRoss\FME\CoordinateSystemExceptions
2013-02-27 15:35:47|   0.1|  0.0|INFORM|Shared directories for transformer categories are : G:\BusinessIntelligence\Data\Resource\FME\TransformerCategories;C:\AndrewRoss\FME\TransformerCategories
2013-02-27 15:35:47|   0.1|  0.0|INFORM|FME Configuration: Reader Keyword is `NULL_SOURCE'
2013-02-27 15:35:47|   0.1|  0.0|INFORM|FME Configuration: Writer Keyword is `SQLITE3_1'
2013-02-27 15:35:47|   0.1|  0.0|INFORM|FME Configuration: Writer Group Definition Keyword is `SQLITE3_1_DEF'
2013-02-27 15:35:47|   0.1|  0.0|INFORM|FME Configuration: Reader type is `NULL'
2013-02-27 15:35:47|   0.1|  0.0|INFORM|FME Configuration: Writer type is `SQLITE3'
2013-02-27 15:35:47|   0.1|  0.0|INFORM|FME Configuration: No destination coordinate system set
2013-02-27 15:35:47|   0.1|  0.0|INFORM|FME Configuration: Geometry Handling Mode is `Enhanced' 
2013-02-27 15:35:47|   0.1|  0.0|INFORM|FME Configuration: Current working directory is `C:\AndrewRoss\Work\AR_Whistler\FME'
2013-02-27 15:35:47|   0.1|  0.0|INFORM|FME Configuration: Temporary directory is `C:\Users\aross\AppData\Local\Temp'
2013-02-27 15:35:47|   0.1|  0.0|INFORM|FME Configuration: FME_HOME is `C:\Program Files\FME\'
2013-02-27 15:35:47|   0.1|  0.0|INFORM|FME Configuration: FME_BASE is 'no'
2013-02-27 15:35:47|   0.1|  0.0|INFORM|FME Configuration: FME_MF_DIR is 'C:\AndrewRoss\Work\AR_Whistler\FME/'
2013-02-27 15:35:47|   0.1|  0.0|INFORM|FME Configuration: FME_MF_NAME is 'matchGFI_3.fmw'
2013-02-27 15:35:47|   0.1|  0.0|INFORM|FME Configuration: FME_PRODUCT_NAME is 'FME(R) 2012 SP2'
2013-02-27 15:35:47|   0.1|  0.0|INFORM|System Status: 80386MB of disk space available in the FME temporary directory (C:\Users\aross\AppData\Local\Temp\)
2013-02-27 15:35:47|   0.1|  0.0|INFORM|System Status: 8388429MB of virtual memory available
2013-02-27 15:35:47|   0.1|  0.0|INFORM|Operating System: Microsoft Windows 7 x64 Service Pack 1 (Build 7601)
2013-02-27 15:35:47|   0.1|  0.0|INFORM|FME Platform: WIN64
2013-02-27 15:35:47|   0.1|  0.0|INFORM|Locale: en_CA
2013-02-27 15:35:47|   0.1|  0.0|INFORM|Code Page: 1252  (ANSI - Latin I)
2013-02-27 15:35:47|   0.1|  0.0|INFORM|FME Configuration: Process limit is 8150 MB (out of 8150 MB physical memory and 8388607 MB address space)
2013-02-27 15:35:47|   0.1|  0.0|INFORM|FME Configuration: Start freeing memory when process usage exceeds 4890 MB of memory or 8388007 MB of address space
2013-02-27 15:35:47|   0.1|  0.0|INFORM|FME Configuration: Stop freeing memory when process usage is below 3667 MB of memory and 6291005 MB of address space
2013-02-27 15:35:47|   0.1|  0.0|INFORM|FME Configuration: Autodetermining optimal maximum number of objects in memory
2013-02-27 15:35:47|   0.1|  0.0|INFORM|Trying to find a DYNAMIC plugin for writer named `SQLITE3'
2013-02-27 15:35:47|   0.1|  0.0|INFORM|Loaded module 'SQLITE3' from file 'C:\Program Files\FME\plugins/SQLITE3.dll'
2013-02-27 15:35:47|   0.1|  0.0|INFORM|FME API version of module 'SQLITE3' matches current internal version (3.7 20111219)
2013-02-27 15:35:47|   0.1|  0.0|INFORM|Trying to find a DYNAMIC plugin for reader named `NULL'
2013-02-27 15:35:47|   0.1|  0.0|INFORM|Loaded module 'NULL' from file 'C:\Program Files\FME\plugins/NULL.dll'
2013-02-27 15:35:47|   0.1|  0.0|INFORM|FME API version of module 'NULL' matches current internal version (3.7 20111219)
2013-02-27 15:35:47|   0.1|  0.0|INFORM|FME API version of module 'SQLITE3' matches current internal version (3.7 20111219)
2013-02-27 15:35:47|   0.2|  0.0|INFORM|FME API version of module 'SQLITE3' matches current internal version (3.7 20111219)
2013-02-27 15:35:47|   0.2|  0.0|INFORM|SQLite 3 Writer: Opening `C:\AndrewRoss\Work\AR_Whistler\Data\whistlerData02.db' for write operation
2013-02-27 15:35:47|   0.2|  0.0|INFORM|Loaded module 'QueryFactory' from file 'C:\Program Files\FME\plugins/QueryFactory.dll'
2013-02-27 15:35:47|   0.2|  0.0|INFORM|FME API version of module 'QueryFactory' matches current internal version (3.7 20111219)
2013-02-27 15:35:47|   0.2|  0.0|INFORM|Loaded module 'LogCount_func' from file 'C:\Program Files\FME\plugins/LogCount_func.dll'
2013-02-27 15:35:47|   0.2|  0.0|INFORM|FME API version of module 'LogCount_func' matches current internal version (3.7 20111219)
2013-02-27 15:35:47|   0.2|  0.0|INFORM|FME API version of module 'QueryFactory' matches current internal version (3.7 20111219)
2013-02-27 15:35:47|   0.2|  0.0|INFORM|Loaded module 'PythonFactory' from file 'C:\Program Files\FME\plugins/PythonFactory.dll'
2013-02-27 15:35:47|   0.2|  0.0|INFORM|FME API version of module 'PythonFactory' matches current internal version (3.7 20111219)
2013-02-27 15:35:47|   0.2|  0.0|INFORM|Using FME's provided Python interpreter from C:\Program Files\FME\fmepython27\python27.dll
2013-02-27 15:35:47|   0.2|  0.0|INFORM|Python version 2.7 successfully loaded
2013-02-27 15:35:47|   0.2|  0.0|INFORM|Adding directory `C:\AndrewRoss\Work\AR_Whistler\FME\' to the python path
2013-02-27 15:35:47|   0.2|  0.0|INFORM|Emptying factory pipeline
2013-02-27 15:35:47|   0.2|  0.0|INFORM|Trying to find a DYNAMIC plugin for reader named `SQLITE3'
2013-02-27 15:35:47|   0.2|  0.0|INFORM|FME API version of module 'SQLITE3' matches current internal version (3.7 20111219)
2013-02-27 15:35:47|   0.2|  0.0|INFORM|GFI(QueryFactory): Performing query against SQLITE3 dataset `C:\AndrewRoss\Work\AR_Whistler\Data\whistlerData02.db'
2013-02-27 15:35:47|   0.2|  0.0|INFORM|SQLite 3 Reader: Opening `C:\AndrewRoss\Work\AR_Whistler\Data\whistlerData02.db' for read operation
2013-02-27 15:35:48|   1.0|  0.8|INFORM|SQLite 3 Reader: Database read complete.  Retrieved 19999 feature(s)
2013-02-27 15:35:48|   1.0|  0.0|STATS |GFI_Creator(CreationFactory): Created 1 features
2013-02-27 15:35:48|   1.0|  0.0|INFORM|SQLite 3 Reader: Closing `C:\AndrewRoss\Work\AR_Whistler\Data\whistlerData02.db' . Read operation complete
2013-02-27 15:35:48|   1.0|  0.0|STATS |GFI_RESULT Feature Counter -1 5(TeeFactory): Cloned 19999 input feature(s) into 19999 output feature(s)
2013-02-27 15:35:48|   1.0|  0.0|STATS |AttributeCreator(TeeFactory): Cloned 19999 input feature(s) into 19999 output feature(s)
2013-02-27 15:35:48|   1.0|  0.0|STATS |AttributeCreator_OUTPUT Feature Counter -1 10(TeeFactory): Cloned 19999 input feature(s) into 19999 output feature(s)
2013-02-27 15:35:48|   1.0|  0.0|INFORM|Sorter(SortFactory): Starting sorting 19999 feature(s)
2013-02-27 15:35:48|   1.0|  0.0|INFORM|Sorter(SortFactory): Done sorting 19999 feature(s)
2013-02-27 15:35:48|   1.0|  0.0|INFORM|Trying to find a DYNAMIC plugin for reader named `SQLITE3'
2013-02-27 15:35:48|   1.0|  0.0|INFORM|FME API version of module 'SQLITE3' matches current internal version (3.7 20111219)
2013-02-27 15:35:48|   1.0|  0.0|INFORM|APC(QueryFactory): Performing query against SQLITE3 dataset `C:\AndrewRoss\Work\AR_Whistler\Data\whistlerData02.db'
2013-02-27 15:35:48|   1.0|  0.0|INFORM|SQLite 3 Reader: Opening `C:\AndrewRoss\Work\AR_Whistler\Data\whistlerData02.db' for read operation
2013-02-27 15:35:51|   4.0|  3.0|INFORM|SQLite 3 Reader: Database read complete.  Retrieved 106824 feature(s)
2013-02-27 15:35:51|   4.1|  0.1|INFORM|Sorter(SortFactory): Completed 20% of intermediate processing
2013-02-27 15:35:51|   4.2|  0.1|INFORM|Sorter(SortFactory): Completed 45% of intermediate processing
2013-02-27 15:35:51|   4.2|  0.1|INFORM|Sorter(SortFactory): Completed 70% of intermediate processing
2013-02-27 15:35:51|   4.3|  0.1|INFORM|Sorter(SortFactory): Completed 95% of intermediate processing
2013-02-27 15:35:51|   4.3|  0.0|STATS |Sorter(SortFactory): Sorted 19999 feature(s)
2013-02-27 15:35:51|   4.3|  0.0|STATS |Sorter_SORTED Feature Counter -1 15(TeeFactory): Cloned 19999 input feature(s) into 19999 output feature(s)
2013-02-27 15:35:51|   4.3|  0.0|STATS |APC_Creator(CreationFactory): Created 1 features
2013-02-27 15:35:51|   4.3|  0.0|INFORM|SQLite 3 Reader: Closing `C:\AndrewRoss\Work\AR_Whistler\Data\whistlerData02.db' . Read operation complete
2013-02-27 15:35:51|   4.3|  0.0|STATS |APC_RESULT Feature Counter -1 8(TeeFactory): Cloned 106824 input feature(s) into 106824 output feature(s)
2013-02-27 15:35:51|   4.3|  0.0|STATS |Tester(TestFactory): Tested 106824 input feature(s) -- 40491 feature(s) passed and 66333 feature(s) failed
2013-02-27 15:35:51|   4.3|  0.0|STATS |Tester_PASSED Feature Counter -1 7(TeeFactory): Cloned 40491 input feature(s) into 40491 output feature(s)
2013-02-27 15:35:51|   4.3|  0.0|STATS |AttributeCreator_2(TeeFactory): Cloned 40491 input feature(s) into 40491 output feature(s)
2013-02-27 15:35:51|   4.3|  0.0|STATS |AttributeCreator_2_OUTPUT Feature Counter -1 12(TeeFactory): Cloned 40491 input feature(s) into 40491 output feature(s)
2013-02-27 15:35:51|   4.3|  0.0|INFORM|Sorter_2(SortFactory): Starting sorting 40491 feature(s)
2013-02-27 15:35:51|   4.4|  0.0|INFORM|Sorter_2(SortFactory): Done sorting 40491 feature(s)
2013-02-27 15:35:51|   4.4|  0.1|INFORM|Sorter_2(SortFactory): Completed 9.88% of intermediate processing
2013-02-27 15:35:51|   4.5|  0.1|INFORM|Sorter_2(SortFactory): Completed 22.23% of intermediate processing
2013-02-27 15:35:51|   4.6|  0.1|INFORM|Sorter_2(SortFactory): Completed 34.58% of intermediate processing
2013-02-27 15:35:52|   4.6|  0.1|INFORM|Sorter_2(SortFactory): Completed 46.92% of intermediate processing
2013-02-27 15:35:52|   4.7|  0.1|INFORM|Sorter_2(SortFactory): Completed 59.27% of intermediate processing
2013-02-27 15:35:52|   4.8|  0.1|INFORM|Sorter_2(SortFactory): Completed 71.62% of intermediate processing
2013-02-27 15:35:52|   4.9|  0.1|INFORM|Sorter_2(SortFactory): Completed 83.97% of intermediate processing
2013-02-27 15:35:52|   4.9|  0.1|INFORM|Sorter_2(SortFactory): Completed 96.32% of intermediate processing
2013-02-27 15:35:52|   5.0|  0.0|STATS |Sorter_2(SortFactory): Sorted 40491 feature(s)
2013-02-27 15:35:52|   5.0|  0.0|STATS |Sorter_2_SORTED Feature Counter -1 16(TeeFactory): Cloned 40491 input feature(s) into 40491 output feature(s)
2013-02-27 15:35:52|   5.0|  0.0|STATS |Storing feature(s) to FME feature store file `C:\Users\aross\AppData\Local\Temp\matchGFI_3_153547\inspector.ffs'
2013-02-27 15:36:04|   7.8|  2.9|STATS |PythonCaller OUTPUT Splitter(TeeFactory): Cloned 19999 input feature(s) into 39998 output feature(s)
2013-02-27 15:36:04|   7.8|  0.0|STATS |PythonCaller_OUTPUT_0 Feature Counter -1 18(TeeFactory): Cloned 19999 input feature(s) into 19999 output feature(s)
2013-02-27 15:36:04|   7.8|  0.0|STATS |PythonCaller_OUTPUT_1 Feature Counter -1 20(TeeFactory): Cloned 19999 input feature(s) into 19999 output feature(s)
2013-02-27 15:36:04|   7.8|  0.0|STATS |PythonCaller_OUTPUT_DirCreator(CreationFactory): Created 1 features
2013-02-27 15:36:04|   7.8|  0.0|STATS |PythonCaller_OUTPUT_DirCreatorCleanerUpper(TeeFactory): Cloned 1 input feature(s) into 0 output feature(s)
2013-02-27 15:36:04|   7.8|  0.0|STATS |PythonCaller_OUTPUT_FeatureDirector(TestFactory): Tested 19999 input feature(s) -- 0 feature(s) passed and 19999 feature(s) failed
2013-02-27 15:36:04|   7.8|  0.0|STATS |PythonCaller_OUTPUT___FeatureDirector1(TestFactory): Tested 19999 input feature(s) -- 0 feature(s) passed and 19999 feature(s) failed
2013-02-27 15:36:04|   7.8|  0.0|STATS |PythonCaller_OUTPUT_VectorSetterUpper(TeeFactory): Cloned 19999 input feature(s) into 19999 output feature(s)
2013-02-27 15:36:04|   7.8|  0.0|STATS |PythonCaller_OUTPUT___PointCloudThinner(TeeFactory): Cloned 0 input feature(s) into 0 output feature(s)
2013-02-27 15:36:04|   7.8|  0.0|STATS |PythonCaller_OUTPUT_RasterSetterUpper(TeeFactory): Cloned 0 input feature(s) into 0 output feature(s)
2013-02-27 15:36:04|   7.8|  0.0|STATS |Stored 19999 feature(s) to FME feature store file `C:\Users\aross\AppData\Local\Temp\matchGFI_3_153547\inspector.ffs'
2013-02-27 15:36:04|   7.8|  0.0|INFORM|Saving spatial index into file 'C:\Users\aross\AppData\Local\Temp\matchGFI_3_153547\inspector.fsi'
2013-02-27 15:36:04|   7.8|  0.0|INFORM|Finished saving spatial index into file 'C:\Users\aross\AppData\Local\Temp\matchGFI_3_153547\inspector.fsi'
2013-02-27 15:36:04|   7.8|  0.0|INFORM|PythonCaller_OUTPUT_Recorder(RecorderFactory): Recorded 19999 feature(s) to file `C:\Users\aross\AppData\Local\Temp\matchGFI_3_153547\inspector.ffs'
2013-02-27 15:36:04|   7.8|  0.0|STATS |PythonCaller_OUTPUT_1 -> GFImatch Correlator(TeeFactory): Cloned 19999 input feature(s) into 19999 output feature(s)
2013-02-27 15:36:04|   7.8|  0.0|STATS |Final Output Feature Type Router(TestFactory): Tested 19999 input feature(s) -- 19999 feature(s) passed and 0 feature(s) failed
2013-02-27 15:36:04|   7.8|  0.0|STATS |Final Output Nuker(TeeFactory): Cloned 0 input feature(s) into 0 output feature(s)
2013-02-27 15:36:04|   7.8|  0.0|STATS |f_31(CreationFactory): Created 1 features
2013-02-27 15:36:04|   7.8|  0.0|STATS |f_32(TeeFactory): Cloned 1 input feature(s) into 0 output feature(s)
2013-02-27 15:36:04|   7.9|  0.0|INFORM|SQLite 3 Writer: Closing `C:\AndrewRoss\Work\AR_Whistler\Data\whistlerData02.db' . Write operation complete
2013-02-27 15:36:04|   7.9|  0.0|STATS |=-=-=-=-=-=-=-=-=-=-=-=-=-=-=-=-=-=-=-=-=-=-=-=-=-=-=-=-=-=-=-=-=-=-=-=-=-=-=-
2013-02-27 15:36:04|   7.9|  0.0|STATS |                            Features Read Summary
2013-02-27 15:36:04|   7.9|  0.0|STATS |=-=-=-=-=-=-=-=-=-=-=-=-=-=-=-=-=-=-=-=-=-=-=-=-=-=-=-=-=-=-=-=-=-=-=-=-=-=-=-
2013-02-27 15:36:04|   7.9|  0.0|STATS |==============================================================================
2013-02-27 15:36:04|   7.9|  0.0|STATS |Total Features Read                                                          0
2013-02-27 15:36:04|   7.9|  0.0|STATS |=-=-=-=-=-=-=-=-=-=-=-=-=-=-=-=-=-=-=-=-=-=-=-=-=-=-=-=-=-=-=-=-=-=-=-=-=-=-=-
2013-02-27 15:36:04|   7.9|  0.0|STATS |=-=-=-=-=-=-=-=-=-=-=-=-=-=-=-=-=-=-=-=-=-=-=-=-=-=-=-=-=-=-=-=-=-=-=-=-=-=-=-
2013-02-27 15:36:04|   7.9|  0.0|STATS |                           Features Written Summary
2013-02-27 15:36:04|   7.9|  0.0|STATS |=-=-=-=-=-=-=-=-=-=-=-=-=-=-=-=-=-=-=-=-=-=-=-=-=-=-=-=-=-=-=-=-=-=-=-=-=-=-=-
2013-02-27 15:36:04|   7.9|  0.0|STATS |GFImatch                                                                 19999
2013-02-27 15:36:04|   7.9|  0.0|STATS |==============================================================================
2013-02-27 15:36:04|   7.9|  0.0|STATS |Total Features Written                                                   19999
2013-02-27 15:36:04|   7.9|  0.0|STATS |=-=-=-=-=-=-=-=-=-=-=-=-=-=-=-=-=-=-=-=-=-=-=-=-=-=-=-=-=-=-=-=-=-=-=-=-=-=-=-
2013-02-27 15:36:04|   7.9|  0.0|INFORM|Translation was SUCCESSFUL with 0 warning(s) (19999 feature(s) output)
2013-02-27 15:36:04|   7.9|  0.0|INFORM|FME Session Duration: 17.6 seconds. (CPU: 7.3s user, 0.5s system)
2013-02-27 15:36:04|   7.9|  0.0|INFORM|END - ProcessID: 9792, peak process memory usage: 217256 kB, current process memory usage: 179924 kB
