2013-02-25 12:18:03|   0.1|  0.1|INFORM|Feature Manipulation Engine 2012 SP2 (20120417 - Build 12238 - WIN64)
2013-02-25 12:18:03|   0.1|  0.0|INFORM|FME_HOME is 'C:\Program Files\FME\'
2013-02-25 12:18:03|   0.1|  0.0|INFORM|FME ESRI Edition (node locked-crc)
2013-02-25 12:18:03|   0.1|  0.0|INFORM|Serial Number: SAF000971
2013-02-25 12:18:03|   0.1|  0.0|INFORM|Permanent License.
2013-02-25 12:18:03|   0.1|  0.0|INFORM|Machine host name is: VTCW0105
2013-02-25 12:18:03|   0.1|  0.0|INFORM|START - ProcessID: 4332, peak process memory usage: 31692 kB, current process memory usage: 31608 kB
2013-02-25 12:18:03|   0.1|  0.0|INFORM|FME Configuration: Command line arguments are `C:\Program Files\FME\fme.exe' `C:\AndrewRoss\Work\AR_Whistler\FME\wb-xlate-1361823483181_1624' `LOG_STANDARDOUT' `YES' `LogCount' `C:\Users\aross\AppData\Local\Temp\wb-xlate-counts-1361823483185_1624'
2013-02-25 12:18:03|   0.1|  0.0|INFORM|Shared directories for formats are : C:\Program Files\FME\datasources;G:\BusinessIntelligence\Data\Resource\FME\Formats;C:\AndrewRoss\FME\Formats
2013-02-25 12:18:03|   0.1|  0.0|INFORM|Shared directories for transformers are : F:\My Documents\FME\Transformers;C:\Program Files\FME\transformers;G:\BusinessIntelligence\Data\Resource\FME\Transformers;C:\AndrewRoss\FME\Transformers;C:\Users\aross\AppData\Roaming\Safe Software\FME\FME Store\Transformers
2013-02-25 12:18:03|   0.1|  0.0|INFORM|Shared directories for coordinate systems are : G:\BusinessIntelligence\Data\Resource\FME\CoordinateSystems;C:\AndrewRoss\FME\CoordinateSystems
2013-02-25 12:18:03|   0.1|  0.0|INFORM|Shared directories for coordinate system exceptions are : G:\BusinessIntelligence\Data\Resource\FME\CoordinateSystemExceptions;C:\AndrewRoss\FME\CoordinateSystemExceptions
2013-02-25 12:18:03|   0.1|  0.0|INFORM|Shared directories for transformer categories are : G:\BusinessIntelligence\Data\Resource\FME\TransformerCategories;C:\AndrewRoss\FME\TransformerCategories
2013-02-25 12:18:03|   0.1|  0.0|INFORM|FME Configuration: Reader Keyword is `SHAPE_1'
2013-02-25 12:18:03|   0.1|  0.0|INFORM|FME Configuration: Writer Keyword is `SQLITE3_1'
2013-02-25 12:18:03|   0.1|  0.0|INFORM|FME Configuration: Writer Group Definition Keyword is `SQLITE3_1_DEF'
2013-02-25 12:18:03|   0.1|  0.0|INFORM|FME Configuration: Reader type is `SHAPE'
2013-02-25 12:18:03|   0.1|  0.0|INFORM|FME Configuration: Writer type is `SQLITE3'
2013-02-25 12:18:03|   0.1|  0.0|INFORM|FME Configuration: No destination coordinate system set
2013-02-25 12:18:03|   0.1|  0.0|INFORM|FME Configuration: Geometry Handling Mode is `Enhanced' 
2013-02-25 12:18:03|   0.1|  0.0|INFORM|FME Configuration: Current working directory is `C:\AndrewRoss\Work\AR_Whistler\FME'
2013-02-25 12:18:03|   0.1|  0.0|INFORM|FME Configuration: Temporary directory is `C:\Users\aross\AppData\Local\Temp'
2013-02-25 12:18:03|   0.1|  0.0|INFORM|FME Configuration: FME_HOME is `C:\Program Files\FME\'
2013-02-25 12:18:03|   0.1|  0.0|INFORM|FME Configuration: FME_BASE is 'no'
2013-02-25 12:18:03|   0.1|  0.0|INFORM|FME Configuration: FME_MF_DIR is 'C:\AndrewRoss\Work\AR_Whistler\FME/'
2013-02-25 12:18:03|   0.1|  0.0|INFORM|FME Configuration: FME_MF_NAME is 'stopsAPCmatch.fmw'
2013-02-25 12:18:03|   0.1|  0.0|INFORM|FME Configuration: FME_PRODUCT_NAME is 'FME(R) 2012 SP2'
2013-02-25 12:18:03|   0.1|  0.0|INFORM|System Status: 83143MB of disk space available in the FME temporary directory (C:\Users\aross\AppData\Local\Temp\)
2013-02-25 12:18:03|   0.1|  0.0|INFORM|System Status: 8388428MB of virtual memory available
2013-02-25 12:18:03|   0.1|  0.0|INFORM|Operating System: Microsoft Windows 7 x64 Service Pack 1 (Build 7601)
2013-02-25 12:18:03|   0.1|  0.0|INFORM|FME Platform: WIN64
2013-02-25 12:18:03|   0.1|  0.0|INFORM|Locale: en_CA
2013-02-25 12:18:03|   0.1|  0.0|INFORM|Code Page: 1252  (ANSI - Latin I)
2013-02-25 12:18:03|   0.1|  0.0|INFORM|FME Configuration: Process limit is 8150 MB (out of 8150 MB physical memory and 8388607 MB address space)
2013-02-25 12:18:03|   0.1|  0.0|INFORM|FME Configuration: Start freeing memory when process usage exceeds 4890 MB of memory or 8388007 MB of address space
2013-02-25 12:18:03|   0.1|  0.0|INFORM|FME Configuration: Stop freeing memory when process usage is below 3667 MB of memory and 6291005 MB of address space
2013-02-25 12:18:03|   0.1|  0.0|INFORM|FME Configuration: Autodetermining optimal maximum number of objects in memory
2013-02-25 12:18:03|   0.2|  0.0|INFORM|Trying to find a DYNAMIC plugin for writer named `SQLITE3'
2013-02-25 12:18:03|   0.2|  0.0|INFORM|Loaded module 'SQLITE3' from file 'C:\Program Files\FME\plugins/SQLITE3.dll'
2013-02-25 12:18:03|   0.2|  0.0|INFORM|FME API version of module 'SQLITE3' matches current internal version (3.7 20111219)
2013-02-25 12:18:03|   0.2|  0.0|INFORM|Using Shape Reader $Revision: 87058 $ ( $Date: 2012-03-06 13:27:58 -0800 (Tue, 06 Mar 2012) $ ) to read shape files from directory `C:\AndrewRoss\Basedata\Transit\Stops/'
2013-02-25 12:18:03|   0.2|  0.0|INFORM|SHAPE_1 Reader: Using enhanced geometry
2013-02-25 12:18:03|   0.2|  0.0|INFORM|Shape Reader: Allowing attribute names with mixed case
2013-02-25 12:18:03|   0.2|  0.0|INFORM|Opened Shape File C:\AndrewRoss\Basedata\Transit\Stops\BusStops.shp for input
2013-02-25 12:18:03|   0.2|  0.0|INFORM|Opened DBF File 'C:\AndrewRoss\Basedata\Transit\Stops\BusStops.dbf' for input
2013-02-25 12:18:03|   0.2|  0.0|INFORM|DBF File 'C:\AndrewRoss\Basedata\Transit\Stops\BusStops.dbf' has fields: STOPID number(7,0), STOPNAME char(75), STOPCLASS number(2,0), LATITUDE number(15,10), LONGITUDE number(15,10), STATUS char(14), BCTREGION char(35), REGDIST char(35), BCTSYSTEM char(35), EXCHANGE char(35), PARKNRIDE char(35), AREANAME char(35), ADDNUMBER number(6,0), ADDSTREET char(35), ADDCITY char(35), STOPOWNER char(35), STOPRESP char(1), SBOWNER char(35), SBRESP char(35), BSSIGNAGE number(2,0), STOPIDDIS number(2,0), SIGNPOST number(2,0), SCHEDHOLD number(2,0), RTID number(2,0), BENCH number(2,0), SHELTER number(2,0), MAPDISPLAY number(2,0), ADVERT number(2,0), GARBAGEBIN number(2,0), HEATING number(2,0), LIGHTING number(2,0), SHADE number(2,0), ACCESSIBLE number(2,0), SURFACE number(2,0), CSD number(2,0), CURBHEIGHT number(3,0), CPLA number(2,0), TGSI number(2,0), SIDEWALK number(2,0), COMMENTS char(254), MODDATE date
2013-02-25 12:18:03|   0.3|  0.2|INFORM|Predefined coordinate system `BCALB-83' (Albers Equal Area, Province of British Columbia, Canada) matches dataset coordinate system 
2013-02-25 12:18:03|   0.3|  0.0|INFORM|The OGC definition of the FME coordinate system 'BCALB-83' is 'PROJCS["NAD83 / BC Albers",GEOGCS["GCS_North_American_1983",DATUM["D_North_American_1983",SPHEROID["Geodetic_Reference_System_of_1980",6378137,298.2572221009113]],PRIMEM["Greenwich",0],UNIT["Degree",0.017453292519943295]],PROJECTION["Albers"],PARAMETER["standard_parallel_1",50],PARAMETER["standard_parallel_2",58.5],PARAMETER["latitude_of_origin",45],PARAMETER["central_meridian",-126],PARAMETER["false_easting",1000000],PARAMETER["false_northing",0],UNIT["Meter",1]]'
2013-02-25 12:18:03|   0.3|  0.0|INFORM|FME Configuration: Source coordinate system for reader SHAPE_1[SHAPE] set to `BCALB-83' as read from input data
2013-02-25 12:18:03|   0.3|  0.0|INFORM|Coordinate System `BCALB-83' parameters: CS_NAME=`BCALB-83' DESC_NM=`Albers Equal Area, Province of British Columbia, Canada' DT_NAME=`NAD83' EPSG=`3005' ESRI_WKT=`PROJCS["NAD83 / BC Albers",GEOGCS["GCS_North_American_1983",DATUM["D_North_American_1983",SPHEROID["Geodetic_Reference_System_of_1980",6378137,298.2572221009113]],PRIMEM["Greenwich",0],UNIT["Degree",0.017453292519943295]],PROJECTION["Albers"],PARAMETER["standard_parallel_1",50],PARAMETER["standard_parallel_2",58.5],PARAMETER["latitude_of_origin",45],PARAMETER["central_meridian",-126],PARAMETER["false_easting",1000000],PARAMETER["false_northing",0],UNIT["Meter",1]]' GROUP=`CANADA' MAP_SCL=`1' ORG_LAT=`45' ORG_LNG=`-126' PARM1=`50' PARM2=`58.5' PROJ=`AE' QUAD=`1' SCL_RED=`1' UNIT=`METER' X_OFF=`1000000' 
2013-02-25 12:18:04|   0.3|  0.0|INFORM|Coordinate System `BCALB-83' as OGC Well Known Text: PROJCS["Albers Equal Area, Province of British Columbia, Canada",GEOGCS["NAD83",DATUM["North_American_Datum_1983",SPHEROID["Geodetic Reference System of 1980",6378137,298.2572221009113,AUTHORITY["EPSG","7019"]],AUTHORITY["EPSG","6269"]],PRIMEM["Greenwich",0],UNIT["degree",0.0174532925199433],AUTHORITY["EPSG","4269"]],PROJECTION["Albers_Conic_Equal_Area"],PARAMETER["standard_parallel_1",50],PARAMETER["standard_parallel_2",58.5],PARAMETER["latitude_of_center",45],PARAMETER["longitude_of_center",-126],PARAMETER["false_easting",1000000],PARAMETER["false_northing",0],UNIT["METER",1],AUTHORITY["EPSG","3005"]]
2013-02-25 12:18:04|   0.3|  0.0|INFORM|FME API version of module 'SQLITE3' matches current internal version (3.7 20111219)
2013-02-25 12:18:04|   0.4|  0.0|INFORM|FME API version of module 'SQLITE3' matches current internal version (3.7 20111219)
2013-02-25 12:18:04|   0.4|  0.0|INFORM|SQLite 3 Writer: Opening `C:\AndrewRoss\Work\AR_Whistler\Data\whistlerData02.db' for write operation
2013-02-25 12:18:04|   0.4|  0.0|INFORM|Loaded module 'LogCount_func' from file 'C:\Program Files\FME\plugins/LogCount_func.dll'
2013-02-25 12:18:04|   0.4|  0.0|INFORM|FME API version of module 'LogCount_func' matches current internal version (3.7 20111219)
2013-02-25 12:18:04|   0.4|  0.0|INFORM|Loaded module 'QueryFactory' from file 'C:\Program Files\FME\plugins/QueryFactory.dll'
2013-02-25 12:18:04|   0.4|  0.0|INFORM|FME API version of module 'QueryFactory' matches current internal version (3.7 20111219)
2013-02-25 12:18:04|   0.4|  0.0|INFORM|FME Configuration: Using FME Reprojection Engine
2013-02-25 12:18:04|   0.4|  0.0|INFORM|Shape Reader: Bounding box of shapefile `C:\AndrewRoss\Basedata\Transit\Stops\BUSSTOPS' is: (1163682.81136381,372486.368156774),(1477941.94588088,665856.924213917)
2013-02-25 12:18:04|   0.4|  0.0|INFORM|Shape Reader: Bounding box of shapefile(s) selected from directory `C:\AndrewRoss\Basedata\Transit\Stops/' is: (1163682.81136381,372486.368156774),(1477941.94588088,665856.924213917)
2013-02-25 12:18:04|   0.4|  0.0|INFORM|Trying to find a DYNAMIC plugin for reader named `SQLITE3'
2013-02-25 12:18:04|   0.4|  0.0|INFORM|FME API version of module 'SQLITE3' matches current internal version (3.7 20111219)
2013-02-25 12:18:04|   0.4|  0.0|INFORM|SQLCreator(QueryFactory): Performing query against SQLITE3 dataset `C:\AndrewRoss\Work\AR_Whistler\Data\whistlerData02.db'
2013-02-25 12:18:04|   0.4|  0.0|INFORM|SQLite 3 Reader: Opening `C:\AndrewRoss\Work\AR_Whistler\Data\whistlerData02.db' for read operation
2013-02-25 12:18:05|   1.6|  1.1|INFORM|SQLite 3 Reader: Database read complete.  Retrieved 20418 feature(s)
2013-02-25 12:18:05|   1.7|  0.1|INFORM|Reading source feature # 2500
2013-02-25 12:18:05|   1.8|  0.1|INFORM|Emptying factory pipeline
2013-02-25 12:18:05|   1.8|  0.0|STATS |Unexpected Input Remover(TestFactory): Tested 4471 input feature(s) -- 4471 feature(s) passed and 0 feature(s) failed
2013-02-25 12:18:05|   1.8|  0.0|STATS |Unexpected Input Remover Nuker(TeeFactory): Cloned 0 input feature(s) into 0 output feature(s)
2013-02-25 12:18:05|   1.8|  0.0|STATS |Source -> Generic(TeeFactory): Cloned 4471 input feature(s) into 4471 output feature(s)
2013-02-25 12:18:05|   1.8|  0.0|STATS |BusStops Feature Counter -1 8(TeeFactory): Cloned 4471 input feature(s) into 4471 output feature(s)
2013-02-25 12:18:05|   1.8|  0.0|STATS |SQLCreator_Creator(CreationFactory): Created 1 features
2013-02-25 12:18:05|   1.8|  0.0|INFORM|SQLite 3 Reader: Closing `C:\AndrewRoss\Work\AR_Whistler\Data\whistlerData02.db' . Read operation complete
2013-02-25 12:18:05|   1.8|  0.0|STATS |SQLCreator_RESULT Feature Counter -1 2(TeeFactory): Cloned 20418 input feature(s) into 20418 output feature(s)
2013-02-25 12:18:05|   1.8|  0.0|STATS |2DPointReplacer(TestFactory): Tested 20418 input feature(s) -- 0 feature(s) passed and 20418 feature(s) failed
2013-02-25 12:18:05|   1.8|  0.0|STATS |2DPointReplacer_POINT Feature Counter -1 4(TeeFactory): Cloned 20418 input feature(s) into 20418 output feature(s)
2013-02-25 12:18:05|   1.8|  0.0|STATS |Reprojector(TeeFactory): Cloned 20418 input feature(s) into 20418 output feature(s)
2013-02-25 12:18:05|   1.8|  0.0|STATS |Reprojector_REPROJECTED Feature Counter -1 7(TeeFactory): Cloned 20418 input feature(s) into 20418 output feature(s)
2013-02-25 12:18:05|   1.8|  0.0|INFORM|Processing base feature(s)...
2013-02-25 12:18:05|   1.8|  0.0|INFORM|FME Configuration: Destination coordinate system set to input coordinate system `BCALB-83'
2013-02-25 12:18:10|   2.9|  1.1|INFORM|Processing 45.54% complete
2013-02-25 12:18:15|   3.9|  1.0|INFORM|Processing 88.64% complete
2013-02-25 12:18:16|   4.2|  0.3|STATS |NeighborFinder(ProximityFactory): Input Summary:  20418 base feature(s), 4471 candidate feature(s)
2013-02-25 12:18:16|   4.2|  0.0|STATS |NeighborFinder(ProximityFactory): Output Summary: 19769 matched feature(s), 649 unmatched base feature(s)
2013-02-25 12:18:16|   4.2|  0.0|STATS |NeighborFinder_MATCHED Feature Counter -1 10(TeeFactory): Cloned 19769 input feature(s) into 19769 output feature(s)
2013-02-25 12:18:16|   4.2|  0.0|STATS |NeighborFinder_MATCHED -> stopsAPCmatch Correlator(TeeFactory): Cloned 19769 input feature(s) into 19769 output feature(s)
2013-02-25 12:18:16|   4.2|  0.0|STATS |Final Output Feature Type Router(TestFactory): Tested 19769 input feature(s) -- 19769 feature(s) passed and 0 feature(s) failed
2013-02-25 12:18:16|   4.2|  0.0|STATS |Final Output Nuker(TeeFactory): Cloned 0 input feature(s) into 0 output feature(s)
2013-02-25 12:18:16|   4.2|  0.0|INFORM|SQLite 3 Writer: Closing `C:\AndrewRoss\Work\AR_Whistler\Data\whistlerData02.db' . Write operation complete
2013-02-25 12:18:16|   4.2|  0.0|STATS |=-=-=-=-=-=-=-=-=-=-=-=-=-=-=-=-=-=-=-=-=-=-=-=-=-=-=-=-=-=-=-=-=-=-=-=-=-=-=-
2013-02-25 12:18:16|   4.2|  0.0|STATS |                            Features Read Summary
2013-02-25 12:18:16|   4.2|  0.0|STATS |=-=-=-=-=-=-=-=-=-=-=-=-=-=-=-=-=-=-=-=-=-=-=-=-=-=-=-=-=-=-=-=-=-=-=-=-=-=-=-
2013-02-25 12:18:16|   4.2|  0.0|STATS |BusStops                                                                  4471
2013-02-25 12:18:16|   4.2|  0.0|STATS |==============================================================================
2013-02-25 12:18:16|   4.2|  0.0|STATS |Total Features Read                                                       4471
2013-02-25 12:18:16|   4.2|  0.0|STATS |=-=-=-=-=-=-=-=-=-=-=-=-=-=-=-=-=-=-=-=-=-=-=-=-=-=-=-=-=-=-=-=-=-=-=-=-=-=-=-
2013-02-25 12:18:16|   4.2|  0.0|STATS |=-=-=-=-=-=-=-=-=-=-=-=-=-=-=-=-=-=-=-=-=-=-=-=-=-=-=-=-=-=-=-=-=-=-=-=-=-=-=-
2013-02-25 12:18:16|   4.2|  0.0|STATS |                           Features Written Summary
2013-02-25 12:18:16|   4.2|  0.0|STATS |=-=-=-=-=-=-=-=-=-=-=-=-=-=-=-=-=-=-=-=-=-=-=-=-=-=-=-=-=-=-=-=-=-=-=-=-=-=-=-
2013-02-25 12:18:16|   4.2|  0.0|STATS |stopsAPCmatch                                                            19769
2013-02-25 12:18:16|   4.2|  0.0|STATS |==============================================================================
2013-02-25 12:18:16|   4.2|  0.0|STATS |Total Features Written                                                   19769
2013-02-25 12:18:16|   4.2|  0.0|STATS |=-=-=-=-=-=-=-=-=-=-=-=-=-=-=-=-=-=-=-=-=-=-=-=-=-=-=-=-=-=-=-=-=-=-=-=-=-=-=-
2013-02-25 12:18:16|   4.2|  0.0|INFORM|Translation was SUCCESSFUL with 0 warning(s) (19769 feature(s) output)
2013-02-25 12:18:16|   4.2|  0.0|INFORM|FME Session Duration: 12.9 seconds. (CPU: 3.7s user, 0.5s system)
2013-02-25 12:18:16|   4.2|  0.0|INFORM|END - ProcessID: 4332, peak process memory usage: 153064 kB, current process memory usage: 83788 kB
